running develop
Removing /home/opencw/.openclaw/openclaw-ros/projects/05_surveillance_pro/src/surveillance_logic/install/surveillance_logic/lib/python3.12/site-packages/surveillance-logic.egg-link (link to .)
running egg_info
writing build/surveillance_logic/surveillance_logic.egg-info/PKG-INFO
writing dependency_links to build/surveillance_logic/surveillance_logic.egg-info/dependency_links.txt
writing requirements to build/surveillance_logic/surveillance_logic.egg-info/requires.txt
writing top-level names to build/surveillance_logic/surveillance_logic.egg-info/top_level.txt
reading manifest file 'build/surveillance_logic/surveillance_logic.egg-info/SOURCES.txt'
adding license file 'LICENSE'
writing manifest file 'build/surveillance_logic/surveillance_logic.egg-info/SOURCES.txt'
running build
running build_py
creating /home/opencw/.openclaw/openclaw-ros/projects/05_surveillance_pro/src/surveillance_logic/build/surveillance_logic/build
creating /home/opencw/.openclaw/openclaw-ros/projects/05_surveillance_pro/src/surveillance_logic/build/surveillance_logic/build/lib
creating /home/opencw/.openclaw/openclaw-ros/projects/05_surveillance_pro/src/surveillance_logic/build/surveillance_logic/build/lib/surveillance_logic
copying surveillance_logic/__init__.py -> /home/opencw/.openclaw/openclaw-ros/projects/05_surveillance_pro/src/surveillance_logic/build/surveillance_logic/build/lib/surveillance_logic
copying surveillance_logic/py.typed -> /home/opencw/.openclaw/openclaw-ros/projects/05_surveillance_pro/src/surveillance_logic/build/surveillance_logic/build/lib/surveillance_logic
running install
running install_lib
creating /home/opencw/.openclaw/openclaw-ros/projects/05_surveillance_pro/src/surveillance_logic/install/surveillance_logic/lib/python3.12/site-packages/surveillance_logic
copying /home/opencw/.openclaw/openclaw-ros/projects/05_surveillance_pro/src/surveillance_logic/build/surveillance_logic/build/lib/surveillance_logic/py.typed -> /home/opencw/.openclaw/openclaw-ros/projects/05_surveillance_pro/src/surveillance_logic/install/surveillance_logic/lib/python3.12/site-packages/surveillance_logic
copying /home/opencw/.openclaw/openclaw-ros/projects/05_surveillance_pro/src/surveillance_logic/build/surveillance_logic/build/lib/surveillance_logic/__init__.py -> /home/opencw/.openclaw/openclaw-ros/projects/05_surveillance_pro/src/surveillance_logic/install/surveillance_logic/lib/python3.12/site-packages/surveillance_logic
byte-compiling /home/opencw/.openclaw/openclaw-ros/projects/05_surveillance_pro/src/surveillance_logic/install/surveillance_logic/lib/python3.12/site-packages/surveillance_logic/__init__.py to __init__.cpython-312.pyc
running install_data
copying resource/surveillance_logic -> /home/opencw/.openclaw/openclaw-ros/projects/05_surveillance_pro/src/surveillance_logic/install/surveillance_logic/share/ament_index/resource_index/packages
copying package.xml -> /home/opencw/.openclaw/openclaw-ros/projects/05_surveillance_pro/src/surveillance_logic/install/surveillance_logic/share/surveillance_logic
running install_egg_info
Copying build/surveillance_logic/surveillance_logic.egg-info to /home/opencw/.openclaw/openclaw-ros/projects/05_surveillance_pro/src/surveillance_logic/install/surveillance_logic/lib/python3.12/site-packages/surveillance_logic-0.0.0-py3.12.egg-info
running install_scripts
writing list of installed files to '/home/opencw/.openclaw/openclaw-ros/projects/05_surveillance_pro/src/surveillance_logic/build/surveillance_logic/install.log'
