[0.000000] (-) TimerEvent: {}
[0.000215] (surveillance_logic) JobQueued: {'identifier': 'surveillance_logic', 'dependencies': OrderedDict()}
[0.001715] (surveillance_logic) JobStarted: {'identifier': 'surveillance_logic'}
[0.099234] (-) TimerEvent: {}
[0.199630] (-) TimerEvent: {}
[0.299987] (-) TimerEvent: {}
[0.400326] (-) TimerEvent: {}
[0.500688] (-) TimerEvent: {}
[0.601045] (-) TimerEvent: {}
[0.701402] (-) TimerEvent: {}
[0.801706] (-) TimerEvent: {}
[0.902109] (-) TimerEvent: {}
[1.002657] (-) TimerEvent: {}
[1.103149] (-) TimerEvent: {}
[1.203651] (-) TimerEvent: {}
[1.303999] (-) TimerEvent: {}
[1.404384] (-) TimerEvent: {}
[1.504688] (-) TimerEvent: {}
[1.604978] (-) TimerEvent: {}
[1.705272] (-) TimerEvent: {}
[1.805607] (-) TimerEvent: {}
[1.905923] (-) TimerEvent: {}
[2.006237] (-) TimerEvent: {}
[2.106591] (-) TimerEvent: {}
[2.206888] (-) TimerEvent: {}
[2.307182] (-) TimerEvent: {}
[2.407518] (-) TimerEvent: {}
[2.507824] (-) TimerEvent: {}
[2.608124] (-) TimerEvent: {}
[2.708443] (-) TimerEvent: {}
[2.808739] (-) TimerEvent: {}
[2.909036] (-) TimerEvent: {}
[3.009377] (-) TimerEvent: {}
[3.109692] (-) TimerEvent: {}
[3.210004] (-) TimerEvent: {}
[3.310527] (-) TimerEvent: {}
[3.411049] (-) TimerEvent: {}
[3.474252] (surveillance_logic) Command: {'cmd': ['/usr/bin/python3', '-W', 'ignore:setup.py install is deprecated', '-W', 'ignore:easy_install command is deprecated', 'setup.py', 'egg_info', '--egg-base', 'build/surveillance_logic', 'build', '--build-base', '/home/opencw/.openclaw/openclaw-ros/projects/05_surveillance_pro/src/surveillance_logic/build/surveillance_logic/build', 'install', '--record', '/home/opencw/.openclaw/openclaw-ros/projects/05_surveillance_pro/src/surveillance_logic/build/surveillance_logic/install.log', '--single-version-externally-managed', 'install_data'], 'cwd': '/home/opencw/.openclaw/openclaw-ros/projects/05_surveillance_pro/src/surveillance_logic', 'env': {'USER': 'opencw', 'OPENCLAW_SYSTEMD_UNIT': 'openclaw-gateway.service', 'SHLVL': '1', 'LD_LIBRARY_PATH': '/opt/ros/kilted/lib/aarch64-linux-gnu:/opt/ros/kilted/lib', 'VIPSHOME': '/target', 'HOME': '/home/opencw', 'OPENCLAW_GATEWAY_TOKEN': '7ea1fb367e0e502879fcb10db1a1366b776651c7d921334b', 'OLDPWD': '/home/opencw/.openclaw/workspace', 'ROS_PYTHON_VERSION': '3', 'GTK_MODULES': 'gail:atk-bridge', 'NODE_NO_WARNINGS': '1', 'MANAGERPID': '1557', 'SYSTEMD_EXEC_PID': '4964', 'GSM_SKIP_SSH_AGENT_WORKAROUND': 'true', 'DBUS_SESSION_BUS_ADDRESS': 'unix:path=/run/user/1000/bus', 'OPENCLAW_SERVICE_VERSION': '2026.2.9', 'ROS_DISTRO': 'kilted', 'LOGNAME': 'opencw', 'JOURNAL_STREAM': '8:37648', '_': '/usr/bin/colcon', 'ROS_VERSION': '2', 'MEMORY_PRESSURE_WATCH': '/sys/fs/cgroup/user.slice/user-1000.slice/user@1000.service/app.slice/openclaw-gateway.service/memory.pressure', 'PATH': '/opt/ros/kilted/bin:/usr/local/bin:/usr/bin:/bin:/home/opencw/.local/bin:/home/opencw/.npm-global/bin:/home/opencw/bin:/home/opencw/.nvm/current/bin:/home/opencw/.fnm/current/bin:/home/opencw/.volta/bin:/home/opencw/.asdf/shims:/home/opencw/.local/share/pnpm:/home/opencw/.bun/bin', 'INVOCATION_ID': 'da7fd63d257d4c74acec77a4bfb7e78c', 'XDG_RUNTIME_DIR': '/run/user/1000', 'LANG': 'C.UTF-8', 'OPENCLAW_GATEWAY_PORT': '18789', 'SSH_AUTH_SOCK': '/run/user/1000/gnupg/S.gpg-agent.ssh', 'AMENT_PREFIX_PATH': '/opt/ros/kilted', 'SHELL': '/usr/bin/zsh', 'QT_ACCESSIBILITY': '1', 'OPENCLAW_SERVICE_KIND': 'gateway', 'OPENCLAW_SERVICE_MARKER': 'openclaw', 'ROS_AUTOMATIC_DISCOVERY_RANGE': 'SUBNET', 'PWD': '/home/opencw/.openclaw/openclaw-ros/projects/05_surveillance_pro/src/surveillance_logic/build/surveillance_logic', 'XDG_DATA_DIRS': '/usr/local/share/:/usr/share/:/var/lib/snapd/desktop', 'PYTHONPATH': '/home/opencw/.openclaw/openclaw-ros/projects/05_surveillance_pro/src/surveillance_logic/build/surveillance_logic/prefix_override:/usr/lib/python3/dist-packages/colcon_core/task/python/colcon_distutils_commands:/home/opencw/.openclaw/openclaw-ros/projects/05_surveillance_pro/src/surveillance_logic/install/surveillance_logic/lib/python3.12/site-packages:/opt/ros/kilted/lib/python3.12/site-packages', 'COLCON': '1', 'MEMORY_PRESSURE_WRITE': 'c29tZSAyMDAwMDAgMjAwMDAwMAA=', 'OPENCLAW_PATH_BOOTSTRAPPED': '1'}, 'shell': False}
[3.511205] (-) TimerEvent: {}
[3.611555] (-) TimerEvent: {}
[3.711876] (-) TimerEvent: {}
[3.812178] (-) TimerEvent: {}
[3.912571] (-) TimerEvent: {}
[4.012956] (-) TimerEvent: {}
[4.113263] (-) TimerEvent: {}
[4.213615] (-) TimerEvent: {}
[4.313906] (-) TimerEvent: {}
[4.414220] (-) TimerEvent: {}
[4.514576] (-) TimerEvent: {}
[4.583932] (surveillance_logic) StdoutLine: {'line': b'running egg_info\n'}
[4.614724] (-) TimerEvent: {}
[4.656303] (surveillance_logic) StdoutLine: {'line': b'writing build/surveillance_logic/surveillance_logic.egg-info/PKG-INFO\n'}
[4.657730] (surveillance_logic) StdoutLine: {'line': b'writing dependency_links to build/surveillance_logic/surveillance_logic.egg-info/dependency_links.txt\n'}
[4.664318] (surveillance_logic) StdoutLine: {'line': b'writing requirements to build/surveillance_logic/surveillance_logic.egg-info/requires.txt\n'}
[4.665157] (surveillance_logic) StdoutLine: {'line': b'writing top-level names to build/surveillance_logic/surveillance_logic.egg-info/top_level.txt\n'}
[4.714869] (-) TimerEvent: {}
[4.815163] (-) TimerEvent: {}
[4.821879] (surveillance_logic) StdoutLine: {'line': b"reading manifest file 'build/surveillance_logic/surveillance_logic.egg-info/SOURCES.txt'\n"}
[4.823381] (surveillance_logic) StdoutLine: {'line': b"adding license file 'LICENSE'\n"}
[4.825883] (surveillance_logic) StdoutLine: {'line': b"writing manifest file 'build/surveillance_logic/surveillance_logic.egg-info/SOURCES.txt'\n"}
[4.826682] (surveillance_logic) StdoutLine: {'line': b'running build\n'}
[4.827107] (surveillance_logic) StdoutLine: {'line': b'running build_py\n'}
[4.828681] (surveillance_logic) StdoutLine: {'line': b'running install\n'}
[4.852837] (surveillance_logic) StdoutLine: {'line': b'running install_lib\n'}
[4.915321] (-) TimerEvent: {}
[4.933674] (surveillance_logic) StdoutLine: {'line': b'running install_data\n'}
[4.934422] (surveillance_logic) StdoutLine: {'line': b'running install_egg_info\n'}
[5.015505] (-) TimerEvent: {}
[5.017417] (surveillance_logic) StdoutLine: {'line': b"removing '/home/opencw/.openclaw/openclaw-ros/projects/05_surveillance_pro/src/surveillance_logic/install/surveillance_logic/lib/python3.12/site-packages/surveillance_logic-0.0.0-py3.12.egg-info' (and everything under it)\n"}
[5.019189] (surveillance_logic) StdoutLine: {'line': b'Copying build/surveillance_logic/surveillance_logic.egg-info to /home/opencw/.openclaw/openclaw-ros/projects/05_surveillance_pro/src/surveillance_logic/install/surveillance_logic/lib/python3.12/site-packages/surveillance_logic-0.0.0-py3.12.egg-info\n'}
[5.024614] (surveillance_logic) StdoutLine: {'line': b'running install_scripts\n'}
[5.115650] (-) TimerEvent: {}
[5.215959] (-) TimerEvent: {}
[5.316259] (-) TimerEvent: {}
[5.416619] (-) TimerEvent: {}
[5.516935] (-) TimerEvent: {}
[5.602314] (surveillance_logic) StdoutLine: {'line': b"writing list of installed files to '/home/opencw/.openclaw/openclaw-ros/projects/05_surveillance_pro/src/surveillance_logic/build/surveillance_logic/install.log'\n"}
[5.617272] (-) TimerEvent: {}
[5.717999] (-) TimerEvent: {}
[5.767791] (surveillance_logic) CommandEnded: {'returncode': 0}
[5.818205] (-) TimerEvent: {}
[5.822730] (surveillance_logic) JobEnded: {'identifier': 'surveillance_logic', 'rc': 0}
[5.824993] (-) EventReactorShutdown: {}
