[0.000000] (-) TimerEvent: {}
[0.000207] (surveillance_logic) JobQueued: {'identifier': 'surveillance_logic', 'dependencies': OrderedDict()}
[0.001375] (surveillance_logic) JobStarted: {'identifier': 'surveillance_logic'}
[0.099307] (-) TimerEvent: {}
[0.199612] (-) TimerEvent: {}
[0.299918] (-) TimerEvent: {}
[0.400229] (-) TimerEvent: {}
[0.500578] (-) TimerEvent: {}
[0.600863] (-) TimerEvent: {}
[0.701203] (-) TimerEvent: {}
[0.801653] (-) TimerEvent: {}
[0.902106] (-) TimerEvent: {}
[1.002673] (-) TimerEvent: {}
[1.102990] (-) TimerEvent: {}
[1.203321] (-) TimerEvent: {}
[1.303600] (-) TimerEvent: {}
[1.403880] (-) TimerEvent: {}
[1.504166] (-) TimerEvent: {}
[1.604501] (-) TimerEvent: {}
[1.704781] (-) TimerEvent: {}
[1.805062] (-) TimerEvent: {}
[1.905359] (-) TimerEvent: {}
[2.005640] (-) TimerEvent: {}
[2.105918] (-) TimerEvent: {}
[2.206195] (-) TimerEvent: {}
[2.306527] (-) TimerEvent: {}
[2.406811] (-) TimerEvent: {}
[2.507100] (-) TimerEvent: {}
[2.607398] (-) TimerEvent: {}
[2.707706] (-) TimerEvent: {}
[2.807988] (-) TimerEvent: {}
[2.908387] (-) TimerEvent: {}
[3.008710] (-) TimerEvent: {}
[3.109135] (-) TimerEvent: {}
[3.209695] (-) TimerEvent: {}
[3.234865] (surveillance_logic) Command: {'cmd': ['/usr/bin/python3', '-W', 'ignore:setup.py install is deprecated', '-W', 'ignore:easy_install command is deprecated', 'setup.py', 'develop', '--editable', '--build-directory', '/home/opencw/.openclaw/openclaw-ros/projects/05_surveillance_pro/src/surveillance_logic/build/surveillance_logic/build', '--no-deps', 'symlink_data'], 'cwd': '/home/opencw/.openclaw/openclaw-ros/projects/05_surveillance_pro/src/surveillance_logic/build/surveillance_logic', 'env': {'USER': 'opencw', 'OPENCLAW_SYSTEMD_UNIT': 'openclaw-gateway.service', 'SHLVL': '0', 'LD_LIBRARY_PATH': '/opt/ros/kilted/lib/aarch64-linux-gnu:/opt/ros/kilted/lib', 'VIPSHOME': '/target', 'HOME': '/home/opencw', 'OPENCLAW_GATEWAY_TOKEN': '7ea1fb367e0e502879fcb10db1a1366b776651c7d921334b', 'OLDPWD': '/home/opencw/.openclaw/workspace', 'ROS_PYTHON_VERSION': '3', 'GTK_MODULES': 'gail:atk-bridge', 'NODE_NO_WARNINGS': '1', 'MANAGERPID': '1557', 'SYSTEMD_EXEC_PID': '4964', 'GSM_SKIP_SSH_AGENT_WORKAROUND': 'true', 'DBUS_SESSION_BUS_ADDRESS': 'unix:path=/run/user/1000/bus', 'OPENCLAW_SERVICE_VERSION': '2026.2.9', 'ROS_DISTRO': 'kilted', 'LOGNAME': 'opencw', 'JOURNAL_STREAM': '8:37648', '_': '/usr/bin/colcon', 'ROS_VERSION': '2', 'MEMORY_PRESSURE_WATCH': '/sys/fs/cgroup/user.slice/user-1000.slice/user@1000.service/app.slice/openclaw-gateway.service/memory.pressure', 'PATH': '/opt/ros/kilted/bin:/usr/local/bin:/usr/bin:/bin:/home/opencw/.local/bin:/home/opencw/.npm-global/bin:/home/opencw/bin:/home/opencw/.nvm/current/bin:/home/opencw/.fnm/current/bin:/home/opencw/.volta/bin:/home/opencw/.asdf/shims:/home/opencw/.local/share/pnpm:/home/opencw/.bun/bin', 'INVOCATION_ID': 'da7fd63d257d4c74acec77a4bfb7e78c', 'XDG_RUNTIME_DIR': '/run/user/1000', 'LANG': 'C.UTF-8', 'OPENCLAW_GATEWAY_PORT': '18789', 'SSH_AUTH_SOCK': '/run/user/1000/gnupg/S.gpg-agent.ssh', 'AMENT_PREFIX_PATH': '/opt/ros/kilted', 'SHELL': '/usr/bin/zsh', 'QT_ACCESSIBILITY': '1', 'OPENCLAW_SERVICE_KIND': 'gateway', 'OPENCLAW_SERVICE_MARKER': 'openclaw', 'ROS_AUTOMATIC_DISCOVERY_RANGE': 'SUBNET', 'PWD': '/home/opencw/.openclaw/openclaw-ros/projects/05_surveillance_pro/src/surveillance_logic/build/surveillance_logic', 'XDG_DATA_DIRS': '/usr/local/share/:/usr/share/:/var/lib/snapd/desktop', 'PYTHONPATH': '/home/opencw/.openclaw/openclaw-ros/projects/05_surveillance_pro/src/surveillance_logic/build/surveillance_logic/prefix_override:/usr/lib/python3/dist-packages/colcon_core/task/python/colcon_distutils_commands:/home/opencw/.openclaw/openclaw-ros/projects/05_surveillance_pro/src/surveillance_logic/install/surveillance_logic/lib/python3.12/site-packages:/opt/ros/kilted/lib/python3.12/site-packages', 'COLCON': '1', 'MEMORY_PRESSURE_WRITE': 'c29tZSAyMDAwMDAgMjAwMDAwMAA=', 'OPENCLAW_PATH_BOOTSTRAPPED': '1'}, 'shell': False}
[3.309838] (-) TimerEvent: {}
[3.410153] (-) TimerEvent: {}
[3.510512] (-) TimerEvent: {}
[3.610820] (-) TimerEvent: {}
[3.711161] (-) TimerEvent: {}
[3.811515] (-) TimerEvent: {}
[3.911821] (-) TimerEvent: {}
[4.012195] (-) TimerEvent: {}
[4.112596] (-) TimerEvent: {}
[4.212899] (-) TimerEvent: {}
[4.313180] (-) TimerEvent: {}
[4.413513] (-) TimerEvent: {}
[4.513815] (-) TimerEvent: {}
[4.538413] (surveillance_logic) StdoutLine: {'line': b'running develop\n'}
[4.613998] (-) TimerEvent: {}
[4.714350] (-) TimerEvent: {}
[4.814644] (-) TimerEvent: {}
[4.914939] (-) TimerEvent: {}
[5.015231] (-) TimerEvent: {}
[5.115567] (-) TimerEvent: {}
[5.215852] (-) TimerEvent: {}
[5.316146] (-) TimerEvent: {}
[5.336900] (surveillance_logic) StdoutLine: {'line': b'running egg_info\n'}
[5.405345] (surveillance_logic) StdoutLine: {'line': b'writing surveillance_logic.egg-info/PKG-INFO\n'}
[5.406479] (surveillance_logic) StdoutLine: {'line': b'writing dependency_links to surveillance_logic.egg-info/dependency_links.txt\n'}
[5.413167] (surveillance_logic) StdoutLine: {'line': b'writing requirements to surveillance_logic.egg-info/requires.txt\n'}
[5.413969] (surveillance_logic) StdoutLine: {'line': b'writing top-level names to surveillance_logic.egg-info/top_level.txt\n'}
[5.416322] (-) TimerEvent: {}
[5.516602] (-) TimerEvent: {}
[5.563130] (surveillance_logic) StdoutLine: {'line': b"reading manifest file 'surveillance_logic.egg-info/SOURCES.txt'\n"}
[5.566027] (surveillance_logic) StdoutLine: {'line': b"writing manifest file 'surveillance_logic.egg-info/SOURCES.txt'\n"}
[5.616752] (-) TimerEvent: {}
[5.641314] (surveillance_logic) StdoutLine: {'line': b'running build_ext\n'}
[5.642085] (surveillance_logic) StdoutLine: {'line': b'Creating /home/opencw/.openclaw/openclaw-ros/projects/05_surveillance_pro/src/surveillance_logic/install/surveillance_logic/lib/python3.12/site-packages/surveillance-logic.egg-link (link to .)\n'}
[5.644558] (surveillance_logic) StdoutLine: {'line': b'\n'}
[5.645289] (surveillance_logic) StdoutLine: {'line': b'Installed /home/opencw/.openclaw/openclaw-ros/projects/05_surveillance_pro/src/surveillance_logic/build/surveillance_logic\n'}
[5.645653] (surveillance_logic) StdoutLine: {'line': b'running symlink_data\n'}
[5.716997] (-) TimerEvent: {}
[5.797681] (surveillance_logic) CommandEnded: {'returncode': 0}
[5.817235] (-) TimerEvent: {}
[5.863916] (surveillance_logic) JobEnded: {'identifier': 'surveillance_logic', 'rc': 0}
[5.866126] (-) EventReactorShutdown: {}
