[4.017s] Invoking command in '/home/opencw/.openclaw/openclaw-ros/projects/02_turtle_talker/src/turtle_talker/build/turtle_talker': PYTHONPATH=/home/opencw/.openclaw/openclaw-ros/projects/02_turtle_talker/src/turtle_talker/build/turtle_talker/prefix_override:/usr/lib/python3/dist-packages/colcon_core/task/python/colcon_distutils_commands:/home/opencw/.openclaw/openclaw-ros/projects/02_turtle_talker/src/turtle_talker/install/turtle_talker/lib/python3.12/site-packages:${PYTHONPATH} /usr/bin/python3 -W ignore:setup.py install is deprecated -W ignore:easy_install command is deprecated setup.py develop --editable --build-directory /home/opencw/.openclaw/openclaw-ros/projects/02_turtle_talker/src/turtle_talker/build/turtle_talker/build --no-deps symlink_data
[5.281s] running develop
[6.060s] running egg_info
[6.061s] creating turtle_talker.egg-info
[6.128s] writing turtle_talker.egg-info/PKG-INFO
[6.130s] writing dependency_links to turtle_talker.egg-info/dependency_links.txt
[6.130s] writing entry points to turtle_talker.egg-info/entry_points.txt
[6.131s] writing requirements to turtle_talker.egg-info/requires.txt
[6.132s] writing top-level names to turtle_talker.egg-info/top_level.txt
[6.132s] writing manifest file 'turtle_talker.egg-info/SOURCES.txt'
[6.275s] reading manifest file 'turtle_talker.egg-info/SOURCES.txt'
[6.277s] writing manifest file 'turtle_talker.egg-info/SOURCES.txt'
[6.351s] running build_ext
[6.358s] Creating /home/opencw/.openclaw/openclaw-ros/projects/02_turtle_talker/src/turtle_talker/install/turtle_talker/lib/python3.12/site-packages/turtle-talker.egg-link (link to .)
[6.362s] Installing listener script to /home/opencw/.openclaw/openclaw-ros/projects/02_turtle_talker/src/turtle_talker/install/turtle_talker/lib/turtle_talker
[6.363s] Installing talker script to /home/opencw/.openclaw/openclaw-ros/projects/02_turtle_talker/src/turtle_talker/install/turtle_talker/lib/turtle_talker
[6.365s] 
[6.366s] Installed /home/opencw/.openclaw/openclaw-ros/projects/02_turtle_talker/src/turtle_talker/build/turtle_talker
[6.367s] running symlink_data
[6.367s] creating /home/opencw/.openclaw/openclaw-ros/projects/02_turtle_talker/src/turtle_talker/install/turtle_talker/share/ament_index
[6.368s] creating /home/opencw/.openclaw/openclaw-ros/projects/02_turtle_talker/src/turtle_talker/install/turtle_talker/share/ament_index/resource_index
[6.369s] creating /home/opencw/.openclaw/openclaw-ros/projects/02_turtle_talker/src/turtle_talker/install/turtle_talker/share/ament_index/resource_index/packages
[6.371s] symbolically linking /home/opencw/.openclaw/openclaw-ros/projects/02_turtle_talker/src/turtle_talker/build/turtle_talker/resource/turtle_talker -> /home/opencw/.openclaw/openclaw-ros/projects/02_turtle_talker/src/turtle_talker/install/turtle_talker/share/ament_index/resource_index/packages
[6.372s] symbolically linking /home/opencw/.openclaw/openclaw-ros/projects/02_turtle_talker/src/turtle_talker/build/turtle_talker/package.xml -> /home/opencw/.openclaw/openclaw-ros/projects/02_turtle_talker/src/turtle_talker/install/turtle_talker/share/turtle_talker
[6.522s] Invoked command in '/home/opencw/.openclaw/openclaw-ros/projects/02_turtle_talker/src/turtle_talker/build/turtle_talker' returned '0': PYTHONPATH=/home/opencw/.openclaw/openclaw-ros/projects/02_turtle_talker/src/turtle_talker/build/turtle_talker/prefix_override:/usr/lib/python3/dist-packages/colcon_core/task/python/colcon_distutils_commands:/home/opencw/.openclaw/openclaw-ros/projects/02_turtle_talker/src/turtle_talker/install/turtle_talker/lib/python3.12/site-packages:${PYTHONPATH} /usr/bin/python3 -W ignore:setup.py install is deprecated -W ignore:easy_install command is deprecated setup.py develop --editable --build-directory /home/opencw/.openclaw/openclaw-ros/projects/02_turtle_talker/src/turtle_talker/build/turtle_talker/build --no-deps symlink_data
