[0.000000] (-) TimerEvent: {}
[0.000626] (surveillance_logic) JobQueued: {'identifier': 'surveillance_logic', 'dependencies': OrderedDict()}
[0.001363] (surveillance_logic) JobStarted: {'identifier': 'surveillance_logic'}
[0.099281] (-) TimerEvent: {}
[0.199755] (-) TimerEvent: {}
[0.300141] (-) TimerEvent: {}
[0.400470] (-) TimerEvent: {}
[0.500749] (-) TimerEvent: {}
[0.601069] (-) TimerEvent: {}
[0.701339] (-) TimerEvent: {}
[0.801713] (-) TimerEvent: {}
[0.902160] (-) TimerEvent: {}
[1.002472] (-) TimerEvent: {}
[1.102777] (-) TimerEvent: {}
[1.203133] (-) TimerEvent: {}
[1.303424] (-) TimerEvent: {}
[1.403712] (-) TimerEvent: {}
[1.503990] (-) TimerEvent: {}
[1.604271] (-) TimerEvent: {}
[1.704558] (-) TimerEvent: {}
[1.804885] (-) TimerEvent: {}
[1.905174] (-) TimerEvent: {}
[2.005469] (-) TimerEvent: {}
[2.105736] (-) TimerEvent: {}
[2.206102] (-) TimerEvent: {}
[2.306480] (-) TimerEvent: {}
[2.406788] (-) TimerEvent: {}
[2.507152] (-) TimerEvent: {}
[2.607485] (-) TimerEvent: {}
[2.707781] (-) TimerEvent: {}
[2.808155] (-) TimerEvent: {}
[2.908467] (-) TimerEvent: {}
[3.008747] (-) TimerEvent: {}
[3.109240] (-) TimerEvent: {}
[3.209802] (-) TimerEvent: {}
[3.228005] (surveillance_logic) Command: {'cmd': ['/usr/bin/python3', '-W', 'ignore:setup.py install is deprecated', '-W', 'ignore:easy_install command is deprecated', 'setup.py', 'develop', '--editable', '--build-directory', '/home/opencw/.openclaw/openclaw-ros/projects/05_camera_surveillance/src/surveillance_logic/build/surveillance_logic/build', '--no-deps', 'symlink_data'], 'cwd': '/home/opencw/.openclaw/openclaw-ros/projects/05_camera_surveillance/src/surveillance_logic/build/surveillance_logic', 'env': {'USER': 'opencw', 'OPENCLAW_SYSTEMD_UNIT': 'openclaw-gateway.service', 'SHLVL': '1', 'LD_LIBRARY_PATH': '/opt/ros/kilted/lib/aarch64-linux-gnu:/opt/ros/kilted/lib', 'VIPSHOME': '/target', 'HOME': '/home/opencw', 'OPENCLAW_GATEWAY_TOKEN': '7ea1fb367e0e502879fcb10db1a1366b776651c7d921334b', 'OLDPWD': '/home/opencw/.openclaw/workspace', 'ROS_PYTHON_VERSION': '3', 'GTK_MODULES': 'gail:atk-bridge', 'NODE_NO_WARNINGS': '1', 'MANAGERPID': '1557', 'SYSTEMD_EXEC_PID': '4964', 'GSM_SKIP_SSH_AGENT_WORKAROUND': 'true', 'DBUS_SESSION_BUS_ADDRESS': 'unix:path=/run/user/1000/bus', 'OPENCLAW_SERVICE_VERSION': '2026.2.9', 'ROS_DISTRO': 'kilted', 'LOGNAME': 'opencw', 'JOURNAL_STREAM': '8:37648', '_': '/usr/bin/colcon', 'ROS_VERSION': '2', 'MEMORY_PRESSURE_WATCH': '/sys/fs/cgroup/user.slice/user-1000.slice/user@1000.service/app.slice/openclaw-gateway.service/memory.pressure', 'PATH': '/opt/ros/kilted/bin:/usr/local/bin:/usr/bin:/bin:/home/opencw/.local/bin:/home/opencw/.npm-global/bin:/home/opencw/bin:/home/opencw/.nvm/current/bin:/home/opencw/.fnm/current/bin:/home/opencw/.volta/bin:/home/opencw/.asdf/shims:/home/opencw/.local/share/pnpm:/home/opencw/.bun/bin', 'INVOCATION_ID': 'da7fd63d257d4c74acec77a4bfb7e78c', 'XDG_RUNTIME_DIR': '/run/user/1000', 'LANG': 'C.UTF-8', 'OPENCLAW_GATEWAY_PORT': '18789', 'SSH_AUTH_SOCK': '/run/user/1000/gnupg/S.gpg-agent.ssh', 'AMENT_PREFIX_PATH': '/opt/ros/kilted', 'SHELL': '/usr/bin/zsh', 'QT_ACCESSIBILITY': '1', 'OPENCLAW_SERVICE_KIND': 'gateway', 'OPENCLAW_SERVICE_MARKER': 'openclaw', 'ROS_AUTOMATIC_DISCOVERY_RANGE': 'SUBNET', 'PWD': '/home/opencw/.openclaw/openclaw-ros/projects/05_camera_surveillance/src/surveillance_logic/build/surveillance_logic', 'XDG_DATA_DIRS': '/usr/local/share/:/usr/share/:/var/lib/snapd/desktop', 'PYTHONPATH': '/home/opencw/.openclaw/openclaw-ros/projects/05_camera_surveillance/src/surveillance_logic/build/surveillance_logic/prefix_override:/usr/lib/python3/dist-packages/colcon_core/task/python/colcon_distutils_commands:/home/opencw/.openclaw/openclaw-ros/projects/05_camera_surveillance/src/surveillance_logic/install/surveillance_logic/lib/python3.12/site-packages:/opt/ros/kilted/lib/python3.12/site-packages', 'COLCON': '1', 'MEMORY_PRESSURE_WRITE': 'c29tZSAyMDAwMDAgMjAwMDAwMAA=', 'OPENCLAW_PATH_BOOTSTRAPPED': '1'}, 'shell': False}
[3.310052] (-) TimerEvent: {}
[3.410365] (-) TimerEvent: {}
[3.510667] (-) TimerEvent: {}
[3.611080] (-) TimerEvent: {}
[3.711378] (-) TimerEvent: {}
[3.811667] (-) TimerEvent: {}
[3.911947] (-) TimerEvent: {}
[4.012218] (-) TimerEvent: {}
[4.112495] (-) TimerEvent: {}
[4.212764] (-) TimerEvent: {}
[4.313072] (-) TimerEvent: {}
[4.413364] (-) TimerEvent: {}
[4.512517] (surveillance_logic) StdoutLine: {'line': b'running develop\n'}
[4.513479] (-) TimerEvent: {}
[4.613731] (-) TimerEvent: {}
[4.714075] (-) TimerEvent: {}
[4.814372] (-) TimerEvent: {}
[4.914653] (-) TimerEvent: {}
[5.014950] (-) TimerEvent: {}
[5.115216] (-) TimerEvent: {}
[5.215492] (-) TimerEvent: {}
[5.292592] (surveillance_logic) StdoutLine: {'line': b'running egg_info\n'}
[5.293481] (surveillance_logic) StdoutLine: {'line': b'creating surveillance_logic.egg-info\n'}
[5.315620] (-) TimerEvent: {}
[5.361651] (surveillance_logic) StdoutLine: {'line': b'writing surveillance_logic.egg-info/PKG-INFO\n'}
[5.362791] (surveillance_logic) StdoutLine: {'line': b'writing dependency_links to surveillance_logic.egg-info/dependency_links.txt\n'}
[5.363526] (surveillance_logic) StdoutLine: {'line': b'writing entry points to surveillance_logic.egg-info/entry_points.txt\n'}
[5.364222] (surveillance_logic) StdoutLine: {'line': b'writing requirements to surveillance_logic.egg-info/requires.txt\n'}
[5.364914] (surveillance_logic) StdoutLine: {'line': b'writing top-level names to surveillance_logic.egg-info/top_level.txt\n'}
[5.365572] (surveillance_logic) StdoutLine: {'line': b"writing manifest file 'surveillance_logic.egg-info/SOURCES.txt'\n"}
[5.415787] (-) TimerEvent: {}
[5.508704] (surveillance_logic) StdoutLine: {'line': b"reading manifest file 'surveillance_logic.egg-info/SOURCES.txt'\n"}
[5.511354] (surveillance_logic) StdoutLine: {'line': b"writing manifest file 'surveillance_logic.egg-info/SOURCES.txt'\n"}
[5.515926] (-) TimerEvent: {}
[5.586370] (surveillance_logic) StdoutLine: {'line': b'running build_ext\n'}
[5.587104] (surveillance_logic) StdoutLine: {'line': b'Creating /home/opencw/.openclaw/openclaw-ros/projects/05_camera_surveillance/src/surveillance_logic/install/surveillance_logic/lib/python3.12/site-packages/surveillance-logic.egg-link (link to .)\n'}
[5.589581] (surveillance_logic) StdoutLine: {'line': b'Installing email_mocker script to /home/opencw/.openclaw/openclaw-ros/projects/05_camera_surveillance/src/surveillance_logic/install/surveillance_logic/lib/surveillance_logic\n'}
[5.590649] (surveillance_logic) StdoutLine: {'line': b'Installing surveillant script to /home/opencw/.openclaw/openclaw-ros/projects/05_camera_surveillance/src/surveillance_logic/install/surveillance_logic/lib/surveillance_logic\n'}
[5.591949] (surveillance_logic) StdoutLine: {'line': b'\n'}
[5.592426] (surveillance_logic) StdoutLine: {'line': b'Installed /home/opencw/.openclaw/openclaw-ros/projects/05_camera_surveillance/src/surveillance_logic/build/surveillance_logic\n'}
[5.593129] (surveillance_logic) StdoutLine: {'line': b'running symlink_data\n'}
[5.593579] (surveillance_logic) StdoutLine: {'line': b'creating /home/opencw/.openclaw/openclaw-ros/projects/05_camera_surveillance/src/surveillance_logic/install/surveillance_logic/share/ament_index\n'}
[5.594169] (surveillance_logic) StdoutLine: {'line': b'creating /home/opencw/.openclaw/openclaw-ros/projects/05_camera_surveillance/src/surveillance_logic/install/surveillance_logic/share/ament_index/resource_index\n'}
[5.595002] (surveillance_logic) StdoutLine: {'line': b'creating /home/opencw/.openclaw/openclaw-ros/projects/05_camera_surveillance/src/surveillance_logic/install/surveillance_logic/share/ament_index/resource_index/packages\n'}
[5.595437] (surveillance_logic) StdoutLine: {'line': b'symbolically linking /home/opencw/.openclaw/openclaw-ros/projects/05_camera_surveillance/src/surveillance_logic/build/surveillance_logic/resource/surveillance_logic -> /home/opencw/.openclaw/openclaw-ros/projects/05_camera_surveillance/src/surveillance_logic/install/surveillance_logic/share/ament_index/resource_index/packages\n'}
[5.595804] (surveillance_logic) StdoutLine: {'line': b'symbolically linking /home/opencw/.openclaw/openclaw-ros/projects/05_camera_surveillance/src/surveillance_logic/build/surveillance_logic/package.xml -> /home/opencw/.openclaw/openclaw-ros/projects/05_camera_surveillance/src/surveillance_logic/install/surveillance_logic/share/surveillance_logic\n'}
[5.596816] (surveillance_logic) StdoutLine: {'line': b'creating /home/opencw/.openclaw/openclaw-ros/projects/05_camera_surveillance/src/surveillance_logic/install/surveillance_logic/share/surveillance_logic/launch\n'}
[5.597427] (surveillance_logic) StdoutLine: {'line': b'symbolically linking /home/opencw/.openclaw/openclaw-ros/projects/05_camera_surveillance/src/surveillance_logic/build/surveillance_logic/launch/simulation.launch.py -> /home/opencw/.openclaw/openclaw-ros/projects/05_camera_surveillance/src/surveillance_logic/install/surveillance_logic/share/surveillance_logic/launch\n'}
[5.598323] (surveillance_logic) StdoutLine: {'line': b'symbolically linking /home/opencw/.openclaw/openclaw-ros/projects/05_camera_surveillance/src/surveillance_logic/build/surveillance_logic/launch/hardware.launch.py -> /home/opencw/.openclaw/openclaw-ros/projects/05_camera_surveillance/src/surveillance_logic/install/surveillance_logic/share/surveillance_logic/launch\n'}
[5.616176] (-) TimerEvent: {}
[5.716714] (-) TimerEvent: {}
[5.749919] (surveillance_logic) CommandEnded: {'returncode': 0}
[5.797618] (surveillance_logic) JobEnded: {'identifier': 'surveillance_logic', 'rc': 0}
[5.799679] (-) EventReactorShutdown: {}
