[3.477s] Invoking command in '/home/opencw/.openclaw/openclaw-ros/projects/05_surveillance_pro/src/surveillance_logic': PYTHONPATH=/home/opencw/.openclaw/openclaw-ros/projects/05_surveillance_pro/src/surveillance_logic/build/surveillance_logic/prefix_override:/usr/lib/python3/dist-packages/colcon_core/task/python/colcon_distutils_commands:/home/opencw/.openclaw/openclaw-ros/projects/05_surveillance_pro/src/surveillance_logic/install/surveillance_logic/lib/python3.12/site-packages:${PYTHONPATH} /usr/bin/python3 -W ignore:setup.py install is deprecated -W ignore:easy_install command is deprecated setup.py egg_info --egg-base build/surveillance_logic build --build-base /home/opencw/.openclaw/openclaw-ros/projects/05_surveillance_pro/src/surveillance_logic/build/surveillance_logic/build install --record /home/opencw/.openclaw/openclaw-ros/projects/05_surveillance_pro/src/surveillance_logic/build/surveillance_logic/install.log --single-version-externally-managed install_data
[4.581s] running egg_info
[4.659s] writing build/surveillance_logic/surveillance_logic.egg-info/PKG-INFO
[4.660s] writing dependency_links to build/surveillance_logic/surveillance_logic.egg-info/dependency_links.txt
[4.667s] writing requirements to build/surveillance_logic/surveillance_logic.egg-info/requires.txt
[4.668s] writing top-level names to build/surveillance_logic/surveillance_logic.egg-info/top_level.txt
[4.830s] reading manifest file 'build/surveillance_logic/surveillance_logic.egg-info/SOURCES.txt'
[4.831s] adding license file 'LICENSE'
[4.834s] writing manifest file 'build/surveillance_logic/surveillance_logic.egg-info/SOURCES.txt'
[4.852s] running build
[4.853s] running build_py
[4.856s] running install
[4.884s] running install_lib
[4.965s] running install_data
[4.965s] running install_egg_info
[5.049s] removing '/home/opencw/.openclaw/openclaw-ros/projects/05_surveillance_pro/src/surveillance_logic/install/surveillance_logic/lib/python3.12/site-packages/surveillance_logic-0.0.0-py3.12.egg-info' (and everything under it)
[5.051s] Copying build/surveillance_logic/surveillance_logic.egg-info to /home/opencw/.openclaw/openclaw-ros/projects/05_surveillance_pro/src/surveillance_logic/install/surveillance_logic/lib/python3.12/site-packages/surveillance_logic-0.0.0-py3.12.egg-info
[5.056s] running install_scripts
[5.623s] writing list of installed files to '/home/opencw/.openclaw/openclaw-ros/projects/05_surveillance_pro/src/surveillance_logic/build/surveillance_logic/install.log'
[5.766s] Invoked command in '/home/opencw/.openclaw/openclaw-ros/projects/05_surveillance_pro/src/surveillance_logic' returned '0': PYTHONPATH=/home/opencw/.openclaw/openclaw-ros/projects/05_surveillance_pro/src/surveillance_logic/build/surveillance_logic/prefix_override:/usr/lib/python3/dist-packages/colcon_core/task/python/colcon_distutils_commands:/home/opencw/.openclaw/openclaw-ros/projects/05_surveillance_pro/src/surveillance_logic/install/surveillance_logic/lib/python3.12/site-packages:${PYTHONPATH} /usr/bin/python3 -W ignore:setup.py install is deprecated -W ignore:easy_install command is deprecated setup.py egg_info --egg-base build/surveillance_logic build --build-base /home/opencw/.openclaw/openclaw-ros/projects/05_surveillance_pro/src/surveillance_logic/build/surveillance_logic/build install --record /home/opencw/.openclaw/openclaw-ros/projects/05_surveillance_pro/src/surveillance_logic/build/surveillance_logic/install.log --single-version-externally-managed install_data
