[0.000000] (-) TimerEvent: {}
[0.014312] (blink_talker) JobQueued: {'identifier': 'blink_talker', 'dependencies': OrderedDict()}
[0.014701] (blink_talker) JobStarted: {'identifier': 'blink_talker'}
[0.099606] (-) TimerEvent: {}
[0.200208] (-) TimerEvent: {}
[0.301856] (-) TimerEvent: {}
[0.402405] (-) TimerEvent: {}
[0.503206] (-) TimerEvent: {}
[0.606936] (-) TimerEvent: {}
[0.707564] (-) TimerEvent: {}
[0.808105] (-) TimerEvent: {}
[0.913909] (-) TimerEvent: {}
[1.014620] (-) TimerEvent: {}
[1.115327] (-) TimerEvent: {}
[1.215878] (-) TimerEvent: {}
[1.316490] (-) TimerEvent: {}
[1.419230] (-) TimerEvent: {}
[1.519725] (-) TimerEvent: {}
[1.620432] (-) TimerEvent: {}
[1.723980] (-) TimerEvent: {}
[1.824629] (-) TimerEvent: {}
[1.927012] (-) TimerEvent: {}
[2.029885] (-) TimerEvent: {}
[2.134860] (-) TimerEvent: {}
[2.235386] (-) TimerEvent: {}
[2.337860] (-) TimerEvent: {}
[2.438338] (-) TimerEvent: {}
[2.538892] (-) TimerEvent: {}
[2.643880] (-) TimerEvent: {}
[2.744343] (-) TimerEvent: {}
[2.844848] (-) TimerEvent: {}
[2.945431] (-) TimerEvent: {}
[3.048858] (-) TimerEvent: {}
[3.149380] (-) TimerEvent: {}
[3.249887] (-) TimerEvent: {}
[3.352897] (-) TimerEvent: {}
[3.454936] (-) TimerEvent: {}
[3.557880] (-) TimerEvent: {}
[3.660882] (-) TimerEvent: {}
[3.761410] (-) TimerEvent: {}
[3.862238] (-) TimerEvent: {}
[3.962856] (-) TimerEvent: {}
[4.063310] (-) TimerEvent: {}
[4.163783] (-) TimerEvent: {}
[4.266876] (-) TimerEvent: {}
[4.367396] (-) TimerEvent: {}
[4.470850] (-) TimerEvent: {}
[4.571290] (-) TimerEvent: {}
[4.671803] (-) TimerEvent: {}
[4.772397] (-) TimerEvent: {}
[4.872991] (-) TimerEvent: {}
[4.973599] (-) TimerEvent: {}
[5.078862] (-) TimerEvent: {}
[5.179350] (-) TimerEvent: {}
[5.282866] (-) TimerEvent: {}
[5.383376] (-) TimerEvent: {}
[5.483846] (-) TimerEvent: {}
[5.586854] (-) TimerEvent: {}
[5.687353] (-) TimerEvent: {}
[5.787864] (-) TimerEvent: {}
[5.888395] (-) TimerEvent: {}
[5.988887] (-) TimerEvent: {}
[6.089330] (-) TimerEvent: {}
[6.189863] (-) TimerEvent: {}
[6.291913] (-) TimerEvent: {}
[6.398813] (-) TimerEvent: {}
[6.499419] (-) TimerEvent: {}
[6.601995] (-) TimerEvent: {}
[6.704863] (-) TimerEvent: {}
[6.805385] (-) TimerEvent: {}
[6.905850] (-) TimerEvent: {}
[7.006452] (-) TimerEvent: {}
[7.110139] (-) TimerEvent: {}
[7.210591] (-) TimerEvent: {}
[7.311219] (-) TimerEvent: {}
[7.414883] (-) TimerEvent: {}
[7.515353] (-) TimerEvent: {}
[7.616030] (-) TimerEvent: {}
[7.718884] (-) TimerEvent: {}
[7.819356] (-) TimerEvent: {}
[7.919847] (-) TimerEvent: {}
[8.026440] (-) TimerEvent: {}
[8.126865] (-) TimerEvent: {}
[8.227293] (-) TimerEvent: {}
[8.327842] (-) TimerEvent: {}
[8.435906] (-) TimerEvent: {}
[8.536500] (-) TimerEvent: {}
[8.640872] (-) TimerEvent: {}
[8.743054] (-) TimerEvent: {}
[8.845844] (-) TimerEvent: {}
[8.946349] (-) TimerEvent: {}
[9.046890] (-) TimerEvent: {}
[9.147528] (-) TimerEvent: {}
[9.250916] (-) TimerEvent: {}
[9.352887] (-) TimerEvent: {}
[9.455820] (-) TimerEvent: {}
[9.556433] (-) TimerEvent: {}
[9.657070] (-) TimerEvent: {}
[9.758926] (-) TimerEvent: {}
[9.859413] (-) TimerEvent: {}
[9.959946] (-) TimerEvent: {}
[10.060455] (-) TimerEvent: {}
[10.160963] (-) TimerEvent: {}
[10.263072] (-) TimerEvent: {}
[10.363739] (-) TimerEvent: {}
[10.464383] (-) TimerEvent: {}
[10.566945] (-) TimerEvent: {}
[10.667583] (-) TimerEvent: {}
[10.773885] (-) TimerEvent: {}
[10.876504] (-) TimerEvent: {}
[10.979851] (-) TimerEvent: {}
[11.080344] (-) TimerEvent: {}
[11.182879] (-) TimerEvent: {}
[11.283369] (-) TimerEvent: {}
[11.383866] (-) TimerEvent: {}
[11.484476] (-) TimerEvent: {}
[11.585064] (-) TimerEvent: {}
[11.690852] (-) TimerEvent: {}
[11.791287] (-) TimerEvent: {}
[11.891844] (-) TimerEvent: {}
[11.994866] (-) TimerEvent: {}
[12.095386] (-) TimerEvent: {}
[12.195887] (-) TimerEvent: {}
[12.296400] (-) TimerEvent: {}
[12.396879] (-) TimerEvent: {}
[12.501877] (-) TimerEvent: {}
[12.603867] (-) TimerEvent: {}
[12.704479] (-) TimerEvent: {}
[12.805082] (-) TimerEvent: {}
[12.907891] (-) TimerEvent: {}
[13.008472] (-) TimerEvent: {}
[13.109253] (-) TimerEvent: {}
[13.209855] (-) TimerEvent: {}
[13.310515] (-) TimerEvent: {}
[13.413881] (-) TimerEvent: {}
[13.514446] (-) TimerEvent: {}
[13.617934] (-) TimerEvent: {}
[13.722838] (-) TimerEvent: {}
[13.824835] (-) TimerEvent: {}
[13.925392] (-) TimerEvent: {}
[14.025977] (-) TimerEvent: {}
[14.126442] (-) TimerEvent: {}
[14.226905] (-) TimerEvent: {}
[14.328860] (-) TimerEvent: {}
[14.431840] (-) TimerEvent: {}
[14.532331] (-) TimerEvent: {}
[14.632835] (-) TimerEvent: {}
[14.733301] (-) TimerEvent: {}
[14.833850] (-) TimerEvent: {}
[14.934427] (-) TimerEvent: {}
[15.037828] (-) TimerEvent: {}
[15.139842] (-) TimerEvent: {}
[15.240288] (-) TimerEvent: {}
[15.340861] (-) TimerEvent: {}
[15.446887] (-) TimerEvent: {}
[15.547421] (-) TimerEvent: {}
[15.650859] (-) TimerEvent: {}
[15.751508] (-) TimerEvent: {}
[15.852235] (-) TimerEvent: {}
[15.952846] (-) TimerEvent: {}
[16.053392] (-) TimerEvent: {}
[16.156850] (-) TimerEvent: {}
[16.258898] (-) TimerEvent: {}
[16.359552] (-) TimerEvent: {}
[16.460098] (-) TimerEvent: {}
[16.562887] (-) TimerEvent: {}
[16.667927] (-) TimerEvent: {}
[16.768494] (-) TimerEvent: {}
[16.869054] (-) TimerEvent: {}
[16.969541] (-) TimerEvent: {}
[17.071450] (-) TimerEvent: {}
[17.173923] (-) TimerEvent: {}
[17.274531] (-) TimerEvent: {}
[17.375218] (-) TimerEvent: {}
[17.477895] (-) TimerEvent: {}
[17.578400] (-) TimerEvent: {}
[17.680871] (-) TimerEvent: {}
[17.781361] (-) TimerEvent: {}
[17.884909] (-) TimerEvent: {}
[17.985440] (-) TimerEvent: {}
[18.088883] (-) TimerEvent: {}
[18.195093] (-) TimerEvent: {}
[18.295602] (-) TimerEvent: {}
[18.378090] (blink_talker) Command: {'cmd': ['/usr/bin/python3', '-W', 'ignore:setup.py install is deprecated', '-W', 'ignore:easy_install command is deprecated', 'setup.py', 'develop', '--editable', '--build-directory', '/home/opencw/.openclaw/workspace/Projects/blink_talker/build/blink_talker/build', '--no-deps', 'symlink_data'], 'cwd': '/home/opencw/.openclaw/workspace/Projects/blink_talker/build/blink_talker', 'env': {'USER': 'opencw', 'OPENCLAW_SYSTEMD_UNIT': 'openclaw-gateway.service', 'SHLVL': '0', 'LD_LIBRARY_PATH': '/opt/ros/kilted/lib/aarch64-linux-gnu:/opt/ros/kilted/lib', 'HOME': '/home/opencw', 'OPENCLAW_GATEWAY_TOKEN': '7ea1fb367e0e502879fcb10db1a1366b776651c7d921334b', 'OLDPWD': '/home/opencw/.openclaw/workspace', 'GTK_MODULES': 'gail:atk-bridge', 'ROS_PYTHON_VERSION': '3', 'MANAGERPID': '1630', 'NODE_NO_WARNINGS': '1', 'DBUS_SESSION_BUS_ADDRESS': 'unix:path=/run/user/1000/bus', 'GSM_SKIP_SSH_AGENT_WORKAROUND': 'true', 'SYSTEMD_EXEC_PID': '1745', 'OPENCLAW_SERVICE_VERSION': '2026.2.9', 'ROS_DISTRO': 'kilted', 'LOGNAME': 'opencw', 'JOURNAL_STREAM': '8:16051', '_': '/usr/bin/colcon', 'MEMORY_PRESSURE_WATCH': '/sys/fs/cgroup/user.slice/user-1000.slice/user@1000.service/app.slice/openclaw-gateway.service/memory.pressure', 'ROS_VERSION': '2', 'PATH': '/opt/ros/kilted/bin:/usr/local/bin:/usr/bin:/bin:/home/opencw/.local/bin:/home/opencw/.npm-global/bin:/home/opencw/bin:/home/opencw/.nvm/current/bin:/home/opencw/.fnm/current/bin:/home/opencw/.volta/bin:/home/opencw/.asdf/shims:/home/opencw/.local/share/pnpm:/home/opencw/.bun/bin', 'INVOCATION_ID': '276837792be64418b2459cfde4a46129', 'XDG_RUNTIME_DIR': '/run/user/1000', 'LANG': 'C.UTF-8', 'OPENCLAW_GATEWAY_PORT': '18789', 'SSH_AUTH_SOCK': '/run/user/1000/gnupg/S.gpg-agent.ssh', 'AMENT_PREFIX_PATH': '/opt/ros/kilted', 'SHELL': '/usr/bin/zsh', 'QT_ACCESSIBILITY': '1', 'OPENCLAW_SERVICE_MARKER': 'openclaw', 'OPENCLAW_SERVICE_KIND': 'gateway', 'ROS_AUTOMATIC_DISCOVERY_RANGE': 'SUBNET', 'PWD': '/home/opencw/.openclaw/workspace/Projects/blink_talker/build/blink_talker', 'XDG_DATA_DIRS': '/usr/local/share/:/usr/share/:/var/lib/snapd/desktop', 'PYTHONPATH': '/home/opencw/.openclaw/workspace/Projects/blink_talker/build/blink_talker/prefix_override:/usr/lib/python3/dist-packages/colcon_core/task/python/colcon_distutils_commands:/home/opencw/.openclaw/workspace/Projects/blink_talker/install/blink_talker/lib/python3.12/site-packages:/opt/ros/kilted/lib/python3.12/site-packages', 'COLCON': '1', 'MEMORY_PRESSURE_WRITE': 'c29tZSAyMDAwMDAgMjAwMDAwMAA=', 'OPENCLAW_PATH_BOOTSTRAPPED': '1'}, 'shell': False}
[18.395913] (-) TimerEvent: {}
[18.500863] (-) TimerEvent: {}
[18.601377] (-) TimerEvent: {}
[18.703839] (-) TimerEvent: {}
[18.805862] (-) TimerEvent: {}
[18.906348] (-) TimerEvent: {}
[19.006868] (-) TimerEvent: {}
[19.107357] (-) TimerEvent: {}
[19.209898] (-) TimerEvent: {}
[19.310443] (-) TimerEvent: {}
[19.410961] (-) TimerEvent: {}
[19.513888] (-) TimerEvent: {}
[19.614443] (-) TimerEvent: {}
[19.716830] (-) TimerEvent: {}
[19.817845] (-) TimerEvent: {}
[19.918311] (-) TimerEvent: {}
[20.018811] (-) TimerEvent: {}
[20.120850] (-) TimerEvent: {}
[20.221401] (-) TimerEvent: {}
[20.327848] (-) TimerEvent: {}
[20.428337] (-) TimerEvent: {}
[20.529857] (-) TimerEvent: {}
[20.630335] (-) TimerEvent: {}
[20.730936] (-) TimerEvent: {}
[20.831518] (-) TimerEvent: {}
[20.934891] (-) TimerEvent: {}
[21.035383] (-) TimerEvent: {}
[21.135825] (-) TimerEvent: {}
[21.238850] (-) TimerEvent: {}
[21.341851] (-) TimerEvent: {}
[21.442397] (-) TimerEvent: {}
[21.542975] (-) TimerEvent: {}
[21.643534] (-) TimerEvent: {}
[21.744134] (-) TimerEvent: {}
[21.844726] (-) TimerEvent: {}
[21.945286] (-) TimerEvent: {}
[22.048841] (-) TimerEvent: {}
[22.149302] (-) TimerEvent: {}
[22.249857] (-) TimerEvent: {}
[22.352880] (-) TimerEvent: {}
[22.453426] (-) TimerEvent: {}
[22.556951] (-) TimerEvent: {}
[22.657554] (-) TimerEvent: {}
[22.759853] (-) TimerEvent: {}
[22.860376] (-) TimerEvent: {}
[22.961887] (-) TimerEvent: {}
[23.026860] (blink_talker) StdoutLine: {'line': b'running develop\n'}
[23.062154] (-) TimerEvent: {}
[23.165884] (-) TimerEvent: {}
[23.266432] (-) TimerEvent: {}
[23.374830] (-) TimerEvent: {}
[23.475319] (-) TimerEvent: {}
[23.576882] (-) TimerEvent: {}
[23.677465] (-) TimerEvent: {}
[23.780899] (-) TimerEvent: {}
[23.881448] (-) TimerEvent: {}
[23.981970] (-) TimerEvent: {}
[24.082492] (-) TimerEvent: {}
[24.184908] (-) TimerEvent: {}
[24.287865] (-) TimerEvent: {}
[24.388365] (-) TimerEvent: {}
[24.491883] (-) TimerEvent: {}
[24.592355] (-) TimerEvent: {}
[24.692827] (-) TimerEvent: {}
[24.793312] (-) TimerEvent: {}
[24.893879] (-) TimerEvent: {}
[24.996914] (-) TimerEvent: {}
[25.099876] (-) TimerEvent: {}
[25.200452] (-) TimerEvent: {}
[25.302868] (-) TimerEvent: {}
[25.403461] (-) TimerEvent: {}
[25.506868] (-) TimerEvent: {}
[25.607379] (-) TimerEvent: {}
[25.707901] (-) TimerEvent: {}
[25.808566] (-) TimerEvent: {}
[25.909324] (-) TimerEvent: {}
[26.009836] (-) TimerEvent: {}
[26.112890] (-) TimerEvent: {}
[26.213435] (-) TimerEvent: {}
[26.318905] (-) TimerEvent: {}
[26.419531] (-) TimerEvent: {}
[26.520194] (-) TimerEvent: {}
[26.621928] (-) TimerEvent: {}
[26.723905] (-) TimerEvent: {}
[26.824611] (-) TimerEvent: {}
[26.927878] (-) TimerEvent: {}
[27.029884] (-) TimerEvent: {}
[27.130428] (-) TimerEvent: {}
[27.232881] (-) TimerEvent: {}
[27.333392] (-) TimerEvent: {}
[27.435858] (-) TimerEvent: {}
[27.536367] (-) TimerEvent: {}
[27.638860] (-) TimerEvent: {}
[27.703605] (blink_talker) StdoutLine: {'line': b'running egg_info\n'}
[27.706049] (blink_talker) StdoutLine: {'line': b'creating blink_talker.egg-info\n'}
[27.740909] (-) TimerEvent: {}
[27.845918] (-) TimerEvent: {}
[27.946635] (-) TimerEvent: {}
[28.047235] (-) TimerEvent: {}
[28.154942] (-) TimerEvent: {}
[28.269883] (-) TimerEvent: {}
[28.374947] (-) TimerEvent: {}
[28.427965] (blink_talker) StdoutLine: {'line': b'writing blink_talker.egg-info/PKG-INFO\n'}
[28.442591] (blink_talker) StdoutLine: {'line': b'writing dependency_links to blink_talker.egg-info/dependency_links.txt\n'}
[28.443517] (blink_talker) StdoutLine: {'line': b'writing entry points to blink_talker.egg-info/entry_points.txt\n'}
[28.457769] (blink_talker) StdoutLine: {'line': b'writing requirements to blink_talker.egg-info/requires.txt\n'}
[28.458589] (blink_talker) StdoutLine: {'line': b'writing top-level names to blink_talker.egg-info/top_level.txt\n'}
[28.459540] (blink_talker) StdoutLine: {'line': b"writing manifest file 'blink_talker.egg-info/SOURCES.txt'\n"}
[28.479892] (-) TimerEvent: {}
[28.580491] (-) TimerEvent: {}
[28.681265] (-) TimerEvent: {}
[28.783855] (-) TimerEvent: {}
[28.884349] (-) TimerEvent: {}
[28.988018] (-) TimerEvent: {}
[29.088547] (-) TimerEvent: {}
[29.189950] (-) TimerEvent: {}
[29.290614] (-) TimerEvent: {}
[29.393849] (-) TimerEvent: {}
[29.415448] (blink_talker) StdoutLine: {'line': b"reading manifest file 'blink_talker.egg-info/SOURCES.txt'\n"}
[29.425874] (blink_talker) StdoutLine: {'line': b"writing manifest file 'blink_talker.egg-info/SOURCES.txt'\n"}
[29.499879] (-) TimerEvent: {}
[29.600437] (-) TimerEvent: {}
[29.703876] (-) TimerEvent: {}
[29.804409] (-) TimerEvent: {}
[29.883499] (blink_talker) StdoutLine: {'line': b'running build_ext\n'}
[29.884513] (blink_talker) StdoutLine: {'line': b'Creating /home/opencw/.openclaw/workspace/Projects/blink_talker/install/blink_talker/lib/python3.12/site-packages/blink-talker.egg-link (link to .)\n'}
[29.905377] (blink_talker) StdoutLine: {'line': b'Installing listener script to /home/opencw/.openclaw/workspace/Projects/blink_talker/install/blink_talker/bin\n'}
[29.906412] (-) TimerEvent: {}
[29.906537] (blink_talker) StdoutLine: {'line': b'Installing talker script to /home/opencw/.openclaw/workspace/Projects/blink_talker/install/blink_talker/bin\n'}
[29.915851] (blink_talker) StdoutLine: {'line': b'\n'}
[29.916837] (blink_talker) StdoutLine: {'line': b'Installed /home/opencw/.openclaw/workspace/Projects/blink_talker/build/blink_talker\n'}
[29.920873] (blink_talker) StdoutLine: {'line': b'running symlink_data\n'}
[29.921964] (blink_talker) StdoutLine: {'line': b'creating /home/opencw/.openclaw/workspace/Projects/blink_talker/install/blink_talker/share/ament_index\n'}
[29.922965] (blink_talker) StdoutLine: {'line': b'creating /home/opencw/.openclaw/workspace/Projects/blink_talker/install/blink_talker/share/ament_index/resource_index\n'}
[29.930770] (blink_talker) StdoutLine: {'line': b'creating /home/opencw/.openclaw/workspace/Projects/blink_talker/install/blink_talker/share/ament_index/resource_index/packages\n'}
[29.931903] (blink_talker) StdoutLine: {'line': b'symbolically linking /home/opencw/.openclaw/workspace/Projects/blink_talker/build/blink_talker/resource/blink_talker -> /home/opencw/.openclaw/workspace/Projects/blink_talker/install/blink_talker/share/ament_index/resource_index/packages\n'}
[29.939892] (blink_talker) StdoutLine: {'line': b'symbolically linking /home/opencw/.openclaw/workspace/Projects/blink_talker/build/blink_talker/package.xml -> /home/opencw/.openclaw/workspace/Projects/blink_talker/install/blink_talker/share/blink_talker\n'}
[30.008885] (-) TimerEvent: {}
[30.111918] (-) TimerEvent: {}
[30.212567] (-) TimerEvent: {}
[30.315881] (-) TimerEvent: {}
[30.416484] (-) TimerEvent: {}
[30.458417] (blink_talker) CommandEnded: {'returncode': 0}
[30.516815] (-) TimerEvent: {}
[30.617622] (-) TimerEvent: {}
[30.631325] (blink_talker) JobEnded: {'identifier': 'blink_talker', 'rc': 0}
[30.635549] (-) EventReactorShutdown: {}
