[2.379s] DEBUG:colcon:Command line arguments: ['/usr/bin/colcon', 'build', '--symlink-install']
[2.380s] DEBUG:colcon:Parsed command line arguments: Namespace(log_base=None, log_level=None, verb_name='build', build_base='build', install_base='install', merge_install=False, symlink_install=True, test_result_base=None, continue_on_error=False, executor='parallel', parallel_workers=4, event_handlers=None, ignore_user_meta=False, metas=['./colcon.meta'], base_paths=['.'], packages_ignore=None, packages_ignore_regex=None, paths=None, packages_up_to=None, packages_up_to_regex=None, packages_above=None, packages_above_and_dependencies=None, packages_above_depth=None, packages_select_by_dep=None, packages_skip_by_dep=None, packages_skip_up_to=None, packages_select_build_failed=False, packages_skip_build_finished=False, packages_select_test_failures=False, packages_skip_test_passed=False, packages_select=None, packages_skip=None, packages_select_regex=None, packages_skip_regex=None, packages_start=None, packages_end=None, allow_overriding=[], cmake_args=None, cmake_target=None, cmake_target_skip_unavailable=False, cmake_clean_cache=False, cmake_clean_first=False, cmake_force_configure=False, ament_cmake_args=None, catkin_cmake_args=None, catkin_skip_building_tests=False, verb_parser=<colcon_defaults.argument_parser.defaults.DefaultArgumentsDecorator object at 0xffffba423c20>, verb_extension=<colcon_core.verb.build.BuildVerb object at 0xffffba60c230>, main=<bound method BuildVerb.main of <colcon_core.verb.build.BuildVerb object at 0xffffba60c230>>)
[3.551s] Level 1:colcon.colcon_core.package_discovery:discover_packages(colcon_meta) check parameters
[3.556s] Level 1:colcon.colcon_core.package_discovery:discover_packages(recursive) check parameters
[3.556s] Level 1:colcon.colcon_core.package_discovery:discover_packages(ignore) check parameters
[3.556s] Level 1:colcon.colcon_core.package_discovery:discover_packages(path) check parameters
[3.557s] Level 1:colcon.colcon_core.package_discovery:discover_packages(colcon_meta) discover
[3.557s] Level 1:colcon.colcon_core.package_discovery:discover_packages(recursive) discover
[3.561s] INFO:colcon.colcon_core.package_discovery:Crawling recursively for packages in '/home/opencw/.openclaw/workspace/Projects/blink_talker'
[3.562s] Level 1:colcon.colcon_core.package_identification:_identify(.) by extensions ['ignore', 'ignore_ament_install']
[3.563s] Level 1:colcon.colcon_core.package_identification:_identify(.) by extension 'ignore'
[3.565s] Level 1:colcon.colcon_core.package_identification:_identify(.) by extension 'ignore_ament_install'
[3.566s] Level 1:colcon.colcon_core.package_identification:_identify(.) by extensions ['colcon_pkg']
[3.566s] Level 1:colcon.colcon_core.package_identification:_identify(.) by extension 'colcon_pkg'
[3.567s] Level 1:colcon.colcon_core.package_identification:_identify(.) by extensions ['colcon_meta']
[3.573s] Level 1:colcon.colcon_core.package_identification:_identify(.) by extension 'colcon_meta'
[3.573s] Level 1:colcon.colcon_core.package_identification:_identify(.) by extensions ['ros']
[3.574s] Level 1:colcon.colcon_core.package_identification:_identify(.) by extension 'ros'
[4.329s] DEBUG:colcon.colcon_core.package_identification:Package '.' with type 'ros.ament_python' and name 'blink_talker'
[4.329s] Level 1:colcon.colcon_core.package_discovery:discover_packages(recursive) using defaults
[4.333s] Level 1:colcon.colcon_core.package_discovery:discover_packages(ignore) discover
[4.333s] Level 1:colcon.colcon_core.package_discovery:discover_packages(ignore) using defaults
[4.334s] Level 1:colcon.colcon_core.package_discovery:discover_packages(path) discover
[4.334s] Level 1:colcon.colcon_core.package_discovery:discover_packages(path) using defaults
[4.733s] Level 1:colcon.colcon_core.package_discovery:discover_packages(prefix_path) check parameters
[4.733s] Level 1:colcon.colcon_core.package_discovery:discover_packages(prefix_path) discover
[4.799s] DEBUG:colcon.colcon_installed_package_information.package_discovery:Found 203 installed packages in /opt/ros/kilted
[4.809s] Level 1:colcon.colcon_core.package_discovery:discover_packages(prefix_path) using defaults
[5.659s] Level 5:colcon.colcon_core.verb:set package 'blink_talker' build argument 'cmake_args' from command line to 'None'
[5.660s] Level 5:colcon.colcon_core.verb:set package 'blink_talker' build argument 'cmake_target' from command line to 'None'
[5.660s] Level 5:colcon.colcon_core.verb:set package 'blink_talker' build argument 'cmake_target_skip_unavailable' from command line to 'False'
[5.661s] Level 5:colcon.colcon_core.verb:set package 'blink_talker' build argument 'cmake_clean_cache' from command line to 'False'
[5.661s] Level 5:colcon.colcon_core.verb:set package 'blink_talker' build argument 'cmake_clean_first' from command line to 'False'
[5.665s] Level 5:colcon.colcon_core.verb:set package 'blink_talker' build argument 'cmake_force_configure' from command line to 'False'
[5.665s] Level 5:colcon.colcon_core.verb:set package 'blink_talker' build argument 'ament_cmake_args' from command line to 'None'
[5.666s] Level 5:colcon.colcon_core.verb:set package 'blink_talker' build argument 'catkin_cmake_args' from command line to 'None'
[5.666s] Level 5:colcon.colcon_core.verb:set package 'blink_talker' build argument 'catkin_skip_building_tests' from command line to 'False'
[5.666s] DEBUG:colcon.colcon_core.verb:Building package 'blink_talker' with the following arguments: {'ament_cmake_args': None, 'build_base': '/home/opencw/.openclaw/workspace/Projects/blink_talker/build/blink_talker', 'catkin_cmake_args': None, 'catkin_skip_building_tests': False, 'cmake_args': None, 'cmake_clean_cache': False, 'cmake_clean_first': False, 'cmake_force_configure': False, 'cmake_target': None, 'cmake_target_skip_unavailable': False, 'install_base': '/home/opencw/.openclaw/workspace/Projects/blink_talker/install/blink_talker', 'merge_install': False, 'path': '/home/opencw/.openclaw/workspace/Projects/blink_talker', 'symlink_install': True, 'test_result_base': None}
[5.671s] INFO:colcon.colcon_core.executor:Executing jobs using 'parallel' executor
[5.683s] DEBUG:colcon.colcon_parallel_executor.executor.parallel:run_until_complete
[5.688s] INFO:colcon.colcon_ros.task.ament_python.build:Building ROS package in '/home/opencw/.openclaw/workspace/Projects/blink_talker' with build type 'ament_python'
[5.689s] Level 1:colcon.colcon_core.shell:create_environment_hook('blink_talker', 'ament_prefix_path')
[5.730s] INFO:colcon.colcon_core.plugin_system:Skipping extension 'colcon_core.shell.bat': Not used on non-Windows systems
[5.732s] INFO:colcon.colcon_core.shell:Creating environment hook '/home/opencw/.openclaw/workspace/Projects/blink_talker/install/blink_talker/share/blink_talker/hook/ament_prefix_path.ps1'
[5.751s] INFO:colcon.colcon_core.shell:Creating environment descriptor '/home/opencw/.openclaw/workspace/Projects/blink_talker/install/blink_talker/share/blink_talker/hook/ament_prefix_path.dsv'
[5.761s] INFO:colcon.colcon_core.shell:Creating environment hook '/home/opencw/.openclaw/workspace/Projects/blink_talker/install/blink_talker/share/blink_talker/hook/ament_prefix_path.sh'
[5.769s] INFO:colcon.colcon_core.shell:Skip shell extension 'powershell' for command environment: Not usable outside of PowerShell
[5.773s] DEBUG:colcon.colcon_core.shell:Skip shell extension 'dsv' for command environment
[9.536s] INFO:colcon.colcon_core.task.python.build:Building Python package in '/home/opencw/.openclaw/workspace/Projects/blink_talker'
[9.537s] INFO:colcon.colcon_core.shell:Skip shell extension 'powershell' for command environment: Not usable outside of PowerShell
[9.541s] DEBUG:colcon.colcon_core.shell:Skip shell extension 'dsv' for command environment
[24.066s] DEBUG:colcon.colcon_core.event_handler.log_command:Invoking command in '/home/opencw/.openclaw/workspace/Projects/blink_talker/build/blink_talker': PYTHONPATH=/home/opencw/.openclaw/workspace/Projects/blink_talker/build/blink_talker/prefix_override:/usr/lib/python3/dist-packages/colcon_core/task/python/colcon_distutils_commands:/home/opencw/.openclaw/workspace/Projects/blink_talker/install/blink_talker/lib/python3.12/site-packages:${PYTHONPATH} /usr/bin/python3 -W ignore:setup.py install is deprecated -W ignore:easy_install command is deprecated setup.py develop --editable --build-directory /home/opencw/.openclaw/workspace/Projects/blink_talker/build/blink_talker/build --no-deps symlink_data
[36.137s] Level 1:colcon.colcon_core.shell:create_environment_hook('blink_talker', 'pythonpath_develop')
[36.144s] INFO:colcon.colcon_core.shell:Creating environment hook '/home/opencw/.openclaw/workspace/Projects/blink_talker/build/blink_talker/share/blink_talker/hook/pythonpath_develop.ps1'
[36.153s] DEBUG:colcon.colcon_core.event_handler.log_command:Invoked command in '/home/opencw/.openclaw/workspace/Projects/blink_talker/build/blink_talker' returned '0': PYTHONPATH=/home/opencw/.openclaw/workspace/Projects/blink_talker/build/blink_talker/prefix_override:/usr/lib/python3/dist-packages/colcon_core/task/python/colcon_distutils_commands:/home/opencw/.openclaw/workspace/Projects/blink_talker/install/blink_talker/lib/python3.12/site-packages:${PYTHONPATH} /usr/bin/python3 -W ignore:setup.py install is deprecated -W ignore:easy_install command is deprecated setup.py develop --editable --build-directory /home/opencw/.openclaw/workspace/Projects/blink_talker/build/blink_talker/build --no-deps symlink_data
[36.158s] INFO:colcon.colcon_core.shell:Creating environment descriptor '/home/opencw/.openclaw/workspace/Projects/blink_talker/build/blink_talker/share/blink_talker/hook/pythonpath_develop.dsv'
[36.166s] INFO:colcon.colcon_core.shell:Creating environment hook '/home/opencw/.openclaw/workspace/Projects/blink_talker/build/blink_talker/share/blink_talker/hook/pythonpath_develop.sh'
[36.207s] Level 1:colcon.colcon_core.environment:checking '/home/opencw/.openclaw/workspace/Projects/blink_talker/install/blink_talker' for CMake module files
[36.211s] Level 1:colcon.colcon_core.environment:checking '/home/opencw/.openclaw/workspace/Projects/blink_talker/install/blink_talker' for CMake config files
[36.222s] Level 1:colcon.colcon_core.environment:checking '/home/opencw/.openclaw/workspace/Projects/blink_talker/install/blink_talker/lib'
[36.224s] Level 1:colcon.colcon_core.environment:checking '/home/opencw/.openclaw/workspace/Projects/blink_talker/install/blink_talker/bin'
[36.225s] Level 1:colcon.colcon_core.shell:create_environment_hook('blink_talker', 'path')
[36.226s] INFO:colcon.colcon_core.shell:Creating environment hook '/home/opencw/.openclaw/workspace/Projects/blink_talker/install/blink_talker/share/blink_talker/hook/path.ps1'
[36.229s] INFO:colcon.colcon_core.shell:Creating environment descriptor '/home/opencw/.openclaw/workspace/Projects/blink_talker/install/blink_talker/share/blink_talker/hook/path.dsv'
[36.232s] INFO:colcon.colcon_core.shell:Creating environment hook '/home/opencw/.openclaw/workspace/Projects/blink_talker/install/blink_talker/share/blink_talker/hook/path.sh'
[36.237s] Level 1:colcon.colcon_core.environment:checking '/home/opencw/.openclaw/workspace/Projects/blink_talker/install/blink_talker/lib/pkgconfig/blink_talker.pc'
[36.239s] Level 1:colcon.colcon_core.environment:checking '/home/opencw/.openclaw/workspace/Projects/blink_talker/install/blink_talker/lib/python3.12/site-packages'
[36.240s] Level 1:colcon.colcon_core.shell:create_environment_hook('blink_talker', 'pythonpath')
[36.241s] INFO:colcon.colcon_core.shell:Creating environment hook '/home/opencw/.openclaw/workspace/Projects/blink_talker/install/blink_talker/share/blink_talker/hook/pythonpath.ps1'
[36.245s] INFO:colcon.colcon_core.shell:Creating environment descriptor '/home/opencw/.openclaw/workspace/Projects/blink_talker/install/blink_talker/share/blink_talker/hook/pythonpath.dsv'
[36.248s] INFO:colcon.colcon_core.shell:Creating environment hook '/home/opencw/.openclaw/workspace/Projects/blink_talker/install/blink_talker/share/blink_talker/hook/pythonpath.sh'
[36.254s] Level 1:colcon.colcon_core.environment:checking '/home/opencw/.openclaw/workspace/Projects/blink_talker/install/blink_talker/bin'
[36.255s] Level 1:colcon.colcon_core.shell:create_environment_hook('blink_talker', 'pythonscriptspath')
[36.256s] INFO:colcon.colcon_core.shell:Creating environment hook '/home/opencw/.openclaw/workspace/Projects/blink_talker/install/blink_talker/share/blink_talker/hook/pythonscriptspath.ps1'
[36.260s] INFO:colcon.colcon_core.shell:Creating environment descriptor '/home/opencw/.openclaw/workspace/Projects/blink_talker/install/blink_talker/share/blink_talker/hook/pythonscriptspath.dsv'
[36.263s] INFO:colcon.colcon_core.shell:Creating environment hook '/home/opencw/.openclaw/workspace/Projects/blink_talker/install/blink_talker/share/blink_talker/hook/pythonscriptspath.sh'
[36.266s] Level 1:colcon.colcon_core.environment:create_environment_scripts_only(blink_talker)
[36.269s] INFO:colcon.colcon_core.shell:Creating package script '/home/opencw/.openclaw/workspace/Projects/blink_talker/install/blink_talker/share/blink_talker/package.ps1'
[36.282s] INFO:colcon.colcon_core.shell:Creating package descriptor '/home/opencw/.openclaw/workspace/Projects/blink_talker/install/blink_talker/share/blink_talker/package.dsv'
[36.289s] INFO:colcon.colcon_core.shell:Creating package script '/home/opencw/.openclaw/workspace/Projects/blink_talker/install/blink_talker/share/blink_talker/package.sh'
[36.295s] INFO:colcon.colcon_core.shell:Creating package script '/home/opencw/.openclaw/workspace/Projects/blink_talker/install/blink_talker/share/blink_talker/package.bash'
[36.300s] INFO:colcon.colcon_core.shell:Creating package script '/home/opencw/.openclaw/workspace/Projects/blink_talker/install/blink_talker/share/blink_talker/package.zsh'
[36.305s] Level 1:colcon.colcon_core.environment:create_file_with_runtime_dependencies(/home/opencw/.openclaw/workspace/Projects/blink_talker/install/blink_talker/share/colcon-core/packages/blink_talker)
[36.308s] DEBUG:colcon.colcon_parallel_executor.executor.parallel:closing loop
[36.309s] DEBUG:colcon.colcon_parallel_executor.executor.parallel:loop closed
[36.310s] DEBUG:colcon.colcon_parallel_executor.executor.parallel:run_until_complete finished with '0'
[36.312s] DEBUG:colcon.colcon_core.event_reactor:joining thread
[36.395s] INFO:colcon.colcon_core.plugin_system:Skipping extension 'colcon_notification.desktop_notification.terminal_notifier': Not used on non-Darwin systems
[36.395s] INFO:colcon.colcon_core.plugin_system:Skipping extension 'colcon_notification.desktop_notification.win32': Not used on non-Windows systems
[36.396s] INFO:colcon.colcon_notification.desktop_notification:Sending desktop notification using 'notify2'
[36.956s] DEBUG:colcon.colcon_core.event_reactor:joined thread
[36.962s] INFO:colcon.colcon_core.shell:Creating prefix script '/home/opencw/.openclaw/workspace/Projects/blink_talker/install/local_setup.ps1'
[37.016s] INFO:colcon.colcon_core.shell:Creating prefix util module '/home/opencw/.openclaw/workspace/Projects/blink_talker/install/_local_setup_util_ps1.py'
[37.088s] INFO:colcon.colcon_core.shell:Creating prefix chain script '/home/opencw/.openclaw/workspace/Projects/blink_talker/install/setup.ps1'
[37.114s] INFO:colcon.colcon_core.shell:Creating prefix script '/home/opencw/.openclaw/workspace/Projects/blink_talker/install/local_setup.sh'
[37.126s] INFO:colcon.colcon_core.shell:Creating prefix util module '/home/opencw/.openclaw/workspace/Projects/blink_talker/install/_local_setup_util_sh.py'
[37.142s] INFO:colcon.colcon_core.shell:Creating prefix chain script '/home/opencw/.openclaw/workspace/Projects/blink_talker/install/setup.sh'
[37.155s] INFO:colcon.colcon_core.shell:Creating prefix script '/home/opencw/.openclaw/workspace/Projects/blink_talker/install/local_setup.bash'
[37.166s] INFO:colcon.colcon_core.shell:Creating prefix chain script '/home/opencw/.openclaw/workspace/Projects/blink_talker/install/setup.bash'
[37.180s] INFO:colcon.colcon_core.shell:Creating prefix script '/home/opencw/.openclaw/workspace/Projects/blink_talker/install/local_setup.zsh'
[37.191s] INFO:colcon.colcon_core.shell:Creating prefix chain script '/home/opencw/.openclaw/workspace/Projects/blink_talker/install/setup.zsh'
