[0.000000] (-) TimerEvent: {}
[0.000245] (surveillance_logic) JobQueued: {'identifier': 'surveillance_logic', 'dependencies': OrderedDict()}
[0.001428] (surveillance_logic) JobStarted: {'identifier': 'surveillance_logic'}
[0.099290] (-) TimerEvent: {}
[0.199645] (-) TimerEvent: {}
[0.300019] (-) TimerEvent: {}
[0.400410] (-) TimerEvent: {}
[0.500793] (-) TimerEvent: {}
[0.601164] (-) TimerEvent: {}
[0.701470] (-) TimerEvent: {}
[0.801773] (-) TimerEvent: {}
[0.902270] (-) TimerEvent: {}
[1.002653] (-) TimerEvent: {}
[1.102995] (-) TimerEvent: {}
[1.203383] (-) TimerEvent: {}
[1.303755] (-) TimerEvent: {}
[1.404119] (-) TimerEvent: {}
[1.504472] (-) TimerEvent: {}
[1.604780] (-) TimerEvent: {}
[1.705128] (-) TimerEvent: {}
[1.805441] (-) TimerEvent: {}
[1.905775] (-) TimerEvent: {}
[2.006160] (-) TimerEvent: {}
[2.106478] (-) TimerEvent: {}
[2.206789] (-) TimerEvent: {}
[2.307140] (-) TimerEvent: {}
[2.407452] (-) TimerEvent: {}
[2.507856] (-) TimerEvent: {}
[2.608186] (-) TimerEvent: {}
[2.708524] (-) TimerEvent: {}
[2.808865] (-) TimerEvent: {}
[2.909206] (-) TimerEvent: {}
[3.009544] (-) TimerEvent: {}
[3.109897] (-) TimerEvent: {}
[3.210256] (-) TimerEvent: {}
[3.310746] (-) TimerEvent: {}
[3.411293] (-) TimerEvent: {}
[3.480514] (surveillance_logic) Command: {'cmd': ['/usr/bin/python3', '-W', 'ignore:setup.py install is deprecated', '-W', 'ignore:easy_install command is deprecated', 'setup.py', 'egg_info', '--egg-base', 'build/surveillance_logic', 'build', '--build-base', '/home/opencw/.openclaw/openclaw-ros/projects/05_surveillance_pro/src/surveillance_logic/build/surveillance_logic/build', 'install', '--record', '/home/opencw/.openclaw/openclaw-ros/projects/05_surveillance_pro/src/surveillance_logic/build/surveillance_logic/install.log', '--single-version-externally-managed', 'install_data'], 'cwd': '/home/opencw/.openclaw/openclaw-ros/projects/05_surveillance_pro/src/surveillance_logic', 'env': {'USER': 'opencw', 'OPENCLAW_SYSTEMD_UNIT': 'openclaw-gateway.service', 'SHLVL': '1', 'LD_LIBRARY_PATH': '/opt/ros/kilted/lib/aarch64-linux-gnu:/opt/ros/kilted/lib', 'VIPSHOME': '/target', 'HOME': '/home/opencw', 'OPENCLAW_GATEWAY_TOKEN': '7ea1fb367e0e502879fcb10db1a1366b776651c7d921334b', 'OLDPWD': '/home/opencw/.openclaw/workspace', 'ROS_PYTHON_VERSION': '3', 'GTK_MODULES': 'gail:atk-bridge', 'NODE_NO_WARNINGS': '1', 'MANAGERPID': '1557', 'SYSTEMD_EXEC_PID': '4964', 'GSM_SKIP_SSH_AGENT_WORKAROUND': 'true', 'DBUS_SESSION_BUS_ADDRESS': 'unix:path=/run/user/1000/bus', 'OPENCLAW_SERVICE_VERSION': '2026.2.9', 'ROS_DISTRO': 'kilted', 'LOGNAME': 'opencw', 'JOURNAL_STREAM': '8:37648', '_': '/usr/bin/colcon', 'ROS_VERSION': '2', 'MEMORY_PRESSURE_WATCH': '/sys/fs/cgroup/user.slice/user-1000.slice/user@1000.service/app.slice/openclaw-gateway.service/memory.pressure', 'PATH': '/opt/ros/kilted/bin:/usr/local/bin:/usr/bin:/bin:/home/opencw/.local/bin:/home/opencw/.npm-global/bin:/home/opencw/bin:/home/opencw/.nvm/current/bin:/home/opencw/.fnm/current/bin:/home/opencw/.volta/bin:/home/opencw/.asdf/shims:/home/opencw/.local/share/pnpm:/home/opencw/.bun/bin', 'INVOCATION_ID': 'da7fd63d257d4c74acec77a4bfb7e78c', 'XDG_RUNTIME_DIR': '/run/user/1000', 'LANG': 'C.UTF-8', 'OPENCLAW_GATEWAY_PORT': '18789', 'SSH_AUTH_SOCK': '/run/user/1000/gnupg/S.gpg-agent.ssh', 'AMENT_PREFIX_PATH': '/opt/ros/kilted', 'SHELL': '/usr/bin/zsh', 'QT_ACCESSIBILITY': '1', 'OPENCLAW_SERVICE_KIND': 'gateway', 'OPENCLAW_SERVICE_MARKER': 'openclaw', 'ROS_AUTOMATIC_DISCOVERY_RANGE': 'SUBNET', 'PWD': '/home/opencw/.openclaw/openclaw-ros/projects/05_surveillance_pro/src/surveillance_logic/build/surveillance_logic', 'XDG_DATA_DIRS': '/usr/local/share/:/usr/share/:/var/lib/snapd/desktop', 'PYTHONPATH': '/home/opencw/.openclaw/openclaw-ros/projects/05_surveillance_pro/src/surveillance_logic/build/surveillance_logic/prefix_override:/usr/lib/python3/dist-packages/colcon_core/task/python/colcon_distutils_commands:/home/opencw/.openclaw/openclaw-ros/projects/05_surveillance_pro/src/surveillance_logic/install/surveillance_logic/lib/python3.12/site-packages:/opt/ros/kilted/lib/python3.12/site-packages', 'COLCON': '1', 'MEMORY_PRESSURE_WRITE': 'c29tZSAyMDAwMDAgMjAwMDAwMAA=', 'OPENCLAW_PATH_BOOTSTRAPPED': '1'}, 'shell': False}
[3.511459] (-) TimerEvent: {}
[3.611789] (-) TimerEvent: {}
[3.712170] (-) TimerEvent: {}
[3.812498] (-) TimerEvent: {}
[3.912897] (-) TimerEvent: {}
[4.013239] (-) TimerEvent: {}
[4.113630] (-) TimerEvent: {}
[4.214012] (-) TimerEvent: {}
[4.314443] (-) TimerEvent: {}
[4.414814] (-) TimerEvent: {}
[4.515221] (-) TimerEvent: {}
[4.582273] (surveillance_logic) StdoutLine: {'line': b'running egg_info\n'}
[4.615439] (-) TimerEvent: {}
[4.667332] (surveillance_logic) StdoutLine: {'line': b'writing build/surveillance_logic/surveillance_logic.egg-info/PKG-INFO\n'}
[4.668470] (surveillance_logic) StdoutLine: {'line': b'writing dependency_links to build/surveillance_logic/surveillance_logic.egg-info/dependency_links.txt\n'}
[4.675218] (surveillance_logic) StdoutLine: {'line': b'writing requirements to build/surveillance_logic/surveillance_logic.egg-info/requires.txt\n'}
[4.675992] (surveillance_logic) StdoutLine: {'line': b'writing top-level names to build/surveillance_logic/surveillance_logic.egg-info/top_level.txt\n'}
[4.715629] (-) TimerEvent: {}
[4.816031] (-) TimerEvent: {}
[4.837984] (surveillance_logic) StdoutLine: {'line': b"reading manifest file 'build/surveillance_logic/surveillance_logic.egg-info/SOURCES.txt'\n"}
[4.839504] (surveillance_logic) StdoutLine: {'line': b"adding license file 'LICENSE'\n"}
[4.841948] (surveillance_logic) StdoutLine: {'line': b"writing manifest file 'build/surveillance_logic/surveillance_logic.egg-info/SOURCES.txt'\n"}
[4.842717] (surveillance_logic) StdoutLine: {'line': b'running build\n'}
[4.843162] (surveillance_logic) StdoutLine: {'line': b'running build_py\n'}
[4.844599] (surveillance_logic) StdoutLine: {'line': b'running install\n'}
[4.867992] (surveillance_logic) StdoutLine: {'line': b'running install_lib\n'}
[4.916221] (-) TimerEvent: {}
[4.949645] (surveillance_logic) StdoutLine: {'line': b'running install_data\n'}
[4.950452] (surveillance_logic) StdoutLine: {'line': b'running install_egg_info\n'}
[5.016413] (-) TimerEvent: {}
[5.033319] (surveillance_logic) StdoutLine: {'line': b"removing '/home/opencw/.openclaw/openclaw-ros/projects/05_surveillance_pro/src/surveillance_logic/install/surveillance_logic/lib/python3.12/site-packages/surveillance_logic-0.0.0-py3.12.egg-info' (and everything under it)\n"}
[5.035066] (surveillance_logic) StdoutLine: {'line': b'Copying build/surveillance_logic/surveillance_logic.egg-info to /home/opencw/.openclaw/openclaw-ros/projects/05_surveillance_pro/src/surveillance_logic/install/surveillance_logic/lib/python3.12/site-packages/surveillance_logic-0.0.0-py3.12.egg-info\n'}
[5.040435] (surveillance_logic) StdoutLine: {'line': b'running install_scripts\n'}
[5.116639] (-) TimerEvent: {}
[5.217058] (-) TimerEvent: {}
[5.317484] (-) TimerEvent: {}
[5.417879] (-) TimerEvent: {}
[5.518287] (-) TimerEvent: {}
[5.605666] (surveillance_logic) StdoutLine: {'line': b"writing list of installed files to '/home/opencw/.openclaw/openclaw-ros/projects/05_surveillance_pro/src/surveillance_logic/build/surveillance_logic/install.log'\n"}
[5.618650] (-) TimerEvent: {}
[5.719348] (-) TimerEvent: {}
[5.751334] (surveillance_logic) CommandEnded: {'returncode': 0}
[5.808915] (surveillance_logic) JobEnded: {'identifier': 'surveillance_logic', 'rc': 0}
[5.812060] (-) EventReactorShutdown: {}
