[0.601s] DEBUG:colcon:Command line arguments: ['/usr/bin/colcon', 'build', '--symlink-install', '--packages-select', 'blink_talker']
[0.602s] DEBUG:colcon:Parsed command line arguments: Namespace(log_base=None, log_level=None, verb_name='build', build_base='build', install_base='install', merge_install=False, symlink_install=True, test_result_base=None, continue_on_error=False, executor='parallel', parallel_workers=4, event_handlers=None, ignore_user_meta=False, metas=['./colcon.meta'], base_paths=['.'], packages_ignore=None, packages_ignore_regex=None, paths=None, packages_up_to=None, packages_up_to_regex=None, packages_above=None, packages_above_and_dependencies=None, packages_above_depth=None, packages_select_by_dep=None, packages_skip_by_dep=None, packages_skip_up_to=None, packages_select_build_failed=False, packages_skip_build_finished=False, packages_select_test_failures=False, packages_skip_test_passed=False, packages_select=['blink_talker'], packages_skip=None, packages_select_regex=None, packages_skip_regex=None, packages_start=None, packages_end=None, allow_overriding=[], cmake_args=None, cmake_target=None, cmake_target_skip_unavailable=False, cmake_clean_cache=False, cmake_clean_first=False, cmake_force_configure=False, ament_cmake_args=None, catkin_cmake_args=None, catkin_skip_building_tests=False, verb_parser=<colcon_defaults.argument_parser.defaults.DefaultArgumentsDecorator object at 0xffff88e400b0>, verb_extension=<colcon_core.verb.build.BuildVerb object at 0xffff88fe04d0>, main=<bound method BuildVerb.main of <colcon_core.verb.build.BuildVerb object at 0xffff88fe04d0>>)
[0.800s] Level 1:colcon.colcon_core.package_discovery:discover_packages(colcon_meta) check parameters
[0.801s] Level 1:colcon.colcon_core.package_discovery:discover_packages(recursive) check parameters
[0.801s] Level 1:colcon.colcon_core.package_discovery:discover_packages(ignore) check parameters
[0.801s] Level 1:colcon.colcon_core.package_discovery:discover_packages(path) check parameters
[0.801s] Level 1:colcon.colcon_core.package_discovery:discover_packages(colcon_meta) discover
[0.801s] Level 1:colcon.colcon_core.package_discovery:discover_packages(recursive) discover
[0.802s] INFO:colcon.colcon_core.package_discovery:Crawling recursively for packages in '/home/opencw/.openclaw/workspace/Projects/blink_talker'
[0.802s] Level 1:colcon.colcon_core.package_identification:_identify(.) by extensions ['ignore', 'ignore_ament_install']
[0.802s] Level 1:colcon.colcon_core.package_identification:_identify(.) by extension 'ignore'
[0.803s] Level 1:colcon.colcon_core.package_identification:_identify(.) by extension 'ignore_ament_install'
[0.803s] Level 1:colcon.colcon_core.package_identification:_identify(.) by extensions ['colcon_pkg']
[0.803s] Level 1:colcon.colcon_core.package_identification:_identify(.) by extension 'colcon_pkg'
[0.803s] Level 1:colcon.colcon_core.package_identification:_identify(.) by extensions ['colcon_meta']
[0.803s] Level 1:colcon.colcon_core.package_identification:_identify(.) by extension 'colcon_meta'
[0.803s] Level 1:colcon.colcon_core.package_identification:_identify(.) by extensions ['ros']
[0.803s] Level 1:colcon.colcon_core.package_identification:_identify(.) by extension 'ros'
[0.951s] DEBUG:colcon.colcon_core.package_identification:Package '.' with type 'ros.ament_python' and name 'blink_talker'
[0.952s] Level 1:colcon.colcon_core.package_discovery:discover_packages(recursive) using defaults
[0.952s] Level 1:colcon.colcon_core.package_discovery:discover_packages(ignore) discover
[0.952s] Level 1:colcon.colcon_core.package_discovery:discover_packages(ignore) using defaults
[0.952s] Level 1:colcon.colcon_core.package_discovery:discover_packages(path) discover
[0.952s] Level 1:colcon.colcon_core.package_discovery:discover_packages(path) using defaults
[1.060s] Level 1:colcon.colcon_core.package_discovery:discover_packages(prefix_path) check parameters
[1.060s] Level 1:colcon.colcon_core.package_discovery:discover_packages(prefix_path) discover
[1.070s] DEBUG:colcon.colcon_installed_package_information.package_discovery:Found 1 installed packages in /home/opencw/.openclaw/workspace/Projects/blink_talker/install
[1.079s] DEBUG:colcon.colcon_installed_package_information.package_discovery:Found 203 installed packages in /opt/ros/kilted
[1.082s] Level 1:colcon.colcon_core.package_discovery:discover_packages(prefix_path) using defaults
[1.278s] Level 5:colcon.colcon_core.verb:set package 'blink_talker' build argument 'cmake_args' from command line to 'None'
[1.278s] Level 5:colcon.colcon_core.verb:set package 'blink_talker' build argument 'cmake_target' from command line to 'None'
[1.278s] Level 5:colcon.colcon_core.verb:set package 'blink_talker' build argument 'cmake_target_skip_unavailable' from command line to 'False'
[1.279s] Level 5:colcon.colcon_core.verb:set package 'blink_talker' build argument 'cmake_clean_cache' from command line to 'False'
[1.279s] Level 5:colcon.colcon_core.verb:set package 'blink_talker' build argument 'cmake_clean_first' from command line to 'False'
[1.279s] Level 5:colcon.colcon_core.verb:set package 'blink_talker' build argument 'cmake_force_configure' from command line to 'False'
[1.279s] Level 5:colcon.colcon_core.verb:set package 'blink_talker' build argument 'ament_cmake_args' from command line to 'None'
[1.279s] Level 5:colcon.colcon_core.verb:set package 'blink_talker' build argument 'catkin_cmake_args' from command line to 'None'
[1.279s] Level 5:colcon.colcon_core.verb:set package 'blink_talker' build argument 'catkin_skip_building_tests' from command line to 'False'
[1.279s] DEBUG:colcon.colcon_core.verb:Building package 'blink_talker' with the following arguments: {'ament_cmake_args': None, 'build_base': '/home/opencw/.openclaw/workspace/Projects/blink_talker/build/blink_talker', 'catkin_cmake_args': None, 'catkin_skip_building_tests': False, 'cmake_args': None, 'cmake_clean_cache': False, 'cmake_clean_first': False, 'cmake_force_configure': False, 'cmake_target': None, 'cmake_target_skip_unavailable': False, 'install_base': '/home/opencw/.openclaw/workspace/Projects/blink_talker/install/blink_talker', 'merge_install': False, 'path': '/home/opencw/.openclaw/workspace/Projects/blink_talker', 'symlink_install': True, 'test_result_base': None}
[1.280s] INFO:colcon.colcon_core.executor:Executing jobs using 'parallel' executor
[1.283s] DEBUG:colcon.colcon_parallel_executor.executor.parallel:run_until_complete
[1.285s] INFO:colcon.colcon_ros.task.ament_python.build:Building ROS package in '/home/opencw/.openclaw/workspace/Projects/blink_talker' with build type 'ament_python'
[1.286s] Level 1:colcon.colcon_core.shell:create_environment_hook('blink_talker', 'ament_prefix_path')
[1.299s] INFO:colcon.colcon_core.plugin_system:Skipping extension 'colcon_core.shell.bat': Not used on non-Windows systems
[1.300s] INFO:colcon.colcon_core.shell:Creating environment hook '/home/opencw/.openclaw/workspace/Projects/blink_talker/install/blink_talker/share/blink_talker/hook/ament_prefix_path.ps1'
[1.303s] INFO:colcon.colcon_core.shell:Creating environment descriptor '/home/opencw/.openclaw/workspace/Projects/blink_talker/install/blink_talker/share/blink_talker/hook/ament_prefix_path.dsv'
[1.309s] INFO:colcon.colcon_core.shell:Creating environment hook '/home/opencw/.openclaw/workspace/Projects/blink_talker/install/blink_talker/share/blink_talker/hook/ament_prefix_path.sh'
[1.313s] INFO:colcon.colcon_core.shell:Skip shell extension 'powershell' for command environment: Not usable outside of PowerShell
[1.313s] DEBUG:colcon.colcon_core.shell:Skip shell extension 'dsv' for command environment
[2.406s] INFO:colcon.colcon_core.task.python.build:Building Python package in '/home/opencw/.openclaw/workspace/Projects/blink_talker'
[2.407s] INFO:colcon.colcon_core.shell:Skip shell extension 'powershell' for command environment: Not usable outside of PowerShell
[2.407s] DEBUG:colcon.colcon_core.shell:Skip shell extension 'dsv' for command environment
[5.516s] DEBUG:colcon.colcon_core.event_handler.log_command:Invoking command in '/home/opencw/.openclaw/workspace/Projects/blink_talker/build/blink_talker': PYTHONPATH=/home/opencw/.openclaw/workspace/Projects/blink_talker/build/blink_talker/prefix_override:/usr/lib/python3/dist-packages/colcon_core/task/python/colcon_distutils_commands:/home/opencw/.openclaw/workspace/Projects/blink_talker/install/blink_talker/lib/python3.12/site-packages:${PYTHONPATH} /usr/bin/python3 -W ignore:setup.py install is deprecated -W ignore:easy_install command is deprecated setup.py develop --editable --build-directory /home/opencw/.openclaw/workspace/Projects/blink_talker/build/blink_talker/build --no-deps symlink_data
[8.124s] Level 1:colcon.colcon_core.shell:create_environment_hook('blink_talker', 'pythonpath_develop')
[8.125s] INFO:colcon.colcon_core.shell:Creating environment hook '/home/opencw/.openclaw/workspace/Projects/blink_talker/build/blink_talker/share/blink_talker/hook/pythonpath_develop.ps1'
[8.126s] DEBUG:colcon.colcon_core.event_handler.log_command:Invoked command in '/home/opencw/.openclaw/workspace/Projects/blink_talker/build/blink_talker' returned '0': PYTHONPATH=/home/opencw/.openclaw/workspace/Projects/blink_talker/build/blink_talker/prefix_override:/usr/lib/python3/dist-packages/colcon_core/task/python/colcon_distutils_commands:/home/opencw/.openclaw/workspace/Projects/blink_talker/install/blink_talker/lib/python3.12/site-packages:${PYTHONPATH} /usr/bin/python3 -W ignore:setup.py install is deprecated -W ignore:easy_install command is deprecated setup.py develop --editable --build-directory /home/opencw/.openclaw/workspace/Projects/blink_talker/build/blink_talker/build --no-deps symlink_data
[8.128s] INFO:colcon.colcon_core.shell:Creating environment descriptor '/home/opencw/.openclaw/workspace/Projects/blink_talker/build/blink_talker/share/blink_talker/hook/pythonpath_develop.dsv'
[8.135s] INFO:colcon.colcon_core.shell:Creating environment hook '/home/opencw/.openclaw/workspace/Projects/blink_talker/build/blink_talker/share/blink_talker/hook/pythonpath_develop.sh'
[8.150s] Level 1:colcon.colcon_core.environment:checking '/home/opencw/.openclaw/workspace/Projects/blink_talker/install/blink_talker' for CMake module files
[8.153s] Level 1:colcon.colcon_core.environment:checking '/home/opencw/.openclaw/workspace/Projects/blink_talker/install/blink_talker' for CMake config files
[8.158s] Level 1:colcon.colcon_core.environment:checking '/home/opencw/.openclaw/workspace/Projects/blink_talker/install/blink_talker/lib'
[8.158s] Level 1:colcon.colcon_core.environment:checking '/home/opencw/.openclaw/workspace/Projects/blink_talker/install/blink_talker/bin'
[8.159s] Level 1:colcon.colcon_core.shell:create_environment_hook('blink_talker', 'path')
[8.159s] INFO:colcon.colcon_core.shell:Creating environment hook '/home/opencw/.openclaw/workspace/Projects/blink_talker/install/blink_talker/share/blink_talker/hook/path.ps1'
[8.161s] INFO:colcon.colcon_core.shell:Creating environment descriptor '/home/opencw/.openclaw/workspace/Projects/blink_talker/install/blink_talker/share/blink_talker/hook/path.dsv'
[8.168s] INFO:colcon.colcon_core.shell:Creating environment hook '/home/opencw/.openclaw/workspace/Projects/blink_talker/install/blink_talker/share/blink_talker/hook/path.sh'
[8.170s] Level 1:colcon.colcon_core.environment:checking '/home/opencw/.openclaw/workspace/Projects/blink_talker/install/blink_talker/lib/pkgconfig/blink_talker.pc'
[8.171s] Level 1:colcon.colcon_core.environment:checking '/home/opencw/.openclaw/workspace/Projects/blink_talker/install/blink_talker/lib/python3.12/site-packages'
[8.172s] Level 1:colcon.colcon_core.shell:create_environment_hook('blink_talker', 'pythonpath')
[8.172s] INFO:colcon.colcon_core.shell:Creating environment hook '/home/opencw/.openclaw/workspace/Projects/blink_talker/install/blink_talker/share/blink_talker/hook/pythonpath.ps1'
[8.174s] INFO:colcon.colcon_core.shell:Creating environment descriptor '/home/opencw/.openclaw/workspace/Projects/blink_talker/install/blink_talker/share/blink_talker/hook/pythonpath.dsv'
[8.176s] INFO:colcon.colcon_core.shell:Creating environment hook '/home/opencw/.openclaw/workspace/Projects/blink_talker/install/blink_talker/share/blink_talker/hook/pythonpath.sh'
[8.180s] Level 1:colcon.colcon_core.environment:checking '/home/opencw/.openclaw/workspace/Projects/blink_talker/install/blink_talker/bin'
[8.181s] Level 1:colcon.colcon_core.shell:create_environment_hook('blink_talker', 'pythonscriptspath')
[8.182s] INFO:colcon.colcon_core.shell:Creating environment hook '/home/opencw/.openclaw/workspace/Projects/blink_talker/install/blink_talker/share/blink_talker/hook/pythonscriptspath.ps1'
[8.192s] INFO:colcon.colcon_core.shell:Creating environment descriptor '/home/opencw/.openclaw/workspace/Projects/blink_talker/install/blink_talker/share/blink_talker/hook/pythonscriptspath.dsv'
[8.194s] INFO:colcon.colcon_core.shell:Creating environment hook '/home/opencw/.openclaw/workspace/Projects/blink_talker/install/blink_talker/share/blink_talker/hook/pythonscriptspath.sh'
[8.197s] Level 1:colcon.colcon_core.environment:create_environment_scripts_only(blink_talker)
[8.199s] INFO:colcon.colcon_core.shell:Creating package script '/home/opencw/.openclaw/workspace/Projects/blink_talker/install/blink_talker/share/blink_talker/package.ps1'
[8.213s] INFO:colcon.colcon_core.shell:Creating package descriptor '/home/opencw/.openclaw/workspace/Projects/blink_talker/install/blink_talker/share/blink_talker/package.dsv'
[8.217s] INFO:colcon.colcon_core.shell:Creating package script '/home/opencw/.openclaw/workspace/Projects/blink_talker/install/blink_talker/share/blink_talker/package.sh'
[8.222s] INFO:colcon.colcon_core.shell:Creating package script '/home/opencw/.openclaw/workspace/Projects/blink_talker/install/blink_talker/share/blink_talker/package.bash'
[8.225s] INFO:colcon.colcon_core.shell:Creating package script '/home/opencw/.openclaw/workspace/Projects/blink_talker/install/blink_talker/share/blink_talker/package.zsh'
[8.229s] Level 1:colcon.colcon_core.environment:create_file_with_runtime_dependencies(/home/opencw/.openclaw/workspace/Projects/blink_talker/install/blink_talker/share/colcon-core/packages/blink_talker)
[8.231s] DEBUG:colcon.colcon_parallel_executor.executor.parallel:closing loop
[8.232s] DEBUG:colcon.colcon_parallel_executor.executor.parallel:loop closed
[8.232s] DEBUG:colcon.colcon_parallel_executor.executor.parallel:run_until_complete finished with '0'
[8.232s] DEBUG:colcon.colcon_core.event_reactor:joining thread
[8.254s] INFO:colcon.colcon_core.plugin_system:Skipping extension 'colcon_notification.desktop_notification.terminal_notifier': Not used on non-Darwin systems
[8.254s] INFO:colcon.colcon_core.plugin_system:Skipping extension 'colcon_notification.desktop_notification.win32': Not used on non-Windows systems
[8.254s] INFO:colcon.colcon_notification.desktop_notification:Sending desktop notification using 'notify2'
[8.325s] DEBUG:colcon.colcon_core.event_reactor:joined thread
[8.326s] INFO:colcon.colcon_core.shell:Creating prefix script '/home/opencw/.openclaw/workspace/Projects/blink_talker/install/local_setup.ps1'
[8.330s] INFO:colcon.colcon_core.shell:Creating prefix util module '/home/opencw/.openclaw/workspace/Projects/blink_talker/install/_local_setup_util_ps1.py'
[8.337s] INFO:colcon.colcon_core.shell:Creating prefix chain script '/home/opencw/.openclaw/workspace/Projects/blink_talker/install/setup.ps1'
[8.341s] INFO:colcon.colcon_core.shell:Creating prefix script '/home/opencw/.openclaw/workspace/Projects/blink_talker/install/local_setup.sh'
[8.344s] INFO:colcon.colcon_core.shell:Creating prefix util module '/home/opencw/.openclaw/workspace/Projects/blink_talker/install/_local_setup_util_sh.py'
[8.347s] INFO:colcon.colcon_core.shell:Creating prefix chain script '/home/opencw/.openclaw/workspace/Projects/blink_talker/install/setup.sh'
[8.353s] INFO:colcon.colcon_core.shell:Creating prefix script '/home/opencw/.openclaw/workspace/Projects/blink_talker/install/local_setup.bash'
[8.356s] INFO:colcon.colcon_core.shell:Creating prefix chain script '/home/opencw/.openclaw/workspace/Projects/blink_talker/install/setup.bash'
[8.361s] INFO:colcon.colcon_core.shell:Creating prefix script '/home/opencw/.openclaw/workspace/Projects/blink_talker/install/local_setup.zsh'
[8.363s] INFO:colcon.colcon_core.shell:Creating prefix chain script '/home/opencw/.openclaw/workspace/Projects/blink_talker/install/setup.zsh'
