[0.000000] (-) TimerEvent: {}
[0.000335] (surveillance_logic) JobQueued: {'identifier': 'surveillance_logic', 'dependencies': OrderedDict()}
[0.001698] (surveillance_logic) JobStarted: {'identifier': 'surveillance_logic'}
[0.099280] (-) TimerEvent: {}
[0.199677] (-) TimerEvent: {}
[0.300066] (-) TimerEvent: {}
[0.400460] (-) TimerEvent: {}
[0.500823] (-) TimerEvent: {}
[0.601146] (-) TimerEvent: {}
[0.701440] (-) TimerEvent: {}
[0.801769] (-) TimerEvent: {}
[0.902071] (-) TimerEvent: {}
[1.002566] (-) TimerEvent: {}
[1.103122] (-) TimerEvent: {}
[1.203429] (-) TimerEvent: {}
[1.303757] (-) TimerEvent: {}
[1.404120] (-) TimerEvent: {}
[1.504444] (-) TimerEvent: {}
[1.604797] (-) TimerEvent: {}
[1.705101] (-) TimerEvent: {}
[1.805403] (-) TimerEvent: {}
[1.905708] (-) TimerEvent: {}
[2.006010] (-) TimerEvent: {}
[2.106316] (-) TimerEvent: {}
[2.206670] (-) TimerEvent: {}
[2.307003] (-) TimerEvent: {}
[2.407302] (-) TimerEvent: {}
[2.507638] (-) TimerEvent: {}
[2.607960] (-) TimerEvent: {}
[2.708305] (-) TimerEvent: {}
[2.808666] (-) TimerEvent: {}
[2.908984] (-) TimerEvent: {}
[3.009290] (-) TimerEvent: {}
[3.109590] (-) TimerEvent: {}
[3.209927] (-) TimerEvent: {}
[3.310239] (-) TimerEvent: {}
[3.410590] (-) TimerEvent: {}
[3.510948] (-) TimerEvent: {}
[3.611326] (-) TimerEvent: {}
[3.711822] (-) TimerEvent: {}
[3.790361] (surveillance_logic) Command: {'cmd': ['/usr/bin/python3', '-W', 'ignore:setup.py install is deprecated', '-W', 'ignore:easy_install command is deprecated', 'setup.py', 'develop', '--editable', '--build-directory', '/home/opencw/.openclaw/openclaw-ros/projects/05_camera_surveillance/src/surveillance_logic/build/surveillance_logic/build', '--no-deps', 'symlink_data'], 'cwd': '/home/opencw/.openclaw/openclaw-ros/projects/05_camera_surveillance/src/surveillance_logic/build/surveillance_logic', 'env': {'USER': 'opencw', 'OPENCLAW_SYSTEMD_UNIT': 'openclaw-gateway.service', 'SHLVL': '0', 'LD_LIBRARY_PATH': '/opt/ros/kilted/lib/aarch64-linux-gnu:/opt/ros/kilted/lib', 'VIPSHOME': '/target', 'HOME': '/home/opencw', 'OPENCLAW_GATEWAY_TOKEN': '7ea1fb367e0e502879fcb10db1a1366b776651c7d921334b', 'OLDPWD': '/home/opencw/.openclaw/workspace', 'ROS_PYTHON_VERSION': '3', 'GTK_MODULES': 'gail:atk-bridge', 'NODE_NO_WARNINGS': '1', 'MANAGERPID': '1557', 'SYSTEMD_EXEC_PID': '4964', 'GSM_SKIP_SSH_AGENT_WORKAROUND': 'true', 'DBUS_SESSION_BUS_ADDRESS': 'unix:path=/run/user/1000/bus', 'OPENCLAW_SERVICE_VERSION': '2026.2.9', 'ROS_DISTRO': 'kilted', 'LOGNAME': 'opencw', 'JOURNAL_STREAM': '8:37648', '_': '/usr/bin/colcon', 'ROS_VERSION': '2', 'MEMORY_PRESSURE_WATCH': '/sys/fs/cgroup/user.slice/user-1000.slice/user@1000.service/app.slice/openclaw-gateway.service/memory.pressure', 'PATH': '/opt/ros/kilted/bin:/usr/local/bin:/usr/bin:/bin:/home/opencw/.local/bin:/home/opencw/.npm-global/bin:/home/opencw/bin:/home/opencw/.nvm/current/bin:/home/opencw/.fnm/current/bin:/home/opencw/.volta/bin:/home/opencw/.asdf/shims:/home/opencw/.local/share/pnpm:/home/opencw/.bun/bin', 'INVOCATION_ID': 'da7fd63d257d4c74acec77a4bfb7e78c', 'XDG_RUNTIME_DIR': '/run/user/1000', 'LANG': 'C.UTF-8', 'OPENCLAW_GATEWAY_PORT': '18789', 'SSH_AUTH_SOCK': '/run/user/1000/gnupg/S.gpg-agent.ssh', 'AMENT_PREFIX_PATH': '/opt/ros/kilted', 'SHELL': '/usr/bin/zsh', 'QT_ACCESSIBILITY': '1', 'OPENCLAW_SERVICE_KIND': 'gateway', 'OPENCLAW_SERVICE_MARKER': 'openclaw', 'ROS_AUTOMATIC_DISCOVERY_RANGE': 'SUBNET', 'PWD': '/home/opencw/.openclaw/openclaw-ros/projects/05_camera_surveillance/src/surveillance_logic/build/surveillance_logic', 'XDG_DATA_DIRS': '/usr/local/share/:/usr/share/:/var/lib/snapd/desktop', 'PYTHONPATH': '/home/opencw/.openclaw/openclaw-ros/projects/05_camera_surveillance/src/surveillance_logic/build/surveillance_logic/prefix_override:/usr/lib/python3/dist-packages/colcon_core/task/python/colcon_distutils_commands:/home/opencw/.openclaw/openclaw-ros/projects/05_camera_surveillance/src/surveillance_logic/install/surveillance_logic/lib/python3.12/site-packages:/opt/ros/kilted/lib/python3.12/site-packages', 'COLCON': '1', 'MEMORY_PRESSURE_WRITE': 'c29tZSAyMDAwMDAgMjAwMDAwMAA=', 'OPENCLAW_PATH_BOOTSTRAPPED': '1'}, 'shell': False}
[3.811964] (-) TimerEvent: {}
[3.912288] (-) TimerEvent: {}
[4.012676] (-) TimerEvent: {}
[4.112987] (-) TimerEvent: {}
[4.213302] (-) TimerEvent: {}
[4.313669] (-) TimerEvent: {}
[4.413978] (-) TimerEvent: {}
[4.514294] (-) TimerEvent: {}
[4.614664] (-) TimerEvent: {}
[4.714974] (-) TimerEvent: {}
[4.815280] (-) TimerEvent: {}
[4.915590] (-) TimerEvent: {}
[5.015929] (-) TimerEvent: {}
[5.116295] (-) TimerEvent: {}
[5.216664] (-) TimerEvent: {}
[5.282885] (surveillance_logic) StdoutLine: {'line': b'running develop\n'}
[5.316807] (-) TimerEvent: {}
[5.417099] (-) TimerEvent: {}
[5.517398] (-) TimerEvent: {}
[5.617703] (-) TimerEvent: {}
[5.718043] (-) TimerEvent: {}
[5.818357] (-) TimerEvent: {}
[5.918736] (-) TimerEvent: {}
[6.019069] (-) TimerEvent: {}
[6.119369] (-) TimerEvent: {}
[6.219712] (-) TimerEvent: {}
[6.229173] (surveillance_logic) StdoutLine: {'line': b'running egg_info\n'}
[6.313547] (surveillance_logic) StdoutLine: {'line': b'writing surveillance_logic.egg-info/PKG-INFO\n'}
[6.314664] (surveillance_logic) StdoutLine: {'line': b'writing dependency_links to surveillance_logic.egg-info/dependency_links.txt\n'}
[6.319874] (-) TimerEvent: {}
[6.321323] (surveillance_logic) StdoutLine: {'line': b'writing requirements to surveillance_logic.egg-info/requires.txt\n'}
[6.322629] (surveillance_logic) StdoutLine: {'line': b'writing top-level names to surveillance_logic.egg-info/top_level.txt\n'}
[6.420056] (-) TimerEvent: {}
[6.505379] (surveillance_logic) StdoutLine: {'line': b"reading manifest file 'surveillance_logic.egg-info/SOURCES.txt'\n"}
[6.508328] (surveillance_logic) StdoutLine: {'line': b"writing manifest file 'surveillance_logic.egg-info/SOURCES.txt'\n"}
[6.520184] (-) TimerEvent: {}
[6.598487] (surveillance_logic) StdoutLine: {'line': b'running build_ext\n'}
[6.599195] (surveillance_logic) StdoutLine: {'line': b'Creating /home/opencw/.openclaw/openclaw-ros/projects/05_camera_surveillance/src/surveillance_logic/install/surveillance_logic/lib/python3.12/site-packages/surveillance-logic.egg-link (link to .)\n'}
[6.601757] (surveillance_logic) StdoutLine: {'line': b'\n'}
[6.602240] (surveillance_logic) StdoutLine: {'line': b'Installed /home/opencw/.openclaw/openclaw-ros/projects/05_camera_surveillance/src/surveillance_logic/build/surveillance_logic\n'}
[6.602854] (surveillance_logic) StdoutLine: {'line': b'running symlink_data\n'}
[6.620448] (-) TimerEvent: {}
[6.721014] (-) TimerEvent: {}
[6.780640] (surveillance_logic) CommandEnded: {'returncode': 0}
[6.821157] (-) TimerEvent: {}
[6.847587] (surveillance_logic) JobEnded: {'identifier': 'surveillance_logic', 'rc': 0}
[6.851238] (-) EventReactorShutdown: {}
