[0.000000] (-) TimerEvent: {}
[0.000343] (surveillance_logic) JobQueued: {'identifier': 'surveillance_logic', 'dependencies': OrderedDict()}
[0.002079] (surveillance_logic) JobStarted: {'identifier': 'surveillance_logic'}
[0.099165] (-) TimerEvent: {}
[0.199512] (-) TimerEvent: {}
[0.299892] (-) TimerEvent: {}
[0.400312] (-) TimerEvent: {}
[0.500737] (-) TimerEvent: {}
[0.601059] (-) TimerEvent: {}
[0.701366] (-) TimerEvent: {}
[0.801731] (-) TimerEvent: {}
[0.902107] (-) TimerEvent: {}
[1.002633] (-) TimerEvent: {}
[1.103135] (-) TimerEvent: {}
[1.203583] (-) TimerEvent: {}
[1.303943] (-) TimerEvent: {}
[1.404252] (-) TimerEvent: {}
[1.504556] (-) TimerEvent: {}
[1.604896] (-) TimerEvent: {}
[1.705236] (-) TimerEvent: {}
[1.805530] (-) TimerEvent: {}
[1.905901] (-) TimerEvent: {}
[2.006225] (-) TimerEvent: {}
[2.106538] (-) TimerEvent: {}
[2.206880] (-) TimerEvent: {}
[2.307185] (-) TimerEvent: {}
[2.407502] (-) TimerEvent: {}
[2.507821] (-) TimerEvent: {}
[2.608128] (-) TimerEvent: {}
[2.708533] (-) TimerEvent: {}
[2.808949] (-) TimerEvent: {}
[2.909253] (-) TimerEvent: {}
[3.009560] (-) TimerEvent: {}
[3.109926] (-) TimerEvent: {}
[3.210256] (-) TimerEvent: {}
[3.310878] (-) TimerEvent: {}
[3.411561] (-) TimerEvent: {}
[3.475761] (surveillance_logic) Command: {'cmd': ['/usr/bin/python3', '-W', 'ignore:setup.py install is deprecated', '-W', 'ignore:easy_install command is deprecated', 'setup.py', 'develop', '--editable', '--build-directory', '/home/opencw/.openclaw/openclaw-ros/projects/05_surveillance_pro/src/surveillance_logic/build/surveillance_logic/build', '--no-deps', 'symlink_data'], 'cwd': '/home/opencw/.openclaw/openclaw-ros/projects/05_surveillance_pro/src/surveillance_logic/build/surveillance_logic', 'env': {'USER': 'opencw', 'OPENCLAW_SYSTEMD_UNIT': 'openclaw-gateway.service', 'SHLVL': '1', 'LD_LIBRARY_PATH': '/opt/ros/kilted/lib/aarch64-linux-gnu:/opt/ros/kilted/lib', 'VIPSHOME': '/target', 'HOME': '/home/opencw', 'OPENCLAW_GATEWAY_TOKEN': '7ea1fb367e0e502879fcb10db1a1366b776651c7d921334b', 'OLDPWD': '/home/opencw/.openclaw/workspace', 'ROS_PYTHON_VERSION': '3', 'GTK_MODULES': 'gail:atk-bridge', 'NODE_NO_WARNINGS': '1', 'MANAGERPID': '1557', 'SYSTEMD_EXEC_PID': '4964', 'GSM_SKIP_SSH_AGENT_WORKAROUND': 'true', 'DBUS_SESSION_BUS_ADDRESS': 'unix:path=/run/user/1000/bus', 'OPENCLAW_SERVICE_VERSION': '2026.2.9', 'ROS_DISTRO': 'kilted', 'LOGNAME': 'opencw', 'JOURNAL_STREAM': '8:37648', '_': '/usr/bin/colcon', 'ROS_VERSION': '2', 'MEMORY_PRESSURE_WATCH': '/sys/fs/cgroup/user.slice/user-1000.slice/user@1000.service/app.slice/openclaw-gateway.service/memory.pressure', 'PATH': '/opt/ros/kilted/bin:/usr/local/bin:/usr/bin:/bin:/home/opencw/.local/bin:/home/opencw/.npm-global/bin:/home/opencw/bin:/home/opencw/.nvm/current/bin:/home/opencw/.fnm/current/bin:/home/opencw/.volta/bin:/home/opencw/.asdf/shims:/home/opencw/.local/share/pnpm:/home/opencw/.bun/bin', 'INVOCATION_ID': 'da7fd63d257d4c74acec77a4bfb7e78c', 'XDG_RUNTIME_DIR': '/run/user/1000', 'LANG': 'C.UTF-8', 'OPENCLAW_GATEWAY_PORT': '18789', 'SSH_AUTH_SOCK': '/run/user/1000/gnupg/S.gpg-agent.ssh', 'AMENT_PREFIX_PATH': '/opt/ros/kilted', 'SHELL': '/usr/bin/zsh', 'QT_ACCESSIBILITY': '1', 'OPENCLAW_SERVICE_KIND': 'gateway', 'OPENCLAW_SERVICE_MARKER': 'openclaw', 'ROS_AUTOMATIC_DISCOVERY_RANGE': 'SUBNET', 'PWD': '/home/opencw/.openclaw/openclaw-ros/projects/05_surveillance_pro/src/surveillance_logic/build/surveillance_logic', 'XDG_DATA_DIRS': '/usr/local/share/:/usr/share/:/var/lib/snapd/desktop', 'PYTHONPATH': '/home/opencw/.openclaw/openclaw-ros/projects/05_surveillance_pro/src/surveillance_logic/build/surveillance_logic/prefix_override:/usr/lib/python3/dist-packages/colcon_core/task/python/colcon_distutils_commands:/home/opencw/.openclaw/openclaw-ros/projects/05_surveillance_pro/src/surveillance_logic/install/surveillance_logic/lib/python3.12/site-packages:/opt/ros/kilted/lib/python3.12/site-packages', 'COLCON': '1', 'MEMORY_PRESSURE_WRITE': 'c29tZSAyMDAwMDAgMjAwMDAwMAA=', 'OPENCLAW_PATH_BOOTSTRAPPED': '1'}, 'shell': False}
[3.511724] (-) TimerEvent: {}
[3.612057] (-) TimerEvent: {}
[3.712476] (-) TimerEvent: {}
[3.812812] (-) TimerEvent: {}
[3.913275] (-) TimerEvent: {}
[4.013721] (-) TimerEvent: {}
[4.114029] (-) TimerEvent: {}
[4.214338] (-) TimerEvent: {}
[4.314648] (-) TimerEvent: {}
[4.415031] (-) TimerEvent: {}
[4.515352] (-) TimerEvent: {}
[4.615649] (-) TimerEvent: {}
[4.716106] (-) TimerEvent: {}
[4.816493] (-) TimerEvent: {}
[4.860396] (surveillance_logic) StdoutLine: {'line': b'running develop\n'}
[4.916648] (-) TimerEvent: {}
[5.016985] (-) TimerEvent: {}
[5.117310] (-) TimerEvent: {}
[5.217631] (-) TimerEvent: {}
[5.318021] (-) TimerEvent: {}
[5.418323] (-) TimerEvent: {}
[5.518632] (-) TimerEvent: {}
[5.618977] (-) TimerEvent: {}
[5.716351] (surveillance_logic) StdoutLine: {'line': b'running egg_info\n'}
[5.719098] (-) TimerEvent: {}
[5.789393] (surveillance_logic) StdoutLine: {'line': b'writing surveillance_logic.egg-info/PKG-INFO\n'}
[5.790603] (surveillance_logic) StdoutLine: {'line': b'writing dependency_links to surveillance_logic.egg-info/dependency_links.txt\n'}
[5.797973] (surveillance_logic) StdoutLine: {'line': b'writing requirements to surveillance_logic.egg-info/requires.txt\n'}
[5.799773] (surveillance_logic) StdoutLine: {'line': b'writing top-level names to surveillance_logic.egg-info/top_level.txt\n'}
[5.819242] (-) TimerEvent: {}
[5.919533] (-) TimerEvent: {}
[5.955510] (surveillance_logic) StdoutLine: {'line': b"reading manifest file 'surveillance_logic.egg-info/SOURCES.txt'\n"}
[5.958468] (surveillance_logic) StdoutLine: {'line': b"writing manifest file 'surveillance_logic.egg-info/SOURCES.txt'\n"}
[6.019724] (-) TimerEvent: {}
[6.041018] (surveillance_logic) StdoutLine: {'line': b'running build_ext\n'}
[6.041782] (surveillance_logic) StdoutLine: {'line': b'Creating /home/opencw/.openclaw/openclaw-ros/projects/05_surveillance_pro/src/surveillance_logic/install/surveillance_logic/lib/python3.12/site-packages/surveillance-logic.egg-link (link to .)\n'}
[6.044274] (surveillance_logic) StdoutLine: {'line': b'\n'}
[6.045039] (surveillance_logic) StdoutLine: {'line': b'Installed /home/opencw/.openclaw/openclaw-ros/projects/05_surveillance_pro/src/surveillance_logic/build/surveillance_logic\n'}
[6.045435] (surveillance_logic) StdoutLine: {'line': b'running symlink_data\n'}
[6.119980] (-) TimerEvent: {}
[6.210025] (surveillance_logic) CommandEnded: {'returncode': 0}
[6.220261] (-) TimerEvent: {}
[6.279721] (surveillance_logic) JobEnded: {'identifier': 'surveillance_logic', 'rc': 0}
[6.281894] (-) EventReactorShutdown: {}
