[0.000000] (-) TimerEvent: {}
[0.000631] (surveillance_logic) JobQueued: {'identifier': 'surveillance_logic', 'dependencies': OrderedDict()}
[0.001381] (surveillance_logic) JobStarted: {'identifier': 'surveillance_logic'}
[0.099283] (-) TimerEvent: {}
[0.199598] (-) TimerEvent: {}
[0.299918] (-) TimerEvent: {}
[0.400232] (-) TimerEvent: {}
[0.500546] (-) TimerEvent: {}
[0.600899] (-) TimerEvent: {}
[0.701197] (-) TimerEvent: {}
[0.801626] (-) TimerEvent: {}
[0.902070] (-) TimerEvent: {}
[1.002379] (-) TimerEvent: {}
[1.102672] (-) TimerEvent: {}
[1.203018] (-) TimerEvent: {}
[1.303360] (-) TimerEvent: {}
[1.403663] (-) TimerEvent: {}
[1.503992] (-) TimerEvent: {}
[1.604279] (-) TimerEvent: {}
[1.704581] (-) TimerEvent: {}
[1.804891] (-) TimerEvent: {}
[1.905215] (-) TimerEvent: {}
[2.005539] (-) TimerEvent: {}
[2.105849] (-) TimerEvent: {}
[2.206130] (-) TimerEvent: {}
[2.306452] (-) TimerEvent: {}
[2.406743] (-) TimerEvent: {}
[2.507094] (-) TimerEvent: {}
[2.607399] (-) TimerEvent: {}
[2.707685] (-) TimerEvent: {}
[2.808032] (-) TimerEvent: {}
[2.908360] (-) TimerEvent: {}
[3.008671] (-) TimerEvent: {}
[3.109113] (-) TimerEvent: {}
[3.209524] (-) TimerEvent: {}
[3.222161] (surveillance_logic) Command: {'cmd': ['/usr/bin/python3', '-W', 'ignore:setup.py install is deprecated', '-W', 'ignore:easy_install command is deprecated', 'setup.py', 'develop', '--editable', '--build-directory', '/home/opencw/.openclaw/openclaw-ros/projects/05_camera_surveillance/src/surveillance_logic/build/surveillance_logic/build', '--no-deps', 'symlink_data'], 'cwd': '/home/opencw/.openclaw/openclaw-ros/projects/05_camera_surveillance/src/surveillance_logic/build/surveillance_logic', 'env': {'USER': 'opencw', 'OPENCLAW_SYSTEMD_UNIT': 'openclaw-gateway.service', 'SHLVL': '1', 'LD_LIBRARY_PATH': '/opt/ros/kilted/lib/aarch64-linux-gnu:/opt/ros/kilted/lib', 'VIPSHOME': '/target', 'HOME': '/home/opencw', 'OPENCLAW_GATEWAY_TOKEN': '7ea1fb367e0e502879fcb10db1a1366b776651c7d921334b', 'OLDPWD': '/home/opencw/.openclaw/workspace', 'ROS_PYTHON_VERSION': '3', 'GTK_MODULES': 'gail:atk-bridge', 'NODE_NO_WARNINGS': '1', 'MANAGERPID': '1557', 'SYSTEMD_EXEC_PID': '4964', 'GSM_SKIP_SSH_AGENT_WORKAROUND': 'true', 'DBUS_SESSION_BUS_ADDRESS': 'unix:path=/run/user/1000/bus', 'OPENCLAW_SERVICE_VERSION': '2026.2.9', 'ROS_DISTRO': 'kilted', 'LOGNAME': 'opencw', 'JOURNAL_STREAM': '8:37648', '_': '/usr/bin/colcon', 'ROS_VERSION': '2', 'MEMORY_PRESSURE_WATCH': '/sys/fs/cgroup/user.slice/user-1000.slice/user@1000.service/app.slice/openclaw-gateway.service/memory.pressure', 'PATH': '/opt/ros/kilted/bin:/usr/local/bin:/usr/bin:/bin:/home/opencw/.local/bin:/home/opencw/.npm-global/bin:/home/opencw/bin:/home/opencw/.nvm/current/bin:/home/opencw/.fnm/current/bin:/home/opencw/.volta/bin:/home/opencw/.asdf/shims:/home/opencw/.local/share/pnpm:/home/opencw/.bun/bin', 'INVOCATION_ID': 'da7fd63d257d4c74acec77a4bfb7e78c', 'XDG_RUNTIME_DIR': '/run/user/1000', 'LANG': 'C.UTF-8', 'OPENCLAW_GATEWAY_PORT': '18789', 'SSH_AUTH_SOCK': '/run/user/1000/gnupg/S.gpg-agent.ssh', 'AMENT_PREFIX_PATH': '/opt/ros/kilted', 'SHELL': '/usr/bin/zsh', 'QT_ACCESSIBILITY': '1', 'OPENCLAW_SERVICE_KIND': 'gateway', 'OPENCLAW_SERVICE_MARKER': 'openclaw', 'ROS_AUTOMATIC_DISCOVERY_RANGE': 'SUBNET', 'PWD': '/home/opencw/.openclaw/openclaw-ros/projects/05_camera_surveillance/src/surveillance_logic/build/surveillance_logic', 'XDG_DATA_DIRS': '/usr/local/share/:/usr/share/:/var/lib/snapd/desktop', 'PYTHONPATH': '/home/opencw/.openclaw/openclaw-ros/projects/05_camera_surveillance/src/surveillance_logic/build/surveillance_logic/prefix_override:/usr/lib/python3/dist-packages/colcon_core/task/python/colcon_distutils_commands:/home/opencw/.openclaw/openclaw-ros/projects/05_camera_surveillance/src/surveillance_logic/install/surveillance_logic/lib/python3.12/site-packages:/opt/ros/kilted/lib/python3.12/site-packages', 'COLCON': '1', 'MEMORY_PRESSURE_WRITE': 'c29tZSAyMDAwMDAgMjAwMDAwMAA=', 'OPENCLAW_PATH_BOOTSTRAPPED': '1'}, 'shell': False}
[3.309671] (-) TimerEvent: {}
[3.410029] (-) TimerEvent: {}
[3.510359] (-) TimerEvent: {}
[3.610736] (-) TimerEvent: {}
[3.711095] (-) TimerEvent: {}
[3.811385] (-) TimerEvent: {}
[3.911681] (-) TimerEvent: {}
[4.012037] (-) TimerEvent: {}
[4.112318] (-) TimerEvent: {}
[4.212612] (-) TimerEvent: {}
[4.312909] (-) TimerEvent: {}
[4.413216] (-) TimerEvent: {}
[4.501171] (surveillance_logic) StdoutLine: {'line': b'running develop\n'}
[4.513349] (-) TimerEvent: {}
[4.613620] (-) TimerEvent: {}
[4.713916] (-) TimerEvent: {}
[4.814195] (-) TimerEvent: {}
[4.914490] (-) TimerEvent: {}
[5.014826] (-) TimerEvent: {}
[5.115122] (-) TimerEvent: {}
[5.215408] (-) TimerEvent: {}
[5.294155] (surveillance_logic) StdoutLine: {'line': b'running egg_info\n'}
[5.315583] (-) TimerEvent: {}
[5.376778] (surveillance_logic) StdoutLine: {'line': b'writing surveillance_logic.egg-info/PKG-INFO\n'}
[5.377945] (surveillance_logic) StdoutLine: {'line': b'writing dependency_links to surveillance_logic.egg-info/dependency_links.txt\n'}
[5.384942] (surveillance_logic) StdoutLine: {'line': b'writing entry points to surveillance_logic.egg-info/entry_points.txt\n'}
[5.385644] (surveillance_logic) StdoutLine: {'line': b'writing requirements to surveillance_logic.egg-info/requires.txt\n'}
[5.386663] (surveillance_logic) StdoutLine: {'line': b'writing top-level names to surveillance_logic.egg-info/top_level.txt\n'}
[5.415725] (-) TimerEvent: {}
[5.516080] (-) TimerEvent: {}
[5.537825] (surveillance_logic) StdoutLine: {'line': b"reading manifest file 'surveillance_logic.egg-info/SOURCES.txt'\n"}
[5.540860] (surveillance_logic) StdoutLine: {'line': b"writing manifest file 'surveillance_logic.egg-info/SOURCES.txt'\n"}
[5.616346] (surveillance_logic) StdoutLine: {'line': b'running build_ext\n'}
[5.617140] (-) TimerEvent: {}
[5.617235] (surveillance_logic) StdoutLine: {'line': b'Creating /home/opencw/.openclaw/openclaw-ros/projects/05_camera_surveillance/src/surveillance_logic/install/surveillance_logic/lib/python3.12/site-packages/surveillance-logic.egg-link (link to .)\n'}
[5.619714] (surveillance_logic) StdoutLine: {'line': b'Installing email_mocker script to /home/opencw/.openclaw/openclaw-ros/projects/05_camera_surveillance/src/surveillance_logic/install/surveillance_logic/lib/surveillance_logic\n'}
[5.620778] (surveillance_logic) StdoutLine: {'line': b'Installing surveillant script to /home/opencw/.openclaw/openclaw-ros/projects/05_camera_surveillance/src/surveillance_logic/install/surveillance_logic/lib/surveillance_logic\n'}
[5.622072] (surveillance_logic) StdoutLine: {'line': b'\n'}
[5.622770] (surveillance_logic) StdoutLine: {'line': b'Installed /home/opencw/.openclaw/openclaw-ros/projects/05_camera_surveillance/src/surveillance_logic/build/surveillance_logic\n'}
[5.623169] (surveillance_logic) StdoutLine: {'line': b'running symlink_data\n'}
[5.623851] (surveillance_logic) StdoutLine: {'line': b'creating /home/opencw/.openclaw/openclaw-ros/projects/05_camera_surveillance/src/surveillance_logic/install/surveillance_logic/share/surveillance_logic/launch\n'}
[5.624538] (surveillance_logic) StdoutLine: {'line': b'symbolically linking /home/opencw/.openclaw/openclaw-ros/projects/05_camera_surveillance/src/surveillance_logic/build/surveillance_logic/launch/simulation.launch.py -> /home/opencw/.openclaw/openclaw-ros/projects/05_camera_surveillance/src/surveillance_logic/install/surveillance_logic/share/surveillance_logic/launch\n'}
[5.717505] (-) TimerEvent: {}
[5.776857] (surveillance_logic) CommandEnded: {'returncode': 0}
[5.817625] (-) TimerEvent: {}
[5.847077] (surveillance_logic) JobEnded: {'identifier': 'surveillance_logic', 'rc': 0}
[5.850313] (-) EventReactorShutdown: {}
