[3.230s] Invoking command in '/home/opencw/.openclaw/openclaw-ros/projects/02_turtle_talker/src/turtle_talker/build/turtle_talker': PYTHONPATH=/home/opencw/.openclaw/openclaw-ros/projects/02_turtle_talker/src/turtle_talker/build/turtle_talker/prefix_override:/usr/lib/python3/dist-packages/colcon_core/task/python/colcon_distutils_commands:/home/opencw/.openclaw/openclaw-ros/projects/02_turtle_talker/src/turtle_talker/install/turtle_talker/lib/python3.12/site-packages:${PYTHONPATH} /usr/bin/python3 -W ignore:setup.py install is deprecated -W ignore:easy_install command is deprecated setup.py develop --editable --build-directory /home/opencw/.openclaw/openclaw-ros/projects/02_turtle_talker/src/turtle_talker/build/turtle_talker/build --no-deps symlink_data
[4.504s] running develop
[5.301s] running egg_info
[5.369s] writing turtle_talker.egg-info/PKG-INFO
[5.371s] writing dependency_links to turtle_talker.egg-info/dependency_links.txt
[5.377s] writing entry points to turtle_talker.egg-info/entry_points.txt
[5.378s] writing requirements to turtle_talker.egg-info/requires.txt
[5.379s] writing top-level names to turtle_talker.egg-info/top_level.txt
[5.528s] reading manifest file 'turtle_talker.egg-info/SOURCES.txt'
[5.531s] writing manifest file 'turtle_talker.egg-info/SOURCES.txt'
[5.607s] running build_ext
[5.607s] Creating /home/opencw/.openclaw/openclaw-ros/projects/02_turtle_talker/src/turtle_talker/install/turtle_talker/lib/python3.12/site-packages/turtle-talker.egg-link (link to .)
[5.610s] Installing listener script to /home/opencw/.openclaw/openclaw-ros/projects/02_turtle_talker/src/turtle_talker/install/turtle_talker/lib/turtle_talker
[5.611s] Installing talker script to /home/opencw/.openclaw/openclaw-ros/projects/02_turtle_talker/src/turtle_talker/install/turtle_talker/lib/turtle_talker
[5.612s] 
[5.613s] Installed /home/opencw/.openclaw/openclaw-ros/projects/02_turtle_talker/src/turtle_talker/build/turtle_talker
[5.613s] running symlink_data
[5.614s] creating /home/opencw/.openclaw/openclaw-ros/projects/02_turtle_talker/src/turtle_talker/install/turtle_talker/share/turtle_talker/launch
[5.615s] symbolically linking /home/opencw/.openclaw/openclaw-ros/projects/02_turtle_talker/src/turtle_talker/build/turtle_talker/launch/simulation.launch.py -> /home/opencw/.openclaw/openclaw-ros/projects/02_turtle_talker/src/turtle_talker/install/turtle_talker/share/turtle_talker/launch
[5.768s] Invoked command in '/home/opencw/.openclaw/openclaw-ros/projects/02_turtle_talker/src/turtle_talker/build/turtle_talker' returned '0': PYTHONPATH=/home/opencw/.openclaw/openclaw-ros/projects/02_turtle_talker/src/turtle_talker/build/turtle_talker/prefix_override:/usr/lib/python3/dist-packages/colcon_core/task/python/colcon_distutils_commands:/home/opencw/.openclaw/openclaw-ros/projects/02_turtle_talker/src/turtle_talker/install/turtle_talker/lib/python3.12/site-packages:${PYTHONPATH} /usr/bin/python3 -W ignore:setup.py install is deprecated -W ignore:easy_install command is deprecated setup.py develop --editable --build-directory /home/opencw/.openclaw/openclaw-ros/projects/02_turtle_talker/src/turtle_talker/build/turtle_talker/build --no-deps symlink_data
