[0.000000] (-) TimerEvent: {}
[0.000339] (camera_capture) JobQueued: {'identifier': 'camera_capture', 'dependencies': OrderedDict()}
[0.001367] (camera_capture) JobStarted: {'identifier': 'camera_capture'}
[0.099269] (-) TimerEvent: {}
[0.199578] (-) TimerEvent: {}
[0.299908] (-) TimerEvent: {}
[0.400283] (-) TimerEvent: {}
[0.500616] (-) TimerEvent: {}
[0.600941] (-) TimerEvent: {}
[0.701272] (-) TimerEvent: {}
[0.801574] (-) TimerEvent: {}
[0.902079] (-) TimerEvent: {}
[1.002511] (-) TimerEvent: {}
[1.102847] (-) TimerEvent: {}
[1.203219] (-) TimerEvent: {}
[1.303532] (-) TimerEvent: {}
[1.403826] (-) TimerEvent: {}
[1.504131] (-) TimerEvent: {}
[1.604433] (-) TimerEvent: {}
[1.704737] (-) TimerEvent: {}
[1.805108] (-) TimerEvent: {}
[1.905452] (-) TimerEvent: {}
[2.005757] (-) TimerEvent: {}
[2.106069] (-) TimerEvent: {}
[2.206374] (-) TimerEvent: {}
[2.306691] (-) TimerEvent: {}
[2.407064] (-) TimerEvent: {}
[2.507444] (-) TimerEvent: {}
[2.607753] (-) TimerEvent: {}
[2.708086] (-) TimerEvent: {}
[2.808386] (-) TimerEvent: {}
[2.908670] (-) TimerEvent: {}
[3.008953] (-) TimerEvent: {}
[3.109400] (-) TimerEvent: {}
[3.209915] (-) TimerEvent: {}
[3.278382] (camera_capture) Command: {'cmd': ['/usr/bin/python3', '-W', 'ignore:setup.py install is deprecated', '-W', 'ignore:easy_install command is deprecated', 'setup.py', 'develop', '--editable', '--build-directory', '/home/opencw/.openclaw/openclaw-ros/projects/03_camera_capture/src/camera_capture/build/camera_capture/build', '--no-deps', 'symlink_data'], 'cwd': '/home/opencw/.openclaw/openclaw-ros/projects/03_camera_capture/src/camera_capture/build/camera_capture', 'env': {'USER': 'opencw', 'OPENCLAW_SYSTEMD_UNIT': 'openclaw-gateway.service', 'SHLVL': '1', 'LD_LIBRARY_PATH': '/opt/ros/kilted/lib/aarch64-linux-gnu:/opt/ros/kilted/lib', 'HOME': '/home/opencw', 'OPENCLAW_GATEWAY_TOKEN': '7ea1fb367e0e502879fcb10db1a1366b776651c7d921334b', 'OLDPWD': '/home/opencw/.openclaw/openclaw-ros/projects/03_camera_capture/src/camera_capture', 'GTK_MODULES': 'gail:atk-bridge', 'ROS_PYTHON_VERSION': '3', 'MANAGERPID': '1545', 'NODE_NO_WARNINGS': '1', 'DBUS_SESSION_BUS_ADDRESS': 'unix:path=/run/user/1000/bus', 'GSM_SKIP_SSH_AGENT_WORKAROUND': 'true', 'SYSTEMD_EXEC_PID': '5378', 'OPENCLAW_SERVICE_VERSION': '2026.2.9', 'ROS_DISTRO': 'kilted', 'LOGNAME': 'opencw', 'JOURNAL_STREAM': '8:34513', '_': '/usr/bin/colcon', 'MEMORY_PRESSURE_WATCH': '/sys/fs/cgroup/user.slice/user-1000.slice/user@1000.service/app.slice/openclaw-gateway.service/memory.pressure', 'ROS_VERSION': '2', 'PATH': '/opt/ros/kilted/bin:/usr/local/bin:/usr/bin:/bin:/home/opencw/.local/bin:/home/opencw/.npm-global/bin:/home/opencw/bin:/home/opencw/.nvm/current/bin:/home/opencw/.fnm/current/bin:/home/opencw/.volta/bin:/home/opencw/.asdf/shims:/home/opencw/.local/share/pnpm:/home/opencw/.bun/bin', 'INVOCATION_ID': '2de44f67250c40ef9c6691f3849566f8', 'XDG_RUNTIME_DIR': '/run/user/1000', 'LANG': 'C.UTF-8', 'OPENCLAW_GATEWAY_PORT': '18789', 'SSH_AUTH_SOCK': '/run/user/1000/gnupg/S.gpg-agent.ssh', 'AMENT_PREFIX_PATH': '/opt/ros/kilted', 'SHELL': '/usr/bin/zsh', 'QT_ACCESSIBILITY': '1', 'OPENCLAW_SERVICE_MARKER': 'openclaw', 'OPENCLAW_SERVICE_KIND': 'gateway', 'ROS_AUTOMATIC_DISCOVERY_RANGE': 'SUBNET', 'PWD': '/home/opencw/.openclaw/openclaw-ros/projects/03_camera_capture/src/camera_capture/build/camera_capture', 'XDG_DATA_DIRS': '/usr/local/share/:/usr/share/:/var/lib/snapd/desktop', 'PYTHONPATH': '/home/opencw/.openclaw/openclaw-ros/projects/03_camera_capture/src/camera_capture/build/camera_capture/prefix_override:/usr/lib/python3/dist-packages/colcon_core/task/python/colcon_distutils_commands:/home/opencw/.openclaw/openclaw-ros/projects/03_camera_capture/src/camera_capture/install/camera_capture/lib/python3.12/site-packages:/opt/ros/kilted/lib/python3.12/site-packages', 'COLCON': '1', 'MEMORY_PRESSURE_WRITE': 'c29tZSAyMDAwMDAgMjAwMDAwMAA=', 'OPENCLAW_PATH_BOOTSTRAPPED': '1'}, 'shell': False}
[3.310066] (-) TimerEvent: {}
[3.410373] (-) TimerEvent: {}
[3.510699] (-) TimerEvent: {}
[3.611086] (-) TimerEvent: {}
[3.711395] (-) TimerEvent: {}
[3.811759] (-) TimerEvent: {}
[3.912082] (-) TimerEvent: {}
[4.012380] (-) TimerEvent: {}
[4.112712] (-) TimerEvent: {}
[4.213088] (-) TimerEvent: {}
[4.313398] (-) TimerEvent: {}
[4.413705] (-) TimerEvent: {}
[4.514075] (-) TimerEvent: {}
[4.603267] (camera_capture) StdoutLine: {'line': b'running develop\n'}
[4.614233] (-) TimerEvent: {}
[4.714504] (-) TimerEvent: {}
[4.814794] (-) TimerEvent: {}
[4.915100] (-) TimerEvent: {}
[5.015394] (-) TimerEvent: {}
[5.115704] (-) TimerEvent: {}
[5.216062] (-) TimerEvent: {}
[5.316342] (-) TimerEvent: {}
[5.398724] (camera_capture) StdoutLine: {'line': b'running egg_info\n'}
[5.399586] (camera_capture) StdoutLine: {'line': b'creating camera_capture.egg-info\n'}
[5.416467] (-) TimerEvent: {}
[5.468831] (camera_capture) StdoutLine: {'line': b'writing camera_capture.egg-info/PKG-INFO\n'}
[5.469951] (camera_capture) StdoutLine: {'line': b'writing dependency_links to camera_capture.egg-info/dependency_links.txt\n'}
[5.470740] (camera_capture) StdoutLine: {'line': b'writing entry points to camera_capture.egg-info/entry_points.txt\n'}
[5.471456] (camera_capture) StdoutLine: {'line': b'writing requirements to camera_capture.egg-info/requires.txt\n'}
[5.472156] (camera_capture) StdoutLine: {'line': b'writing top-level names to camera_capture.egg-info/top_level.txt\n'}
[5.472863] (camera_capture) StdoutLine: {'line': b"writing manifest file 'camera_capture.egg-info/SOURCES.txt'\n"}
[5.516603] (-) TimerEvent: {}
[5.616894] (-) TimerEvent: {}
[5.617880] (camera_capture) StdoutLine: {'line': b"reading manifest file 'camera_capture.egg-info/SOURCES.txt'\n"}
[5.620513] (camera_capture) StdoutLine: {'line': b"writing manifest file 'camera_capture.egg-info/SOURCES.txt'\n"}
[5.697457] (camera_capture) StdoutLine: {'line': b'running build_ext\n'}
[5.698297] (camera_capture) StdoutLine: {'line': b'Creating /home/opencw/.openclaw/openclaw-ros/projects/03_camera_capture/src/camera_capture/install/camera_capture/lib/python3.12/site-packages/camera-capture.egg-link (link to .)\n'}
[5.700692] (camera_capture) StdoutLine: {'line': b'Installing image_saver script to /home/opencw/.openclaw/openclaw-ros/projects/03_camera_capture/src/camera_capture/install/camera_capture/lib/camera_capture\n'}
[5.701818] (camera_capture) StdoutLine: {'line': b'Installing virtual_camera script to /home/opencw/.openclaw/openclaw-ros/projects/03_camera_capture/src/camera_capture/install/camera_capture/lib/camera_capture\n'}
[5.703208] (camera_capture) StdoutLine: {'line': b'\n'}
[5.703997] (camera_capture) StdoutLine: {'line': b'Installed /home/opencw/.openclaw/openclaw-ros/projects/03_camera_capture/src/camera_capture/build/camera_capture\n'}
[5.704442] (camera_capture) StdoutLine: {'line': b'running symlink_data\n'}
[5.705133] (camera_capture) StdoutLine: {'line': b'creating /home/opencw/.openclaw/openclaw-ros/projects/03_camera_capture/src/camera_capture/install/camera_capture/share/ament_index\n'}
[5.705590] (camera_capture) StdoutLine: {'line': b'creating /home/opencw/.openclaw/openclaw-ros/projects/03_camera_capture/src/camera_capture/install/camera_capture/share/ament_index/resource_index\n'}
[5.705950] (camera_capture) StdoutLine: {'line': b'creating /home/opencw/.openclaw/openclaw-ros/projects/03_camera_capture/src/camera_capture/install/camera_capture/share/ament_index/resource_index/packages\n'}
[5.706676] (camera_capture) StdoutLine: {'line': b'symbolically linking /home/opencw/.openclaw/openclaw-ros/projects/03_camera_capture/src/camera_capture/build/camera_capture/resource/camera_capture -> /home/opencw/.openclaw/openclaw-ros/projects/03_camera_capture/src/camera_capture/install/camera_capture/share/ament_index/resource_index/packages\n'}
[5.707288] (camera_capture) StdoutLine: {'line': b'symbolically linking /home/opencw/.openclaw/openclaw-ros/projects/03_camera_capture/src/camera_capture/build/camera_capture/package.xml -> /home/opencw/.openclaw/openclaw-ros/projects/03_camera_capture/src/camera_capture/install/camera_capture/share/camera_capture\n'}
[5.708406] (camera_capture) StdoutLine: {'line': b'creating /home/opencw/.openclaw/openclaw-ros/projects/03_camera_capture/src/camera_capture/install/camera_capture/share/camera_capture/launch\n'}
[5.709583] (camera_capture) StdoutLine: {'line': b'symbolically linking /home/opencw/.openclaw/openclaw-ros/projects/03_camera_capture/src/camera_capture/build/camera_capture/launch/simulation.launch.py -> /home/opencw/.openclaw/openclaw-ros/projects/03_camera_capture/src/camera_capture/install/camera_capture/share/camera_capture/launch\n'}
[5.717166] (-) TimerEvent: {}
[5.817675] (-) TimerEvent: {}
[5.862304] (camera_capture) CommandEnded: {'returncode': 0}
[5.910408] (camera_capture) JobEnded: {'identifier': 'camera_capture', 'rc': 0}
[5.912558] (-) EventReactorShutdown: {}
