[0.000000] (-) TimerEvent: {}
[0.000639] (yolo_detector) JobQueued: {'identifier': 'yolo_detector', 'dependencies': OrderedDict()}
[0.001373] (yolo_detector) JobStarted: {'identifier': 'yolo_detector'}
[0.099256] (-) TimerEvent: {}
[0.199607] (-) TimerEvent: {}
[0.299926] (-) TimerEvent: {}
[0.400225] (-) TimerEvent: {}
[0.500552] (-) TimerEvent: {}
[0.600834] (-) TimerEvent: {}
[0.701104] (-) TimerEvent: {}
[0.801476] (-) TimerEvent: {}
[0.902059] (-) TimerEvent: {}
[1.002413] (-) TimerEvent: {}
[1.102744] (-) TimerEvent: {}
[1.203049] (-) TimerEvent: {}
[1.303341] (-) TimerEvent: {}
[1.403620] (-) TimerEvent: {}
[1.503886] (-) TimerEvent: {}
[1.604157] (-) TimerEvent: {}
[1.704470] (-) TimerEvent: {}
[1.804804] (-) TimerEvent: {}
[1.905094] (-) TimerEvent: {}
[2.005373] (-) TimerEvent: {}
[2.105682] (-) TimerEvent: {}
[2.205997] (-) TimerEvent: {}
[2.306314] (-) TimerEvent: {}
[2.406596] (-) TimerEvent: {}
[2.506905] (-) TimerEvent: {}
[2.607193] (-) TimerEvent: {}
[2.707508] (-) TimerEvent: {}
[2.807805] (-) TimerEvent: {}
[2.908194] (-) TimerEvent: {}
[3.008607] (-) TimerEvent: {}
[3.109014] (-) TimerEvent: {}
[3.190427] (yolo_detector) Command: {'cmd': ['/usr/bin/python3', '-W', 'ignore:setup.py install is deprecated', '-W', 'ignore:easy_install command is deprecated', 'setup.py', 'develop', '--editable', '--build-directory', '/home/opencw/.openclaw/openclaw-ros/projects/04_yolo_detector/src/yolo_detector/build/yolo_detector/build', '--no-deps', 'symlink_data'], 'cwd': '/home/opencw/.openclaw/openclaw-ros/projects/04_yolo_detector/src/yolo_detector/build/yolo_detector', 'env': {'USER': 'opencw', 'OPENCLAW_SYSTEMD_UNIT': 'openclaw-gateway.service', 'SHLVL': '1', 'LD_LIBRARY_PATH': '/opt/ros/kilted/lib/aarch64-linux-gnu:/opt/ros/kilted/lib', 'HOME': '/home/opencw', 'OPENCLAW_GATEWAY_TOKEN': '7ea1fb367e0e502879fcb10db1a1366b776651c7d921334b', 'VIPSHOME': '/target', 'OLDPWD': '/home/opencw/.openclaw/openclaw-ros/projects/04_yolo_detector/src/yolo_detector', 'GTK_MODULES': 'gail:atk-bridge', 'ROS_PYTHON_VERSION': '3', 'MANAGERPID': '1557', 'NODE_NO_WARNINGS': '1', 'DBUS_SESSION_BUS_ADDRESS': 'unix:path=/run/user/1000/bus', 'GSM_SKIP_SSH_AGENT_WORKAROUND': 'true', 'SYSTEMD_EXEC_PID': '1715', 'OPENCLAW_SERVICE_VERSION': '2026.2.9', 'ROS_DISTRO': 'kilted', 'LOGNAME': 'opencw', 'JOURNAL_STREAM': '8:13286', '_': '/usr/bin/colcon', 'MEMORY_PRESSURE_WATCH': '/sys/fs/cgroup/user.slice/user-1000.slice/user@1000.service/app.slice/openclaw-gateway.service/memory.pressure', 'ROS_VERSION': '2', 'PATH': '/opt/ros/kilted/bin:/usr/local/bin:/usr/bin:/bin:/home/opencw/.local/bin:/home/opencw/.npm-global/bin:/home/opencw/bin:/home/opencw/.nvm/current/bin:/home/opencw/.fnm/current/bin:/home/opencw/.volta/bin:/home/opencw/.asdf/shims:/home/opencw/.local/share/pnpm:/home/opencw/.bun/bin', 'INVOCATION_ID': '89548135506b4d389a62b80abe3a3da2', 'XDG_RUNTIME_DIR': '/run/user/1000', 'LANG': 'C.UTF-8', 'OPENCLAW_GATEWAY_PORT': '18789', 'SSH_AUTH_SOCK': '/run/user/1000/gnupg/S.gpg-agent.ssh', 'AMENT_PREFIX_PATH': '/opt/ros/kilted', 'SHELL': '/usr/bin/zsh', 'QT_ACCESSIBILITY': '1', 'OPENCLAW_SERVICE_MARKER': 'openclaw', 'OPENCLAW_SERVICE_KIND': 'gateway', 'ROS_AUTOMATIC_DISCOVERY_RANGE': 'SUBNET', 'PWD': '/home/opencw/.openclaw/openclaw-ros/projects/04_yolo_detector/src/yolo_detector/build/yolo_detector', 'XDG_DATA_DIRS': '/usr/local/share/:/usr/share/:/var/lib/snapd/desktop', 'PYTHONPATH': '/home/opencw/.openclaw/openclaw-ros/projects/04_yolo_detector/src/yolo_detector/build/yolo_detector/prefix_override:/usr/lib/python3/dist-packages/colcon_core/task/python/colcon_distutils_commands:/home/opencw/.openclaw/openclaw-ros/projects/04_yolo_detector/src/yolo_detector/install/yolo_detector/lib/python3.12/site-packages:/opt/ros/kilted/lib/python3.12/site-packages', 'COLCON': '1', 'MEMORY_PRESSURE_WRITE': 'c29tZSAyMDAwMDAgMjAwMDAwMAA=', 'OPENCLAW_PATH_BOOTSTRAPPED': '1'}, 'shell': False}
[3.209159] (-) TimerEvent: {}
[3.309465] (-) TimerEvent: {}
[3.409811] (-) TimerEvent: {}
[3.510112] (-) TimerEvent: {}
[3.610417] (-) TimerEvent: {}
[3.710754] (-) TimerEvent: {}
[3.811087] (-) TimerEvent: {}
[3.911372] (-) TimerEvent: {}
[4.011697] (-) TimerEvent: {}
[4.111990] (-) TimerEvent: {}
[4.212279] (-) TimerEvent: {}
[4.312593] (-) TimerEvent: {}
[4.412878] (-) TimerEvent: {}
[4.457269] (yolo_detector) StdoutLine: {'line': b'running develop\n'}
[4.513028] (-) TimerEvent: {}
[4.613340] (-) TimerEvent: {}
[4.713678] (-) TimerEvent: {}
[4.813966] (-) TimerEvent: {}
[4.914328] (-) TimerEvent: {}
[5.014694] (-) TimerEvent: {}
[5.114984] (-) TimerEvent: {}
[5.215264] (-) TimerEvent: {}
[5.256667] (yolo_detector) StdoutLine: {'line': b'running egg_info\n'}
[5.315409] (-) TimerEvent: {}
[5.323386] (yolo_detector) StdoutLine: {'line': b'writing yolo_detector.egg-info/PKG-INFO\n'}
[5.324520] (yolo_detector) StdoutLine: {'line': b'writing dependency_links to yolo_detector.egg-info/dependency_links.txt\n'}
[5.331230] (yolo_detector) StdoutLine: {'line': b'writing entry points to yolo_detector.egg-info/entry_points.txt\n'}
[5.332158] (yolo_detector) StdoutLine: {'line': b'writing requirements to yolo_detector.egg-info/requires.txt\n'}
[5.333196] (yolo_detector) StdoutLine: {'line': b'writing top-level names to yolo_detector.egg-info/top_level.txt\n'}
[5.415579] (-) TimerEvent: {}
[5.477863] (yolo_detector) StdoutLine: {'line': b"reading manifest file 'yolo_detector.egg-info/SOURCES.txt'\n"}
[5.481037] (yolo_detector) StdoutLine: {'line': b"writing manifest file 'yolo_detector.egg-info/SOURCES.txt'\n"}
[5.515712] (-) TimerEvent: {}
[5.555172] (yolo_detector) StdoutLine: {'line': b'running build_ext\n'}
[5.555998] (yolo_detector) StdoutLine: {'line': b'Creating /home/opencw/.openclaw/openclaw-ros/projects/04_yolo_detector/src/yolo_detector/install/yolo_detector/lib/python3.12/site-packages/yolo-detector.egg-link (link to .)\n'}
[5.558526] (yolo_detector) StdoutLine: {'line': b'Installing detector script to /home/opencw/.openclaw/openclaw-ros/projects/04_yolo_detector/src/yolo_detector/install/yolo_detector/lib/yolo_detector\n'}
[5.559625] (yolo_detector) StdoutLine: {'line': b'Installing logger script to /home/opencw/.openclaw/openclaw-ros/projects/04_yolo_detector/src/yolo_detector/install/yolo_detector/lib/yolo_detector\n'}
[5.561068] (yolo_detector) StdoutLine: {'line': b'\n'}
[5.561803] (yolo_detector) StdoutLine: {'line': b'Installed /home/opencw/.openclaw/openclaw-ros/projects/04_yolo_detector/src/yolo_detector/build/yolo_detector\n'}
[5.562139] (yolo_detector) StdoutLine: {'line': b'running symlink_data\n'}
[5.615992] (-) TimerEvent: {}
[5.710496] (yolo_detector) CommandEnded: {'returncode': 0}
[5.716098] (-) TimerEvent: {}
[5.776700] (yolo_detector) JobEnded: {'identifier': 'yolo_detector', 'rc': 0}
[5.778966] (-) EventReactorShutdown: {}
