[0.420s] DEBUG:colcon:Command line arguments: ['/usr/bin/colcon', 'build', '--symlink-install', '--packages-select', 'yolo_detector']
[0.420s] DEBUG:colcon:Parsed command line arguments: Namespace(log_base=None, log_level=None, verb_name='build', build_base='build', install_base='install', merge_install=False, symlink_install=True, test_result_base=None, continue_on_error=False, executor='parallel', parallel_workers=4, event_handlers=None, ignore_user_meta=False, metas=['./colcon.meta'], base_paths=['.'], packages_ignore=None, packages_ignore_regex=None, paths=None, packages_up_to=None, packages_up_to_regex=None, packages_above=None, packages_above_and_dependencies=None, packages_above_depth=None, packages_select_by_dep=None, packages_skip_by_dep=None, packages_skip_up_to=None, packages_select_build_failed=False, packages_skip_build_finished=False, packages_select_test_failures=False, packages_skip_test_passed=False, packages_select=['yolo_detector'], packages_skip=None, packages_select_regex=None, packages_skip_regex=None, packages_start=None, packages_end=None, allow_overriding=[], cmake_args=None, cmake_target=None, cmake_target_skip_unavailable=False, cmake_clean_cache=False, cmake_clean_first=False, cmake_force_configure=False, ament_cmake_args=None, catkin_cmake_args=None, catkin_skip_building_tests=False, verb_parser=<colcon_defaults.argument_parser.defaults.DefaultArgumentsDecorator object at 0xffff8ad981a0>, verb_extension=<colcon_core.verb.build.BuildVerb object at 0xffff8af40aa0>, main=<bound method BuildVerb.main of <colcon_core.verb.build.BuildVerb object at 0xffff8af40aa0>>)
[0.599s] Level 1:colcon.colcon_core.package_discovery:discover_packages(colcon_meta) check parameters
[0.599s] Level 1:colcon.colcon_core.package_discovery:discover_packages(recursive) check parameters
[0.599s] Level 1:colcon.colcon_core.package_discovery:discover_packages(ignore) check parameters
[0.599s] Level 1:colcon.colcon_core.package_discovery:discover_packages(path) check parameters
[0.600s] Level 1:colcon.colcon_core.package_discovery:discover_packages(colcon_meta) discover
[0.600s] Level 1:colcon.colcon_core.package_discovery:discover_packages(recursive) discover
[0.600s] INFO:colcon.colcon_core.package_discovery:Crawling recursively for packages in '/home/opencw/.openclaw/openclaw-ros/projects/04_yolo_detector/src/yolo_detector'
[0.600s] Level 1:colcon.colcon_core.package_identification:_identify(.) by extensions ['ignore', 'ignore_ament_install']
[0.601s] Level 1:colcon.colcon_core.package_identification:_identify(.) by extension 'ignore'
[0.601s] Level 1:colcon.colcon_core.package_identification:_identify(.) by extension 'ignore_ament_install'
[0.601s] Level 1:colcon.colcon_core.package_identification:_identify(.) by extensions ['colcon_pkg']
[0.601s] Level 1:colcon.colcon_core.package_identification:_identify(.) by extension 'colcon_pkg'
[0.601s] Level 1:colcon.colcon_core.package_identification:_identify(.) by extensions ['colcon_meta']
[0.602s] Level 1:colcon.colcon_core.package_identification:_identify(.) by extension 'colcon_meta'
[0.602s] Level 1:colcon.colcon_core.package_identification:_identify(.) by extensions ['ros']
[0.602s] Level 1:colcon.colcon_core.package_identification:_identify(.) by extension 'ros'
[0.725s] DEBUG:colcon.colcon_core.package_identification:Package '.' with type 'ros.ament_python' and name 'yolo_detector'
[0.726s] Level 1:colcon.colcon_core.package_discovery:discover_packages(recursive) using defaults
[0.726s] Level 1:colcon.colcon_core.package_discovery:discover_packages(ignore) discover
[0.726s] Level 1:colcon.colcon_core.package_discovery:discover_packages(ignore) using defaults
[0.726s] Level 1:colcon.colcon_core.package_discovery:discover_packages(path) discover
[0.726s] Level 1:colcon.colcon_core.package_discovery:discover_packages(path) using defaults
[0.804s] Level 1:colcon.colcon_core.package_discovery:discover_packages(prefix_path) check parameters
[0.805s] Level 1:colcon.colcon_core.package_discovery:discover_packages(prefix_path) discover
[0.817s] DEBUG:colcon.colcon_installed_package_information.package_discovery:Found 212 installed packages in /opt/ros/kilted
[0.820s] Level 1:colcon.colcon_core.package_discovery:discover_packages(prefix_path) using defaults
[0.955s] Level 5:colcon.colcon_core.verb:set package 'yolo_detector' build argument 'cmake_args' from command line to 'None'
[0.956s] Level 5:colcon.colcon_core.verb:set package 'yolo_detector' build argument 'cmake_target' from command line to 'None'
[0.956s] Level 5:colcon.colcon_core.verb:set package 'yolo_detector' build argument 'cmake_target_skip_unavailable' from command line to 'False'
[0.956s] Level 5:colcon.colcon_core.verb:set package 'yolo_detector' build argument 'cmake_clean_cache' from command line to 'False'
[0.956s] Level 5:colcon.colcon_core.verb:set package 'yolo_detector' build argument 'cmake_clean_first' from command line to 'False'
[0.956s] Level 5:colcon.colcon_core.verb:set package 'yolo_detector' build argument 'cmake_force_configure' from command line to 'False'
[0.956s] Level 5:colcon.colcon_core.verb:set package 'yolo_detector' build argument 'ament_cmake_args' from command line to 'None'
[0.956s] Level 5:colcon.colcon_core.verb:set package 'yolo_detector' build argument 'catkin_cmake_args' from command line to 'None'
[0.956s] Level 5:colcon.colcon_core.verb:set package 'yolo_detector' build argument 'catkin_skip_building_tests' from command line to 'False'
[0.957s] DEBUG:colcon.colcon_core.verb:Building package 'yolo_detector' with the following arguments: {'ament_cmake_args': None, 'build_base': '/home/opencw/.openclaw/openclaw-ros/projects/04_yolo_detector/src/yolo_detector/build/yolo_detector', 'catkin_cmake_args': None, 'catkin_skip_building_tests': False, 'cmake_args': None, 'cmake_clean_cache': False, 'cmake_clean_first': False, 'cmake_force_configure': False, 'cmake_target': None, 'cmake_target_skip_unavailable': False, 'install_base': '/home/opencw/.openclaw/openclaw-ros/projects/04_yolo_detector/src/yolo_detector/install/yolo_detector', 'merge_install': False, 'path': '/home/opencw/.openclaw/openclaw-ros/projects/04_yolo_detector/src/yolo_detector', 'symlink_install': True, 'test_result_base': None}
[0.957s] INFO:colcon.colcon_core.executor:Executing jobs using 'parallel' executor
[0.960s] DEBUG:colcon.colcon_parallel_executor.executor.parallel:run_until_complete
[0.960s] INFO:colcon.colcon_ros.task.ament_python.build:Building ROS package in '/home/opencw/.openclaw/openclaw-ros/projects/04_yolo_detector/src/yolo_detector' with build type 'ament_python'
[0.961s] Level 1:colcon.colcon_core.shell:create_environment_hook('yolo_detector', 'ament_prefix_path')
[0.973s] INFO:colcon.colcon_core.plugin_system:Skipping extension 'colcon_core.shell.bat': Not used on non-Windows systems
[0.974s] INFO:colcon.colcon_core.shell:Creating environment hook '/home/opencw/.openclaw/openclaw-ros/projects/04_yolo_detector/src/yolo_detector/install/yolo_detector/share/yolo_detector/hook/ament_prefix_path.ps1'
[0.976s] INFO:colcon.colcon_core.shell:Creating environment descriptor '/home/opencw/.openclaw/openclaw-ros/projects/04_yolo_detector/src/yolo_detector/install/yolo_detector/share/yolo_detector/hook/ament_prefix_path.dsv'
[0.983s] INFO:colcon.colcon_core.shell:Creating environment hook '/home/opencw/.openclaw/openclaw-ros/projects/04_yolo_detector/src/yolo_detector/install/yolo_detector/share/yolo_detector/hook/ament_prefix_path.sh'
[0.986s] INFO:colcon.colcon_core.shell:Skip shell extension 'powershell' for command environment: Not usable outside of PowerShell
[0.986s] DEBUG:colcon.colcon_core.shell:Skip shell extension 'dsv' for command environment
[1.850s] INFO:colcon.colcon_core.task.python.build:Building Python package in '/home/opencw/.openclaw/openclaw-ros/projects/04_yolo_detector/src/yolo_detector'
[1.851s] INFO:colcon.colcon_core.shell:Skip shell extension 'powershell' for command environment: Not usable outside of PowerShell
[1.851s] DEBUG:colcon.colcon_core.shell:Skip shell extension 'dsv' for command environment
[4.152s] DEBUG:colcon.colcon_core.event_handler.log_command:Invoking command in '/home/opencw/.openclaw/openclaw-ros/projects/04_yolo_detector/src/yolo_detector/build/yolo_detector': PYTHONPATH=/home/opencw/.openclaw/openclaw-ros/projects/04_yolo_detector/src/yolo_detector/build/yolo_detector/prefix_override:/usr/lib/python3/dist-packages/colcon_core/task/python/colcon_distutils_commands:/home/opencw/.openclaw/openclaw-ros/projects/04_yolo_detector/src/yolo_detector/install/yolo_detector/lib/python3.12/site-packages:${PYTHONPATH} /usr/bin/python3 -W ignore:setup.py install is deprecated -W ignore:easy_install command is deprecated setup.py develop --editable --build-directory /home/opencw/.openclaw/openclaw-ros/projects/04_yolo_detector/src/yolo_detector/build/yolo_detector/build --no-deps symlink_data
[6.669s] Level 1:colcon.colcon_core.shell:create_environment_hook('yolo_detector', 'pythonpath_develop')
[6.671s] INFO:colcon.colcon_core.shell:Creating environment hook '/home/opencw/.openclaw/openclaw-ros/projects/04_yolo_detector/src/yolo_detector/build/yolo_detector/share/yolo_detector/hook/pythonpath_develop.ps1'
[6.671s] DEBUG:colcon.colcon_core.event_handler.log_command:Invoked command in '/home/opencw/.openclaw/openclaw-ros/projects/04_yolo_detector/src/yolo_detector/build/yolo_detector' returned '0': PYTHONPATH=/home/opencw/.openclaw/openclaw-ros/projects/04_yolo_detector/src/yolo_detector/build/yolo_detector/prefix_override:/usr/lib/python3/dist-packages/colcon_core/task/python/colcon_distutils_commands:/home/opencw/.openclaw/openclaw-ros/projects/04_yolo_detector/src/yolo_detector/install/yolo_detector/lib/python3.12/site-packages:${PYTHONPATH} /usr/bin/python3 -W ignore:setup.py install is deprecated -W ignore:easy_install command is deprecated setup.py develop --editable --build-directory /home/opencw/.openclaw/openclaw-ros/projects/04_yolo_detector/src/yolo_detector/build/yolo_detector/build --no-deps symlink_data
[6.673s] INFO:colcon.colcon_core.shell:Creating environment descriptor '/home/opencw/.openclaw/openclaw-ros/projects/04_yolo_detector/src/yolo_detector/build/yolo_detector/share/yolo_detector/hook/pythonpath_develop.dsv'
[6.680s] INFO:colcon.colcon_core.shell:Creating environment hook '/home/opencw/.openclaw/openclaw-ros/projects/04_yolo_detector/src/yolo_detector/build/yolo_detector/share/yolo_detector/hook/pythonpath_develop.sh'
[6.695s] Level 1:colcon.colcon_core.environment:checking '/home/opencw/.openclaw/openclaw-ros/projects/04_yolo_detector/src/yolo_detector/install/yolo_detector' for CMake module files
[6.698s] Level 1:colcon.colcon_core.environment:checking '/home/opencw/.openclaw/openclaw-ros/projects/04_yolo_detector/src/yolo_detector/install/yolo_detector' for CMake config files
[6.702s] Level 1:colcon.colcon_core.environment:checking '/home/opencw/.openclaw/openclaw-ros/projects/04_yolo_detector/src/yolo_detector/install/yolo_detector/lib'
[6.703s] Level 1:colcon.colcon_core.environment:checking '/home/opencw/.openclaw/openclaw-ros/projects/04_yolo_detector/src/yolo_detector/install/yolo_detector/bin'
[6.703s] Level 1:colcon.colcon_core.environment:checking '/home/opencw/.openclaw/openclaw-ros/projects/04_yolo_detector/src/yolo_detector/install/yolo_detector/lib/pkgconfig/yolo_detector.pc'
[6.704s] Level 1:colcon.colcon_core.environment:checking '/home/opencw/.openclaw/openclaw-ros/projects/04_yolo_detector/src/yolo_detector/install/yolo_detector/lib/python3.12/site-packages'
[6.705s] Level 1:colcon.colcon_core.shell:create_environment_hook('yolo_detector', 'pythonpath')
[6.705s] INFO:colcon.colcon_core.shell:Creating environment hook '/home/opencw/.openclaw/openclaw-ros/projects/04_yolo_detector/src/yolo_detector/install/yolo_detector/share/yolo_detector/hook/pythonpath.ps1'
[6.707s] INFO:colcon.colcon_core.shell:Creating environment descriptor '/home/opencw/.openclaw/openclaw-ros/projects/04_yolo_detector/src/yolo_detector/install/yolo_detector/share/yolo_detector/hook/pythonpath.dsv'
[6.714s] INFO:colcon.colcon_core.shell:Creating environment hook '/home/opencw/.openclaw/openclaw-ros/projects/04_yolo_detector/src/yolo_detector/install/yolo_detector/share/yolo_detector/hook/pythonpath.sh'
[6.717s] Level 1:colcon.colcon_core.environment:checking '/home/opencw/.openclaw/openclaw-ros/projects/04_yolo_detector/src/yolo_detector/install/yolo_detector/bin'
[6.718s] Level 1:colcon.colcon_core.environment:create_environment_scripts_only(yolo_detector)
[6.719s] INFO:colcon.colcon_core.shell:Creating package script '/home/opencw/.openclaw/openclaw-ros/projects/04_yolo_detector/src/yolo_detector/install/yolo_detector/share/yolo_detector/package.ps1'
[6.723s] INFO:colcon.colcon_core.shell:Creating package descriptor '/home/opencw/.openclaw/openclaw-ros/projects/04_yolo_detector/src/yolo_detector/install/yolo_detector/share/yolo_detector/package.dsv'
[6.726s] INFO:colcon.colcon_core.shell:Creating package script '/home/opencw/.openclaw/openclaw-ros/projects/04_yolo_detector/src/yolo_detector/install/yolo_detector/share/yolo_detector/package.sh'
[6.729s] INFO:colcon.colcon_core.shell:Creating package script '/home/opencw/.openclaw/openclaw-ros/projects/04_yolo_detector/src/yolo_detector/install/yolo_detector/share/yolo_detector/package.bash'
[6.732s] INFO:colcon.colcon_core.shell:Creating package script '/home/opencw/.openclaw/openclaw-ros/projects/04_yolo_detector/src/yolo_detector/install/yolo_detector/share/yolo_detector/package.zsh'
[6.734s] Level 1:colcon.colcon_core.environment:create_file_with_runtime_dependencies(/home/opencw/.openclaw/openclaw-ros/projects/04_yolo_detector/src/yolo_detector/install/yolo_detector/share/colcon-core/packages/yolo_detector)
[6.736s] DEBUG:colcon.colcon_parallel_executor.executor.parallel:closing loop
[6.737s] DEBUG:colcon.colcon_parallel_executor.executor.parallel:loop closed
[6.737s] DEBUG:colcon.colcon_parallel_executor.executor.parallel:run_until_complete finished with '0'
[6.738s] DEBUG:colcon.colcon_core.event_reactor:joining thread
[6.765s] INFO:colcon.colcon_core.plugin_system:Skipping extension 'colcon_notification.desktop_notification.terminal_notifier': Not used on non-Darwin systems
[6.765s] INFO:colcon.colcon_core.plugin_system:Skipping extension 'colcon_notification.desktop_notification.win32': Not used on non-Windows systems
[6.765s] INFO:colcon.colcon_notification.desktop_notification:Sending desktop notification using 'notify2'
[6.771s] DEBUG:colcon.colcon_notification.desktop_notification.notify2:Failed to initialize notify2: org.freedesktop.DBus.Error.ServiceUnknown: The name org.freedesktop.Notifications was not provided by any .service files
[6.771s] DEBUG:colcon.colcon_core.event_reactor:joined thread
[6.772s] INFO:colcon.colcon_core.shell:Creating prefix script '/home/opencw/.openclaw/openclaw-ros/projects/04_yolo_detector/src/yolo_detector/install/local_setup.ps1'
[6.775s] INFO:colcon.colcon_core.shell:Creating prefix util module '/home/opencw/.openclaw/openclaw-ros/projects/04_yolo_detector/src/yolo_detector/install/_local_setup_util_ps1.py'
[6.782s] INFO:colcon.colcon_core.shell:Creating prefix chain script '/home/opencw/.openclaw/openclaw-ros/projects/04_yolo_detector/src/yolo_detector/install/setup.ps1'
[6.786s] INFO:colcon.colcon_core.shell:Creating prefix script '/home/opencw/.openclaw/openclaw-ros/projects/04_yolo_detector/src/yolo_detector/install/local_setup.sh'
[6.788s] INFO:colcon.colcon_core.shell:Creating prefix util module '/home/opencw/.openclaw/openclaw-ros/projects/04_yolo_detector/src/yolo_detector/install/_local_setup_util_sh.py'
[6.791s] INFO:colcon.colcon_core.shell:Creating prefix chain script '/home/opencw/.openclaw/openclaw-ros/projects/04_yolo_detector/src/yolo_detector/install/setup.sh'
[6.795s] INFO:colcon.colcon_core.shell:Creating prefix script '/home/opencw/.openclaw/openclaw-ros/projects/04_yolo_detector/src/yolo_detector/install/local_setup.bash'
[6.797s] INFO:colcon.colcon_core.shell:Creating prefix chain script '/home/opencw/.openclaw/openclaw-ros/projects/04_yolo_detector/src/yolo_detector/install/setup.bash'
[6.801s] INFO:colcon.colcon_core.shell:Creating prefix script '/home/opencw/.openclaw/openclaw-ros/projects/04_yolo_detector/src/yolo_detector/install/local_setup.zsh'
[6.803s] INFO:colcon.colcon_core.shell:Creating prefix chain script '/home/opencw/.openclaw/openclaw-ros/projects/04_yolo_detector/src/yolo_detector/install/setup.zsh'
