[0.000000] (-) TimerEvent: {}
[0.000557] (turtle_talker) JobQueued: {'identifier': 'turtle_talker', 'dependencies': OrderedDict()}
[0.003259] (turtle_talker) JobStarted: {'identifier': 'turtle_talker'}
[0.098747] (-) TimerEvent: {}
[0.199060] (-) TimerEvent: {}
[0.299436] (-) TimerEvent: {}
[0.399752] (-) TimerEvent: {}
[0.500066] (-) TimerEvent: {}
[0.600424] (-) TimerEvent: {}
[0.700745] (-) TimerEvent: {}
[0.801051] (-) TimerEvent: {}
[0.901477] (-) TimerEvent: {}
[1.001847] (-) TimerEvent: {}
[1.102202] (-) TimerEvent: {}
[1.202516] (-) TimerEvent: {}
[1.302833] (-) TimerEvent: {}
[1.403128] (-) TimerEvent: {}
[1.503435] (-) TimerEvent: {}
[1.603726] (-) TimerEvent: {}
[1.704007] (-) TimerEvent: {}
[1.804312] (-) TimerEvent: {}
[1.904623] (-) TimerEvent: {}
[2.004892] (-) TimerEvent: {}
[2.105161] (-) TimerEvent: {}
[2.205491] (-) TimerEvent: {}
[2.305786] (-) TimerEvent: {}
[2.406071] (-) TimerEvent: {}
[2.506343] (-) TimerEvent: {}
[2.606680] (-) TimerEvent: {}
[2.706973] (-) TimerEvent: {}
[2.807263] (-) TimerEvent: {}
[2.907628] (-) TimerEvent: {}
[3.007927] (-) TimerEvent: {}
[3.108411] (-) TimerEvent: {}
[3.208971] (-) TimerEvent: {}
[3.231831] (turtle_talker) Command: {'cmd': ['/usr/bin/python3', '-W', 'ignore:setup.py install is deprecated', '-W', 'ignore:easy_install command is deprecated', 'setup.py', 'develop', '--editable', '--build-directory', '/home/opencw/.openclaw/openclaw-ros/projects/02_turtle_talker/src/turtle_talker/build/turtle_talker/build', '--no-deps', 'symlink_data'], 'cwd': '/home/opencw/.openclaw/openclaw-ros/projects/02_turtle_talker/src/turtle_talker/build/turtle_talker', 'env': {'USER': 'opencw', 'OPENCLAW_SYSTEMD_UNIT': 'openclaw-gateway.service', 'SHLVL': '0', 'LD_LIBRARY_PATH': '/opt/ros/kilted/lib/aarch64-linux-gnu:/opt/ros/kilted/lib', 'HOME': '/home/opencw', 'OPENCLAW_GATEWAY_TOKEN': '7ea1fb367e0e502879fcb10db1a1366b776651c7d921334b', 'OLDPWD': '/home/opencw/.openclaw/openclaw-ros/projects/02_turtle_talker/src/turtle_talker', 'GTK_MODULES': 'gail:atk-bridge', 'ROS_PYTHON_VERSION': '3', 'MANAGERPID': '1545', 'NODE_NO_WARNINGS': '1', 'DBUS_SESSION_BUS_ADDRESS': 'unix:path=/run/user/1000/bus', 'GSM_SKIP_SSH_AGENT_WORKAROUND': 'true', 'SYSTEMD_EXEC_PID': '5378', 'OPENCLAW_SERVICE_VERSION': '2026.2.9', 'ROS_DISTRO': 'kilted', 'LOGNAME': 'opencw', 'JOURNAL_STREAM': '8:34513', '_': '/usr/bin/colcon', 'MEMORY_PRESSURE_WATCH': '/sys/fs/cgroup/user.slice/user-1000.slice/user@1000.service/app.slice/openclaw-gateway.service/memory.pressure', 'ROS_VERSION': '2', 'PATH': '/opt/ros/kilted/bin:/usr/local/bin:/usr/bin:/bin:/home/opencw/.local/bin:/home/opencw/.npm-global/bin:/home/opencw/bin:/home/opencw/.nvm/current/bin:/home/opencw/.fnm/current/bin:/home/opencw/.volta/bin:/home/opencw/.asdf/shims:/home/opencw/.local/share/pnpm:/home/opencw/.bun/bin', 'INVOCATION_ID': '2de44f67250c40ef9c6691f3849566f8', 'XDG_RUNTIME_DIR': '/run/user/1000', 'LANG': 'C.UTF-8', 'OPENCLAW_GATEWAY_PORT': '18789', 'SSH_AUTH_SOCK': '/run/user/1000/gnupg/S.gpg-agent.ssh', 'AMENT_PREFIX_PATH': '/opt/ros/kilted', 'SHELL': '/usr/bin/zsh', 'QT_ACCESSIBILITY': '1', 'OPENCLAW_SERVICE_MARKER': 'openclaw', 'OPENCLAW_SERVICE_KIND': 'gateway', 'ROS_AUTOMATIC_DISCOVERY_RANGE': 'SUBNET', 'PWD': '/home/opencw/.openclaw/openclaw-ros/projects/02_turtle_talker/src/turtle_talker/build/turtle_talker', 'XDG_DATA_DIRS': '/usr/local/share/:/usr/share/:/var/lib/snapd/desktop', 'PYTHONPATH': '/home/opencw/.openclaw/openclaw-ros/projects/02_turtle_talker/src/turtle_talker/build/turtle_talker/prefix_override:/usr/lib/python3/dist-packages/colcon_core/task/python/colcon_distutils_commands:/home/opencw/.openclaw/openclaw-ros/projects/02_turtle_talker/src/turtle_talker/install/turtle_talker/lib/python3.12/site-packages:/opt/ros/kilted/lib/python3.12/site-packages', 'COLCON': '1', 'MEMORY_PRESSURE_WRITE': 'c29tZSAyMDAwMDAgMjAwMDAwMAA=', 'OPENCLAW_PATH_BOOTSTRAPPED': '1'}, 'shell': False}
[3.309131] (-) TimerEvent: {}
[3.409486] (-) TimerEvent: {}
[3.509800] (-) TimerEvent: {}
[3.610120] (-) TimerEvent: {}
[3.710454] (-) TimerEvent: {}
[3.810746] (-) TimerEvent: {}
[3.911117] (-) TimerEvent: {}
[4.011433] (-) TimerEvent: {}
[4.111732] (-) TimerEvent: {}
[4.212014] (-) TimerEvent: {}
[4.312300] (-) TimerEvent: {}
[4.412642] (-) TimerEvent: {}
[4.507524] (turtle_talker) StdoutLine: {'line': b'running develop\n'}
[4.512773] (-) TimerEvent: {}
[4.613047] (-) TimerEvent: {}
[4.713333] (-) TimerEvent: {}
[4.813677] (-) TimerEvent: {}
[4.913964] (-) TimerEvent: {}
[5.014249] (-) TimerEvent: {}
[5.114604] (-) TimerEvent: {}
[5.214898] (-) TimerEvent: {}
[5.304718] (turtle_talker) StdoutLine: {'line': b'running egg_info\n'}
[5.315020] (-) TimerEvent: {}
[5.373543] (turtle_talker) StdoutLine: {'line': b'writing turtle_talker.egg-info/PKG-INFO\n'}
[5.374640] (turtle_talker) StdoutLine: {'line': b'writing dependency_links to turtle_talker.egg-info/dependency_links.txt\n'}
[5.381311] (turtle_talker) StdoutLine: {'line': b'writing entry points to turtle_talker.egg-info/entry_points.txt\n'}
[5.382117] (turtle_talker) StdoutLine: {'line': b'writing requirements to turtle_talker.egg-info/requires.txt\n'}
[5.382915] (turtle_talker) StdoutLine: {'line': b'writing top-level names to turtle_talker.egg-info/top_level.txt\n'}
[5.415171] (-) TimerEvent: {}
[5.515456] (-) TimerEvent: {}
[5.531713] (turtle_talker) StdoutLine: {'line': b"reading manifest file 'turtle_talker.egg-info/SOURCES.txt'\n"}
[5.534885] (turtle_talker) StdoutLine: {'line': b"writing manifest file 'turtle_talker.egg-info/SOURCES.txt'\n"}
[5.610340] (turtle_talker) StdoutLine: {'line': b'running build_ext\n'}
[5.611100] (turtle_talker) StdoutLine: {'line': b'Creating /home/opencw/.openclaw/openclaw-ros/projects/02_turtle_talker/src/turtle_talker/install/turtle_talker/lib/python3.12/site-packages/turtle-talker.egg-link (link to .)\n'}
[5.613655] (turtle_talker) StdoutLine: {'line': b'Installing listener script to /home/opencw/.openclaw/openclaw-ros/projects/02_turtle_talker/src/turtle_talker/install/turtle_talker/lib/turtle_talker\n'}
[5.614723] (turtle_talker) StdoutLine: {'line': b'Installing talker script to /home/opencw/.openclaw/openclaw-ros/projects/02_turtle_talker/src/turtle_talker/install/turtle_talker/lib/turtle_talker\n'}
[5.615569] (-) TimerEvent: {}
[5.616034] (turtle_talker) StdoutLine: {'line': b'\n'}
[5.616731] (turtle_talker) StdoutLine: {'line': b'Installed /home/opencw/.openclaw/openclaw-ros/projects/02_turtle_talker/src/turtle_talker/build/turtle_talker\n'}
[5.617066] (turtle_talker) StdoutLine: {'line': b'running symlink_data\n'}
[5.617679] (turtle_talker) StdoutLine: {'line': b'creating /home/opencw/.openclaw/openclaw-ros/projects/02_turtle_talker/src/turtle_talker/install/turtle_talker/share/turtle_talker/launch\n'}
[5.618383] (turtle_talker) StdoutLine: {'line': b'symbolically linking /home/opencw/.openclaw/openclaw-ros/projects/02_turtle_talker/src/turtle_talker/build/turtle_talker/launch/simulation.launch.py -> /home/opencw/.openclaw/openclaw-ros/projects/02_turtle_talker/src/turtle_talker/install/turtle_talker/share/turtle_talker/launch\n'}
[5.715901] (-) TimerEvent: {}
[5.771660] (turtle_talker) CommandEnded: {'returncode': 0}
[5.818348] (-) TimerEvent: {}
[5.837434] (turtle_talker) JobEnded: {'identifier': 'turtle_talker', 'rc': 0}
[5.840032] (-) EventReactorShutdown: {}
