[0.000000] (-) TimerEvent: {}
[0.000645] (surveillance_logic) JobQueued: {'identifier': 'surveillance_logic', 'dependencies': OrderedDict()}
[0.001372] (surveillance_logic) JobStarted: {'identifier': 'surveillance_logic'}
[0.099265] (-) TimerEvent: {}
[0.199621] (-) TimerEvent: {}
[0.299988] (-) TimerEvent: {}
[0.400341] (-) TimerEvent: {}
[0.500649] (-) TimerEvent: {}
[0.600941] (-) TimerEvent: {}
[0.701231] (-) TimerEvent: {}
[0.801565] (-) TimerEvent: {}
[0.901930] (-) TimerEvent: {}
[1.002285] (-) TimerEvent: {}
[1.102791] (-) TimerEvent: {}
[1.203407] (-) TimerEvent: {}
[1.303905] (-) TimerEvent: {}
[1.404211] (-) TimerEvent: {}
[1.504543] (-) TimerEvent: {}
[1.604826] (-) TimerEvent: {}
[1.705126] (-) TimerEvent: {}
[1.805410] (-) TimerEvent: {}
[1.905745] (-) TimerEvent: {}
[2.006056] (-) TimerEvent: {}
[2.106343] (-) TimerEvent: {}
[2.206636] (-) TimerEvent: {}
[2.306919] (-) TimerEvent: {}
[2.407283] (-) TimerEvent: {}
[2.507625] (-) TimerEvent: {}
[2.607915] (-) TimerEvent: {}
[2.708209] (-) TimerEvent: {}
[2.808571] (-) TimerEvent: {}
[2.908913] (-) TimerEvent: {}
[3.009257] (-) TimerEvent: {}
[3.109648] (-) TimerEvent: {}
[3.209995] (-) TimerEvent: {}
[3.310427] (-) TimerEvent: {}
[3.411090] (-) TimerEvent: {}
[3.447836] (surveillance_logic) Command: {'cmd': ['/usr/bin/python3', '-W', 'ignore:setup.py install is deprecated', '-W', 'ignore:easy_install command is deprecated', 'setup.py', 'egg_info', '--egg-base', 'build/surveillance_logic', 'build', '--build-base', '/home/opencw/.openclaw/openclaw-ros/projects/05_surveillance_pro/src/surveillance_logic/build/surveillance_logic/build', 'install', '--record', '/home/opencw/.openclaw/openclaw-ros/projects/05_surveillance_pro/src/surveillance_logic/build/surveillance_logic/install.log', '--single-version-externally-managed', 'install_data'], 'cwd': '/home/opencw/.openclaw/openclaw-ros/projects/05_surveillance_pro/src/surveillance_logic', 'env': {'USER': 'opencw', 'OPENCLAW_SYSTEMD_UNIT': 'openclaw-gateway.service', 'SHLVL': '1', 'LD_LIBRARY_PATH': '/opt/ros/kilted/lib/aarch64-linux-gnu:/opt/ros/kilted/lib', 'VIPSHOME': '/target', 'HOME': '/home/opencw', 'OPENCLAW_GATEWAY_TOKEN': '7ea1fb367e0e502879fcb10db1a1366b776651c7d921334b', 'OLDPWD': '/home/opencw/.openclaw/workspace', 'ROS_PYTHON_VERSION': '3', 'GTK_MODULES': 'gail:atk-bridge', 'NODE_NO_WARNINGS': '1', 'MANAGERPID': '1557', 'SYSTEMD_EXEC_PID': '4964', 'GSM_SKIP_SSH_AGENT_WORKAROUND': 'true', 'DBUS_SESSION_BUS_ADDRESS': 'unix:path=/run/user/1000/bus', 'OPENCLAW_SERVICE_VERSION': '2026.2.9', 'ROS_DISTRO': 'kilted', 'LOGNAME': 'opencw', 'JOURNAL_STREAM': '8:37648', '_': '/usr/bin/colcon', 'ROS_VERSION': '2', 'MEMORY_PRESSURE_WATCH': '/sys/fs/cgroup/user.slice/user-1000.slice/user@1000.service/app.slice/openclaw-gateway.service/memory.pressure', 'PATH': '/opt/ros/kilted/bin:/usr/local/bin:/usr/bin:/bin:/home/opencw/.local/bin:/home/opencw/.npm-global/bin:/home/opencw/bin:/home/opencw/.nvm/current/bin:/home/opencw/.fnm/current/bin:/home/opencw/.volta/bin:/home/opencw/.asdf/shims:/home/opencw/.local/share/pnpm:/home/opencw/.bun/bin', 'INVOCATION_ID': 'da7fd63d257d4c74acec77a4bfb7e78c', 'XDG_RUNTIME_DIR': '/run/user/1000', 'LANG': 'C.UTF-8', 'OPENCLAW_GATEWAY_PORT': '18789', 'SSH_AUTH_SOCK': '/run/user/1000/gnupg/S.gpg-agent.ssh', 'AMENT_PREFIX_PATH': '/opt/ros/kilted', 'SHELL': '/usr/bin/zsh', 'QT_ACCESSIBILITY': '1', 'OPENCLAW_SERVICE_KIND': 'gateway', 'OPENCLAW_SERVICE_MARKER': 'openclaw', 'ROS_AUTOMATIC_DISCOVERY_RANGE': 'SUBNET', 'PWD': '/home/opencw/.openclaw/openclaw-ros/projects/05_surveillance_pro/src/surveillance_logic/build/surveillance_logic', 'XDG_DATA_DIRS': '/usr/local/share/:/usr/share/:/var/lib/snapd/desktop', 'PYTHONPATH': '/home/opencw/.openclaw/openclaw-ros/projects/05_surveillance_pro/src/surveillance_logic/build/surveillance_logic/prefix_override:/usr/lib/python3/dist-packages/colcon_core/task/python/colcon_distutils_commands:/home/opencw/.openclaw/openclaw-ros/projects/05_surveillance_pro/src/surveillance_logic/install/surveillance_logic/lib/python3.12/site-packages:/opt/ros/kilted/lib/python3.12/site-packages', 'COLCON': '1', 'MEMORY_PRESSURE_WRITE': 'c29tZSAyMDAwMDAgMjAwMDAwMAA=', 'OPENCLAW_PATH_BOOTSTRAPPED': '1'}, 'shell': False}
[3.511275] (-) TimerEvent: {}
[3.611642] (-) TimerEvent: {}
[3.711987] (-) TimerEvent: {}
[3.812335] (-) TimerEvent: {}
[3.912663] (-) TimerEvent: {}
[4.013058] (-) TimerEvent: {}
[4.113398] (-) TimerEvent: {}
[4.213779] (-) TimerEvent: {}
[4.314116] (-) TimerEvent: {}
[4.414467] (-) TimerEvent: {}
[4.514857] (-) TimerEvent: {}
[4.551666] (surveillance_logic) StdoutLine: {'line': b'running egg_info\n'}
[4.615033] (-) TimerEvent: {}
[4.628931] (surveillance_logic) StdoutLine: {'line': b'writing build/surveillance_logic/surveillance_logic.egg-info/PKG-INFO\n'}
[4.630130] (surveillance_logic) StdoutLine: {'line': b'writing dependency_links to build/surveillance_logic/surveillance_logic.egg-info/dependency_links.txt\n'}
[4.636790] (surveillance_logic) StdoutLine: {'line': b'writing requirements to build/surveillance_logic/surveillance_logic.egg-info/requires.txt\n'}
[4.637616] (surveillance_logic) StdoutLine: {'line': b'writing top-level names to build/surveillance_logic/surveillance_logic.egg-info/top_level.txt\n'}
[4.715225] (-) TimerEvent: {}
[4.794372] (surveillance_logic) StdoutLine: {'line': b"reading manifest file 'build/surveillance_logic/surveillance_logic.egg-info/SOURCES.txt'\n"}
[4.796074] (surveillance_logic) StdoutLine: {'line': b"adding license file 'LICENSE'\n"}
[4.798698] (surveillance_logic) StdoutLine: {'line': b"writing manifest file 'build/surveillance_logic/surveillance_logic.egg-info/SOURCES.txt'\n"}
[4.799484] (surveillance_logic) StdoutLine: {'line': b'running build\n'}
[4.800005] (surveillance_logic) StdoutLine: {'line': b'running build_py\n'}
[4.801972] (surveillance_logic) StdoutLine: {'line': b'running install\n'}
[4.815421] (-) TimerEvent: {}
[4.828852] (surveillance_logic) StdoutLine: {'line': b'running install_lib\n'}
[4.911242] (surveillance_logic) StdoutLine: {'line': b'running install_data\n'}
[4.912182] (surveillance_logic) StdoutLine: {'line': b'running install_egg_info\n'}
[4.915606] (-) TimerEvent: {}
[4.994596] (surveillance_logic) StdoutLine: {'line': b"removing '/home/opencw/.openclaw/openclaw-ros/projects/05_surveillance_pro/src/surveillance_logic/install/surveillance_logic/lib/python3.12/site-packages/surveillance_logic-0.0.0-py3.12.egg-info' (and everything under it)\n"}
[4.996560] (surveillance_logic) StdoutLine: {'line': b'Copying build/surveillance_logic/surveillance_logic.egg-info to /home/opencw/.openclaw/openclaw-ros/projects/05_surveillance_pro/src/surveillance_logic/install/surveillance_logic/lib/python3.12/site-packages/surveillance_logic-0.0.0-py3.12.egg-info\n'}
[5.002955] (surveillance_logic) StdoutLine: {'line': b'running install_scripts\n'}
[5.015783] (-) TimerEvent: {}
[5.116160] (-) TimerEvent: {}
[5.216650] (-) TimerEvent: {}
[5.317033] (-) TimerEvent: {}
[5.417404] (-) TimerEvent: {}
[5.517831] (-) TimerEvent: {}
[5.572598] (surveillance_logic) StdoutLine: {'line': b"writing list of installed files to '/home/opencw/.openclaw/openclaw-ros/projects/05_surveillance_pro/src/surveillance_logic/build/surveillance_logic/install.log'\n"}
[5.618254] (-) TimerEvent: {}
[5.719173] (surveillance_logic) CommandEnded: {'returncode': 0}
[5.720759] (-) TimerEvent: {}
[5.774022] (surveillance_logic) JobEnded: {'identifier': 'surveillance_logic', 'rc': 0}
[5.776372] (-) EventReactorShutdown: {}
