[0.000000] (-) TimerEvent: {}
[0.000649] (yolo_detector) JobQueued: {'identifier': 'yolo_detector', 'dependencies': OrderedDict()}
[0.001393] (yolo_detector) JobStarted: {'identifier': 'yolo_detector'}
[0.099266] (-) TimerEvent: {}
[0.199614] (-) TimerEvent: {}
[0.299934] (-) TimerEvent: {}
[0.400229] (-) TimerEvent: {}
[0.500577] (-) TimerEvent: {}
[0.600863] (-) TimerEvent: {}
[0.701153] (-) TimerEvent: {}
[0.801533] (-) TimerEvent: {}
[0.901910] (-) TimerEvent: {}
[1.002264] (-) TimerEvent: {}
[1.102597] (-) TimerEvent: {}
[1.202898] (-) TimerEvent: {}
[1.303200] (-) TimerEvent: {}
[1.403498] (-) TimerEvent: {}
[1.503794] (-) TimerEvent: {}
[1.604115] (-) TimerEvent: {}
[1.704456] (-) TimerEvent: {}
[1.804741] (-) TimerEvent: {}
[1.905051] (-) TimerEvent: {}
[2.005346] (-) TimerEvent: {}
[2.105655] (-) TimerEvent: {}
[2.205958] (-) TimerEvent: {}
[2.306269] (-) TimerEvent: {}
[2.406644] (-) TimerEvent: {}
[2.506936] (-) TimerEvent: {}
[2.607237] (-) TimerEvent: {}
[2.707575] (-) TimerEvent: {}
[2.807863] (-) TimerEvent: {}
[2.908191] (-) TimerEvent: {}
[3.008646] (-) TimerEvent: {}
[3.109163] (-) TimerEvent: {}
[3.185339] (yolo_detector) Command: {'cmd': ['/usr/bin/python3', '-W', 'ignore:setup.py install is deprecated', '-W', 'ignore:easy_install command is deprecated', 'setup.py', 'develop', '--editable', '--build-directory', '/home/opencw/.openclaw/openclaw-ros/projects/04_yolo_detector/src/yolo_detector/build/yolo_detector/build', '--no-deps', 'symlink_data'], 'cwd': '/home/opencw/.openclaw/openclaw-ros/projects/04_yolo_detector/src/yolo_detector/build/yolo_detector', 'env': {'USER': 'opencw', 'OPENCLAW_SYSTEMD_UNIT': 'openclaw-gateway.service', 'SHLVL': '1', 'LD_LIBRARY_PATH': '/opt/ros/kilted/lib/aarch64-linux-gnu:/opt/ros/kilted/lib', 'HOME': '/home/opencw', 'OPENCLAW_GATEWAY_TOKEN': '7ea1fb367e0e502879fcb10db1a1366b776651c7d921334b', 'VIPSHOME': '/target', 'OLDPWD': '/home/opencw/.openclaw/openclaw-ros/projects/04_yolo_detector/src/yolo_detector', 'GTK_MODULES': 'gail:atk-bridge', 'ROS_PYTHON_VERSION': '3', 'MANAGERPID': '1557', 'NODE_NO_WARNINGS': '1', 'DBUS_SESSION_BUS_ADDRESS': 'unix:path=/run/user/1000/bus', 'GSM_SKIP_SSH_AGENT_WORKAROUND': 'true', 'SYSTEMD_EXEC_PID': '1715', 'OPENCLAW_SERVICE_VERSION': '2026.2.9', 'ROS_DISTRO': 'kilted', 'LOGNAME': 'opencw', 'JOURNAL_STREAM': '8:13286', '_': '/usr/bin/colcon', 'MEMORY_PRESSURE_WATCH': '/sys/fs/cgroup/user.slice/user-1000.slice/user@1000.service/app.slice/openclaw-gateway.service/memory.pressure', 'ROS_VERSION': '2', 'PATH': '/opt/ros/kilted/bin:/usr/local/bin:/usr/bin:/bin:/home/opencw/.local/bin:/home/opencw/.npm-global/bin:/home/opencw/bin:/home/opencw/.nvm/current/bin:/home/opencw/.fnm/current/bin:/home/opencw/.volta/bin:/home/opencw/.asdf/shims:/home/opencw/.local/share/pnpm:/home/opencw/.bun/bin', 'INVOCATION_ID': '89548135506b4d389a62b80abe3a3da2', 'XDG_RUNTIME_DIR': '/run/user/1000', 'LANG': 'C.UTF-8', 'OPENCLAW_GATEWAY_PORT': '18789', 'SSH_AUTH_SOCK': '/run/user/1000/gnupg/S.gpg-agent.ssh', 'AMENT_PREFIX_PATH': '/opt/ros/kilted', 'SHELL': '/usr/bin/zsh', 'QT_ACCESSIBILITY': '1', 'OPENCLAW_SERVICE_MARKER': 'openclaw', 'OPENCLAW_SERVICE_KIND': 'gateway', 'ROS_AUTOMATIC_DISCOVERY_RANGE': 'SUBNET', 'PWD': '/home/opencw/.openclaw/openclaw-ros/projects/04_yolo_detector/src/yolo_detector/build/yolo_detector', 'XDG_DATA_DIRS': '/usr/local/share/:/usr/share/:/var/lib/snapd/desktop', 'PYTHONPATH': '/home/opencw/.openclaw/openclaw-ros/projects/04_yolo_detector/src/yolo_detector/build/yolo_detector/prefix_override:/usr/lib/python3/dist-packages/colcon_core/task/python/colcon_distutils_commands:/home/opencw/.openclaw/openclaw-ros/projects/04_yolo_detector/src/yolo_detector/install/yolo_detector/lib/python3.12/site-packages:/opt/ros/kilted/lib/python3.12/site-packages', 'COLCON': '1', 'MEMORY_PRESSURE_WRITE': 'c29tZSAyMDAwMDAgMjAwMDAwMAA=', 'OPENCLAW_PATH_BOOTSTRAPPED': '1'}, 'shell': False}
[3.209328] (-) TimerEvent: {}
[3.309668] (-) TimerEvent: {}
[3.409994] (-) TimerEvent: {}
[3.510348] (-) TimerEvent: {}
[3.610695] (-) TimerEvent: {}
[3.710986] (-) TimerEvent: {}
[3.811329] (-) TimerEvent: {}
[3.911659] (-) TimerEvent: {}
[4.011980] (-) TimerEvent: {}
[4.112304] (-) TimerEvent: {}
[4.212638] (-) TimerEvent: {}
[4.312974] (-) TimerEvent: {}
[4.413314] (-) TimerEvent: {}
[4.447503] (yolo_detector) StdoutLine: {'line': b'running develop\n'}
[4.513481] (-) TimerEvent: {}
[4.613773] (-) TimerEvent: {}
[4.714067] (-) TimerEvent: {}
[4.814417] (-) TimerEvent: {}
[4.914738] (-) TimerEvent: {}
[5.015037] (-) TimerEvent: {}
[5.115401] (-) TimerEvent: {}
[5.215709] (-) TimerEvent: {}
[5.230218] (yolo_detector) StdoutLine: {'line': b'running egg_info\n'}
[5.296640] (yolo_detector) StdoutLine: {'line': b'writing yolo_detector.egg-info/PKG-INFO\n'}
[5.297703] (yolo_detector) StdoutLine: {'line': b'writing dependency_links to yolo_detector.egg-info/dependency_links.txt\n'}
[5.304530] (yolo_detector) StdoutLine: {'line': b'writing entry points to yolo_detector.egg-info/entry_points.txt\n'}
[5.305519] (yolo_detector) StdoutLine: {'line': b'writing requirements to yolo_detector.egg-info/requires.txt\n'}
[5.306481] (yolo_detector) StdoutLine: {'line': b'writing top-level names to yolo_detector.egg-info/top_level.txt\n'}
[5.315836] (-) TimerEvent: {}
[5.416134] (-) TimerEvent: {}
[5.454417] (yolo_detector) StdoutLine: {'line': b"reading manifest file 'yolo_detector.egg-info/SOURCES.txt'\n"}
[5.457533] (yolo_detector) StdoutLine: {'line': b"writing manifest file 'yolo_detector.egg-info/SOURCES.txt'\n"}
[5.516271] (-) TimerEvent: {}
[5.530848] (yolo_detector) StdoutLine: {'line': b'running build_ext\n'}
[5.531602] (yolo_detector) StdoutLine: {'line': b'Creating /home/opencw/.openclaw/openclaw-ros/projects/04_yolo_detector/src/yolo_detector/install/yolo_detector/lib/python3.12/site-packages/yolo-detector.egg-link (link to .)\n'}
[5.534163] (yolo_detector) StdoutLine: {'line': b'Installing detector script to /home/opencw/.openclaw/openclaw-ros/projects/04_yolo_detector/src/yolo_detector/install/yolo_detector/lib/yolo_detector\n'}
[5.535277] (yolo_detector) StdoutLine: {'line': b'Installing logger script to /home/opencw/.openclaw/openclaw-ros/projects/04_yolo_detector/src/yolo_detector/install/yolo_detector/lib/yolo_detector\n'}
[5.536730] (yolo_detector) StdoutLine: {'line': b'\n'}
[5.537201] (yolo_detector) StdoutLine: {'line': b'Installed /home/opencw/.openclaw/openclaw-ros/projects/04_yolo_detector/src/yolo_detector/build/yolo_detector\n'}
[5.537865] (yolo_detector) StdoutLine: {'line': b'running symlink_data\n'}
[5.616595] (-) TimerEvent: {}
[5.686629] (yolo_detector) CommandEnded: {'returncode': 0}
[5.716729] (-) TimerEvent: {}
[5.751443] (yolo_detector) JobEnded: {'identifier': 'yolo_detector', 'rc': 0}
[5.753640] (-) EventReactorShutdown: {}
