[0.000000] (-) TimerEvent: {}
[0.000337] (surveillance_logic) JobQueued: {'identifier': 'surveillance_logic', 'dependencies': OrderedDict()}
[0.001359] (surveillance_logic) JobStarted: {'identifier': 'surveillance_logic'}
[0.099262] (-) TimerEvent: {}
[0.199566] (-) TimerEvent: {}
[0.299884] (-) TimerEvent: {}
[0.400219] (-) TimerEvent: {}
[0.500537] (-) TimerEvent: {}
[0.600800] (-) TimerEvent: {}
[0.701125] (-) TimerEvent: {}
[0.801562] (-) TimerEvent: {}
[0.903537] (-) TimerEvent: {}
[1.003845] (-) TimerEvent: {}
[1.104169] (-) TimerEvent: {}
[1.204480] (-) TimerEvent: {}
[1.304784] (-) TimerEvent: {}
[1.405093] (-) TimerEvent: {}
[1.505367] (-) TimerEvent: {}
[1.605640] (-) TimerEvent: {}
[1.705960] (-) TimerEvent: {}
[1.806246] (-) TimerEvent: {}
[1.906547] (-) TimerEvent: {}
[2.006834] (-) TimerEvent: {}
[2.107175] (-) TimerEvent: {}
[2.207511] (-) TimerEvent: {}
[2.307852] (-) TimerEvent: {}
[2.408187] (-) TimerEvent: {}
[2.508496] (-) TimerEvent: {}
[2.608777] (-) TimerEvent: {}
[2.709051] (-) TimerEvent: {}
[2.809331] (-) TimerEvent: {}
[2.909625] (-) TimerEvent: {}
[3.009963] (-) TimerEvent: {}
[3.110323] (-) TimerEvent: {}
[3.210738] (-) TimerEvent: {}
[3.216395] (surveillance_logic) Command: {'cmd': ['/usr/bin/python3', '-W', 'ignore:setup.py install is deprecated', '-W', 'ignore:easy_install command is deprecated', 'setup.py', 'develop', '--editable', '--build-directory', '/home/opencw/.openclaw/openclaw-ros/projects/05_camera_surveillance/src/surveillance_logic/build/surveillance_logic/build', '--no-deps', 'symlink_data'], 'cwd': '/home/opencw/.openclaw/openclaw-ros/projects/05_camera_surveillance/src/surveillance_logic/build/surveillance_logic', 'env': {'USER': 'opencw', 'OPENCLAW_SYSTEMD_UNIT': 'openclaw-gateway.service', 'SHLVL': '0', 'LD_LIBRARY_PATH': '/opt/ros/kilted/lib/aarch64-linux-gnu:/opt/ros/kilted/lib', 'VIPSHOME': '/target', 'HOME': '/home/opencw', 'OPENCLAW_GATEWAY_TOKEN': '7ea1fb367e0e502879fcb10db1a1366b776651c7d921334b', 'OLDPWD': '/home/opencw/.openclaw/workspace', 'ROS_PYTHON_VERSION': '3', 'GTK_MODULES': 'gail:atk-bridge', 'NODE_NO_WARNINGS': '1', 'MANAGERPID': '1557', 'SYSTEMD_EXEC_PID': '4964', 'GSM_SKIP_SSH_AGENT_WORKAROUND': 'true', 'DBUS_SESSION_BUS_ADDRESS': 'unix:path=/run/user/1000/bus', 'OPENCLAW_SERVICE_VERSION': '2026.2.9', 'ROS_DISTRO': 'kilted', 'LOGNAME': 'opencw', 'JOURNAL_STREAM': '8:37648', '_': '/usr/bin/colcon', 'ROS_VERSION': '2', 'MEMORY_PRESSURE_WATCH': '/sys/fs/cgroup/user.slice/user-1000.slice/user@1000.service/app.slice/openclaw-gateway.service/memory.pressure', 'PATH': '/opt/ros/kilted/bin:/usr/local/bin:/usr/bin:/bin:/home/opencw/.local/bin:/home/opencw/.npm-global/bin:/home/opencw/bin:/home/opencw/.nvm/current/bin:/home/opencw/.fnm/current/bin:/home/opencw/.volta/bin:/home/opencw/.asdf/shims:/home/opencw/.local/share/pnpm:/home/opencw/.bun/bin', 'INVOCATION_ID': 'da7fd63d257d4c74acec77a4bfb7e78c', 'XDG_RUNTIME_DIR': '/run/user/1000', 'LANG': 'C.UTF-8', 'OPENCLAW_GATEWAY_PORT': '18789', 'SSH_AUTH_SOCK': '/run/user/1000/gnupg/S.gpg-agent.ssh', 'AMENT_PREFIX_PATH': '/opt/ros/kilted', 'SHELL': '/usr/bin/zsh', 'QT_ACCESSIBILITY': '1', 'OPENCLAW_SERVICE_KIND': 'gateway', 'OPENCLAW_SERVICE_MARKER': 'openclaw', 'ROS_AUTOMATIC_DISCOVERY_RANGE': 'SUBNET', 'PWD': '/home/opencw/.openclaw/openclaw-ros/projects/05_camera_surveillance/src/surveillance_logic/build/surveillance_logic', 'XDG_DATA_DIRS': '/usr/local/share/:/usr/share/:/var/lib/snapd/desktop', 'PYTHONPATH': '/home/opencw/.openclaw/openclaw-ros/projects/05_camera_surveillance/src/surveillance_logic/build/surveillance_logic/prefix_override:/usr/lib/python3/dist-packages/colcon_core/task/python/colcon_distutils_commands:/home/opencw/.openclaw/openclaw-ros/projects/05_camera_surveillance/src/surveillance_logic/install/surveillance_logic/lib/python3.12/site-packages:/opt/ros/kilted/lib/python3.12/site-packages', 'COLCON': '1', 'MEMORY_PRESSURE_WRITE': 'c29tZSAyMDAwMDAgMjAwMDAwMAA=', 'OPENCLAW_PATH_BOOTSTRAPPED': '1'}, 'shell': False}
[3.310982] (-) TimerEvent: {}
[3.411309] (-) TimerEvent: {}
[3.511626] (-) TimerEvent: {}
[3.612034] (-) TimerEvent: {}
[3.712319] (-) TimerEvent: {}
[3.812640] (-) TimerEvent: {}
[3.912942] (-) TimerEvent: {}
[4.013228] (-) TimerEvent: {}
[4.113527] (-) TimerEvent: {}
[4.213816] (-) TimerEvent: {}
[4.314173] (-) TimerEvent: {}
[4.414477] (-) TimerEvent: {}
[4.505612] (surveillance_logic) StdoutLine: {'line': b'running develop\n'}
[4.514607] (-) TimerEvent: {}
[4.614858] (-) TimerEvent: {}
[4.715187] (-) TimerEvent: {}
[4.815467] (-) TimerEvent: {}
[4.915750] (-) TimerEvent: {}
[5.016020] (-) TimerEvent: {}
[5.116302] (-) TimerEvent: {}
[5.216573] (-) TimerEvent: {}
[5.285531] (surveillance_logic) StdoutLine: {'line': b'running egg_info\n'}
[5.316713] (-) TimerEvent: {}
[5.352715] (surveillance_logic) StdoutLine: {'line': b'writing surveillance_logic.egg-info/PKG-INFO\n'}
[5.353840] (surveillance_logic) StdoutLine: {'line': b'writing dependency_links to surveillance_logic.egg-info/dependency_links.txt\n'}
[5.360872] (surveillance_logic) StdoutLine: {'line': b'writing requirements to surveillance_logic.egg-info/requires.txt\n'}
[5.361662] (surveillance_logic) StdoutLine: {'line': b'writing top-level names to surveillance_logic.egg-info/top_level.txt\n'}
[5.416873] (-) TimerEvent: {}
[5.508297] (surveillance_logic) StdoutLine: {'line': b"reading manifest file 'surveillance_logic.egg-info/SOURCES.txt'\n"}
[5.511217] (surveillance_logic) StdoutLine: {'line': b"writing manifest file 'surveillance_logic.egg-info/SOURCES.txt'\n"}
[5.517004] (-) TimerEvent: {}
[5.584816] (surveillance_logic) StdoutLine: {'line': b'running build_ext\n'}
[5.585568] (surveillance_logic) StdoutLine: {'line': b'Creating /home/opencw/.openclaw/openclaw-ros/projects/05_camera_surveillance/src/surveillance_logic/install/surveillance_logic/lib/python3.12/site-packages/surveillance-logic.egg-link (link to .)\n'}
[5.588070] (surveillance_logic) StdoutLine: {'line': b'\n'}
[5.588784] (surveillance_logic) StdoutLine: {'line': b'Installed /home/opencw/.openclaw/openclaw-ros/projects/05_camera_surveillance/src/surveillance_logic/build/surveillance_logic\n'}
[5.589160] (surveillance_logic) StdoutLine: {'line': b'running symlink_data\n'}
[5.617225] (-) TimerEvent: {}
[5.717690] (-) TimerEvent: {}
[5.742569] (surveillance_logic) CommandEnded: {'returncode': 0}
[5.807526] (surveillance_logic) JobEnded: {'identifier': 'surveillance_logic', 'rc': 0}
[5.809754] (-) EventReactorShutdown: {}
