[0.412s] DEBUG:colcon:Command line arguments: ['/usr/bin/colcon', 'build', '--symlink-install']
[0.412s] DEBUG:colcon:Parsed command line arguments: Namespace(log_base=None, log_level=None, verb_name='build', build_base='build', install_base='install', merge_install=False, symlink_install=True, test_result_base=None, continue_on_error=False, executor='parallel', parallel_workers=4, event_handlers=None, ignore_user_meta=False, metas=['./colcon.meta'], base_paths=['.'], packages_ignore=None, packages_ignore_regex=None, paths=None, packages_up_to=None, packages_up_to_regex=None, packages_above=None, packages_above_and_dependencies=None, packages_above_depth=None, packages_select_by_dep=None, packages_skip_by_dep=None, packages_skip_up_to=None, packages_select_build_failed=False, packages_skip_build_finished=False, packages_select_test_failures=False, packages_skip_test_passed=False, packages_select=None, packages_skip=None, packages_select_regex=None, packages_skip_regex=None, packages_start=None, packages_end=None, allow_overriding=[], cmake_args=None, cmake_target=None, cmake_target_skip_unavailable=False, cmake_clean_cache=False, cmake_clean_first=False, cmake_force_configure=False, ament_cmake_args=None, catkin_cmake_args=None, catkin_skip_building_tests=False, verb_parser=<colcon_defaults.argument_parser.defaults.DefaultArgumentsDecorator object at 0xffffa304c2f0>, verb_extension=<colcon_core.verb.build.BuildVerb object at 0xffffa31f0ce0>, main=<bound method BuildVerb.main of <colcon_core.verb.build.BuildVerb object at 0xffffa31f0ce0>>)
[0.578s] Level 1:colcon.colcon_core.package_discovery:discover_packages(colcon_meta) check parameters
[0.578s] Level 1:colcon.colcon_core.package_discovery:discover_packages(recursive) check parameters
[0.578s] Level 1:colcon.colcon_core.package_discovery:discover_packages(ignore) check parameters
[0.578s] Level 1:colcon.colcon_core.package_discovery:discover_packages(path) check parameters
[0.578s] Level 1:colcon.colcon_core.package_discovery:discover_packages(colcon_meta) discover
[0.579s] Level 1:colcon.colcon_core.package_discovery:discover_packages(recursive) discover
[0.579s] INFO:colcon.colcon_core.package_discovery:Crawling recursively for packages in '/home/opencw/.openclaw/openclaw-ros/projects/05_camera_surveillance/src/surveillance_logic'
[0.579s] Level 1:colcon.colcon_core.package_identification:_identify(.) by extensions ['ignore', 'ignore_ament_install']
[0.580s] Level 1:colcon.colcon_core.package_identification:_identify(.) by extension 'ignore'
[0.580s] Level 1:colcon.colcon_core.package_identification:_identify(.) by extension 'ignore_ament_install'
[0.580s] Level 1:colcon.colcon_core.package_identification:_identify(.) by extensions ['colcon_pkg']
[0.580s] Level 1:colcon.colcon_core.package_identification:_identify(.) by extension 'colcon_pkg'
[0.580s] Level 1:colcon.colcon_core.package_identification:_identify(.) by extensions ['colcon_meta']
[0.581s] Level 1:colcon.colcon_core.package_identification:_identify(.) by extension 'colcon_meta'
[0.581s] Level 1:colcon.colcon_core.package_identification:_identify(.) by extensions ['ros']
[0.581s] Level 1:colcon.colcon_core.package_identification:_identify(.) by extension 'ros'
[0.694s] DEBUG:colcon.colcon_core.package_identification:Package '.' with type 'ros.ament_python' and name 'surveillance_logic'
[0.694s] Level 1:colcon.colcon_core.package_discovery:discover_packages(recursive) using defaults
[0.694s] Level 1:colcon.colcon_core.package_discovery:discover_packages(ignore) discover
[0.694s] Level 1:colcon.colcon_core.package_discovery:discover_packages(ignore) using defaults
[0.695s] Level 1:colcon.colcon_core.package_discovery:discover_packages(path) discover
[0.695s] Level 1:colcon.colcon_core.package_discovery:discover_packages(path) using defaults
[0.761s] Level 1:colcon.colcon_core.package_discovery:discover_packages(prefix_path) check parameters
[0.762s] Level 1:colcon.colcon_core.package_discovery:discover_packages(prefix_path) discover
[0.774s] DEBUG:colcon.colcon_installed_package_information.package_discovery:Found 212 installed packages in /opt/ros/kilted
[0.777s] Level 1:colcon.colcon_core.package_discovery:discover_packages(prefix_path) using defaults
[0.914s] Level 5:colcon.colcon_core.verb:set package 'surveillance_logic' build argument 'cmake_args' from command line to 'None'
[0.914s] Level 5:colcon.colcon_core.verb:set package 'surveillance_logic' build argument 'cmake_target' from command line to 'None'
[0.914s] Level 5:colcon.colcon_core.verb:set package 'surveillance_logic' build argument 'cmake_target_skip_unavailable' from command line to 'False'
[0.914s] Level 5:colcon.colcon_core.verb:set package 'surveillance_logic' build argument 'cmake_clean_cache' from command line to 'False'
[0.914s] Level 5:colcon.colcon_core.verb:set package 'surveillance_logic' build argument 'cmake_clean_first' from command line to 'False'
[0.914s] Level 5:colcon.colcon_core.verb:set package 'surveillance_logic' build argument 'cmake_force_configure' from command line to 'False'
[0.914s] Level 5:colcon.colcon_core.verb:set package 'surveillance_logic' build argument 'ament_cmake_args' from command line to 'None'
[0.914s] Level 5:colcon.colcon_core.verb:set package 'surveillance_logic' build argument 'catkin_cmake_args' from command line to 'None'
[0.915s] Level 5:colcon.colcon_core.verb:set package 'surveillance_logic' build argument 'catkin_skip_building_tests' from command line to 'False'
[0.915s] DEBUG:colcon.colcon_core.verb:Building package 'surveillance_logic' with the following arguments: {'ament_cmake_args': None, 'build_base': '/home/opencw/.openclaw/openclaw-ros/projects/05_camera_surveillance/src/surveillance_logic/build/surveillance_logic', 'catkin_cmake_args': None, 'catkin_skip_building_tests': False, 'cmake_args': None, 'cmake_clean_cache': False, 'cmake_clean_first': False, 'cmake_force_configure': False, 'cmake_target': None, 'cmake_target_skip_unavailable': False, 'install_base': '/home/opencw/.openclaw/openclaw-ros/projects/05_camera_surveillance/src/surveillance_logic/install/surveillance_logic', 'merge_install': False, 'path': '/home/opencw/.openclaw/openclaw-ros/projects/05_camera_surveillance/src/surveillance_logic', 'symlink_install': True, 'test_result_base': None}
[0.915s] INFO:colcon.colcon_core.executor:Executing jobs using 'parallel' executor
[0.918s] DEBUG:colcon.colcon_parallel_executor.executor.parallel:run_until_complete
[0.919s] INFO:colcon.colcon_ros.task.ament_python.build:Building ROS package in '/home/opencw/.openclaw/openclaw-ros/projects/05_camera_surveillance/src/surveillance_logic' with build type 'ament_python'
[0.919s] Level 1:colcon.colcon_core.shell:create_environment_hook('surveillance_logic', 'ament_prefix_path')
[0.931s] INFO:colcon.colcon_core.plugin_system:Skipping extension 'colcon_core.shell.bat': Not used on non-Windows systems
[0.932s] INFO:colcon.colcon_core.shell:Creating environment hook '/home/opencw/.openclaw/openclaw-ros/projects/05_camera_surveillance/src/surveillance_logic/install/surveillance_logic/share/surveillance_logic/hook/ament_prefix_path.ps1'
[0.934s] INFO:colcon.colcon_core.shell:Creating environment descriptor '/home/opencw/.openclaw/openclaw-ros/projects/05_camera_surveillance/src/surveillance_logic/install/surveillance_logic/share/surveillance_logic/hook/ament_prefix_path.dsv'
[0.941s] INFO:colcon.colcon_core.shell:Creating environment hook '/home/opencw/.openclaw/openclaw-ros/projects/05_camera_surveillance/src/surveillance_logic/install/surveillance_logic/share/surveillance_logic/hook/ament_prefix_path.sh'
[0.944s] INFO:colcon.colcon_core.shell:Skip shell extension 'powershell' for command environment: Not usable outside of PowerShell
[0.944s] DEBUG:colcon.colcon_core.shell:Skip shell extension 'dsv' for command environment
[1.821s] INFO:colcon.colcon_core.task.python.build:Building Python package in '/home/opencw/.openclaw/openclaw-ros/projects/05_camera_surveillance/src/surveillance_logic'
[1.822s] INFO:colcon.colcon_core.shell:Skip shell extension 'powershell' for command environment: Not usable outside of PowerShell
[1.822s] DEBUG:colcon.colcon_core.shell:Skip shell extension 'dsv' for command environment
[4.137s] DEBUG:colcon.colcon_core.event_handler.log_command:Invoking command in '/home/opencw/.openclaw/openclaw-ros/projects/05_camera_surveillance/src/surveillance_logic/build/surveillance_logic': PYTHONPATH=/home/opencw/.openclaw/openclaw-ros/projects/05_camera_surveillance/src/surveillance_logic/build/surveillance_logic/prefix_override:/usr/lib/python3/dist-packages/colcon_core/task/python/colcon_distutils_commands:/home/opencw/.openclaw/openclaw-ros/projects/05_camera_surveillance/src/surveillance_logic/install/surveillance_logic/lib/python3.12/site-packages:${PYTHONPATH} /usr/bin/python3 -W ignore:setup.py install is deprecated -W ignore:easy_install command is deprecated setup.py develop --editable --build-directory /home/opencw/.openclaw/openclaw-ros/projects/05_camera_surveillance/src/surveillance_logic/build/surveillance_logic/build --no-deps symlink_data
[6.660s] Level 1:colcon.colcon_core.shell:create_environment_hook('surveillance_logic', 'pythonpath_develop')
[6.661s] INFO:colcon.colcon_core.shell:Creating environment hook '/home/opencw/.openclaw/openclaw-ros/projects/05_camera_surveillance/src/surveillance_logic/build/surveillance_logic/share/surveillance_logic/hook/pythonpath_develop.ps1'
[6.661s] DEBUG:colcon.colcon_core.event_handler.log_command:Invoked command in '/home/opencw/.openclaw/openclaw-ros/projects/05_camera_surveillance/src/surveillance_logic/build/surveillance_logic' returned '0': PYTHONPATH=/home/opencw/.openclaw/openclaw-ros/projects/05_camera_surveillance/src/surveillance_logic/build/surveillance_logic/prefix_override:/usr/lib/python3/dist-packages/colcon_core/task/python/colcon_distutils_commands:/home/opencw/.openclaw/openclaw-ros/projects/05_camera_surveillance/src/surveillance_logic/install/surveillance_logic/lib/python3.12/site-packages:${PYTHONPATH} /usr/bin/python3 -W ignore:setup.py install is deprecated -W ignore:easy_install command is deprecated setup.py develop --editable --build-directory /home/opencw/.openclaw/openclaw-ros/projects/05_camera_surveillance/src/surveillance_logic/build/surveillance_logic/build --no-deps symlink_data
[6.664s] INFO:colcon.colcon_core.shell:Creating environment descriptor '/home/opencw/.openclaw/openclaw-ros/projects/05_camera_surveillance/src/surveillance_logic/build/surveillance_logic/share/surveillance_logic/hook/pythonpath_develop.dsv'
[6.670s] INFO:colcon.colcon_core.shell:Creating environment hook '/home/opencw/.openclaw/openclaw-ros/projects/05_camera_surveillance/src/surveillance_logic/build/surveillance_logic/share/surveillance_logic/hook/pythonpath_develop.sh'
[6.683s] Level 1:colcon.colcon_core.environment:checking '/home/opencw/.openclaw/openclaw-ros/projects/05_camera_surveillance/src/surveillance_logic/install/surveillance_logic' for CMake module files
[6.686s] Level 1:colcon.colcon_core.environment:checking '/home/opencw/.openclaw/openclaw-ros/projects/05_camera_surveillance/src/surveillance_logic/install/surveillance_logic' for CMake config files
[6.690s] Level 1:colcon.colcon_core.environment:checking '/home/opencw/.openclaw/openclaw-ros/projects/05_camera_surveillance/src/surveillance_logic/install/surveillance_logic/lib'
[6.691s] Level 1:colcon.colcon_core.environment:checking '/home/opencw/.openclaw/openclaw-ros/projects/05_camera_surveillance/src/surveillance_logic/install/surveillance_logic/bin'
[6.691s] Level 1:colcon.colcon_core.environment:checking '/home/opencw/.openclaw/openclaw-ros/projects/05_camera_surveillance/src/surveillance_logic/install/surveillance_logic/lib/pkgconfig/surveillance_logic.pc'
[6.692s] Level 1:colcon.colcon_core.environment:checking '/home/opencw/.openclaw/openclaw-ros/projects/05_camera_surveillance/src/surveillance_logic/install/surveillance_logic/lib/python3.12/site-packages'
[6.692s] Level 1:colcon.colcon_core.shell:create_environment_hook('surveillance_logic', 'pythonpath')
[6.693s] INFO:colcon.colcon_core.shell:Creating environment hook '/home/opencw/.openclaw/openclaw-ros/projects/05_camera_surveillance/src/surveillance_logic/install/surveillance_logic/share/surveillance_logic/hook/pythonpath.ps1'
[6.695s] INFO:colcon.colcon_core.shell:Creating environment descriptor '/home/opencw/.openclaw/openclaw-ros/projects/05_camera_surveillance/src/surveillance_logic/install/surveillance_logic/share/surveillance_logic/hook/pythonpath.dsv'
[6.702s] INFO:colcon.colcon_core.shell:Creating environment hook '/home/opencw/.openclaw/openclaw-ros/projects/05_camera_surveillance/src/surveillance_logic/install/surveillance_logic/share/surveillance_logic/hook/pythonpath.sh'
[6.706s] Level 1:colcon.colcon_core.environment:checking '/home/opencw/.openclaw/openclaw-ros/projects/05_camera_surveillance/src/surveillance_logic/install/surveillance_logic/bin'
[6.706s] Level 1:colcon.colcon_core.environment:create_environment_scripts_only(surveillance_logic)
[6.707s] INFO:colcon.colcon_core.shell:Creating package script '/home/opencw/.openclaw/openclaw-ros/projects/05_camera_surveillance/src/surveillance_logic/install/surveillance_logic/share/surveillance_logic/package.ps1'
[6.711s] INFO:colcon.colcon_core.shell:Creating package descriptor '/home/opencw/.openclaw/openclaw-ros/projects/05_camera_surveillance/src/surveillance_logic/install/surveillance_logic/share/surveillance_logic/package.dsv'
[6.715s] INFO:colcon.colcon_core.shell:Creating package script '/home/opencw/.openclaw/openclaw-ros/projects/05_camera_surveillance/src/surveillance_logic/install/surveillance_logic/share/surveillance_logic/package.sh'
[6.718s] INFO:colcon.colcon_core.shell:Creating package script '/home/opencw/.openclaw/openclaw-ros/projects/05_camera_surveillance/src/surveillance_logic/install/surveillance_logic/share/surveillance_logic/package.bash'
[6.721s] INFO:colcon.colcon_core.shell:Creating package script '/home/opencw/.openclaw/openclaw-ros/projects/05_camera_surveillance/src/surveillance_logic/install/surveillance_logic/share/surveillance_logic/package.zsh'
[6.723s] Level 1:colcon.colcon_core.environment:create_file_with_runtime_dependencies(/home/opencw/.openclaw/openclaw-ros/projects/05_camera_surveillance/src/surveillance_logic/install/surveillance_logic/share/colcon-core/packages/surveillance_logic)
[6.725s] DEBUG:colcon.colcon_parallel_executor.executor.parallel:closing loop
[6.726s] DEBUG:colcon.colcon_parallel_executor.executor.parallel:loop closed
[6.727s] DEBUG:colcon.colcon_parallel_executor.executor.parallel:run_until_complete finished with '0'
[6.727s] DEBUG:colcon.colcon_core.event_reactor:joining thread
[6.749s] INFO:colcon.colcon_core.plugin_system:Skipping extension 'colcon_notification.desktop_notification.terminal_notifier': Not used on non-Darwin systems
[6.749s] INFO:colcon.colcon_core.plugin_system:Skipping extension 'colcon_notification.desktop_notification.win32': Not used on non-Windows systems
[6.749s] INFO:colcon.colcon_notification.desktop_notification:Sending desktop notification using 'notify2'
[6.754s] DEBUG:colcon.colcon_notification.desktop_notification.notify2:Failed to initialize notify2: org.freedesktop.DBus.Error.ServiceUnknown: The name org.freedesktop.Notifications was not provided by any .service files
[6.755s] DEBUG:colcon.colcon_core.event_reactor:joined thread
[6.755s] INFO:colcon.colcon_core.shell:Creating prefix script '/home/opencw/.openclaw/openclaw-ros/projects/05_camera_surveillance/src/surveillance_logic/install/local_setup.ps1'
[6.759s] INFO:colcon.colcon_core.shell:Creating prefix util module '/home/opencw/.openclaw/openclaw-ros/projects/05_camera_surveillance/src/surveillance_logic/install/_local_setup_util_ps1.py'
[6.766s] INFO:colcon.colcon_core.shell:Creating prefix chain script '/home/opencw/.openclaw/openclaw-ros/projects/05_camera_surveillance/src/surveillance_logic/install/setup.ps1'
[6.770s] INFO:colcon.colcon_core.shell:Creating prefix script '/home/opencw/.openclaw/openclaw-ros/projects/05_camera_surveillance/src/surveillance_logic/install/local_setup.sh'
[6.772s] INFO:colcon.colcon_core.shell:Creating prefix util module '/home/opencw/.openclaw/openclaw-ros/projects/05_camera_surveillance/src/surveillance_logic/install/_local_setup_util_sh.py'
[6.775s] INFO:colcon.colcon_core.shell:Creating prefix chain script '/home/opencw/.openclaw/openclaw-ros/projects/05_camera_surveillance/src/surveillance_logic/install/setup.sh'
[6.779s] INFO:colcon.colcon_core.shell:Creating prefix script '/home/opencw/.openclaw/openclaw-ros/projects/05_camera_surveillance/src/surveillance_logic/install/local_setup.bash'
[6.782s] INFO:colcon.colcon_core.shell:Creating prefix chain script '/home/opencw/.openclaw/openclaw-ros/projects/05_camera_surveillance/src/surveillance_logic/install/setup.bash'
[6.786s] INFO:colcon.colcon_core.shell:Creating prefix script '/home/opencw/.openclaw/openclaw-ros/projects/05_camera_surveillance/src/surveillance_logic/install/local_setup.zsh'
[6.788s] INFO:colcon.colcon_core.shell:Creating prefix chain script '/home/opencw/.openclaw/openclaw-ros/projects/05_camera_surveillance/src/surveillance_logic/install/setup.zsh'
