[0.000000] (-) TimerEvent: {}
[0.000242] (turtle_talker) JobQueued: {'identifier': 'turtle_talker', 'dependencies': OrderedDict()}
[0.001406] (turtle_talker) JobStarted: {'identifier': 'turtle_talker'}
[0.099235] (-) TimerEvent: {}
[0.199572] (-) TimerEvent: {}
[0.299915] (-) TimerEvent: {}
[0.400232] (-) TimerEvent: {}
[0.500549] (-) TimerEvent: {}
[0.600866] (-) TimerEvent: {}
[0.701169] (-) TimerEvent: {}
[0.801442] (-) TimerEvent: {}
[0.901822] (-) TimerEvent: {}
[1.002213] (-) TimerEvent: {}
[1.102592] (-) TimerEvent: {}
[1.202932] (-) TimerEvent: {}
[1.303315] (-) TimerEvent: {}
[1.403619] (-) TimerEvent: {}
[1.503907] (-) TimerEvent: {}
[1.604195] (-) TimerEvent: {}
[1.704495] (-) TimerEvent: {}
[1.804795] (-) TimerEvent: {}
[1.905169] (-) TimerEvent: {}
[2.005509] (-) TimerEvent: {}
[2.105843] (-) TimerEvent: {}
[2.206201] (-) TimerEvent: {}
[2.306536] (-) TimerEvent: {}
[2.406870] (-) TimerEvent: {}
[2.507196] (-) TimerEvent: {}
[2.607515] (-) TimerEvent: {}
[2.707818] (-) TimerEvent: {}
[2.808211] (-) TimerEvent: {}
[2.908627] (-) TimerEvent: {}
[3.009171] (-) TimerEvent: {}
[3.109540] (-) TimerEvent: {}
[3.209848] (-) TimerEvent: {}
[3.310205] (-) TimerEvent: {}
[3.410536] (-) TimerEvent: {}
[3.510840] (-) TimerEvent: {}
[3.611261] (-) TimerEvent: {}
[3.711620] (-) TimerEvent: {}
[3.811907] (-) TimerEvent: {}
[3.912284] (-) TimerEvent: {}
[4.012688] (-) TimerEvent: {}
[4.016208] (turtle_talker) Command: {'cmd': ['/usr/bin/python3', '-W', 'ignore:setup.py install is deprecated', '-W', 'ignore:easy_install command is deprecated', 'setup.py', 'develop', '--editable', '--build-directory', '/home/opencw/.openclaw/openclaw-ros/projects/02_turtle_talker/src/turtle_talker/build/turtle_talker/build', '--no-deps', 'symlink_data'], 'cwd': '/home/opencw/.openclaw/openclaw-ros/projects/02_turtle_talker/src/turtle_talker/build/turtle_talker', 'env': {'USER': 'opencw', 'OPENCLAW_SYSTEMD_UNIT': 'openclaw-gateway.service', 'SHLVL': '0', 'LD_LIBRARY_PATH': '/opt/ros/kilted/lib/aarch64-linux-gnu:/opt/ros/kilted/lib', 'HOME': '/home/opencw', 'OPENCLAW_GATEWAY_TOKEN': '7ea1fb367e0e502879fcb10db1a1366b776651c7d921334b', 'OLDPWD': '/home/opencw/.openclaw/openclaw-ros/projects/02_turtle_talker/src/turtle_talker', 'GTK_MODULES': 'gail:atk-bridge', 'ROS_PYTHON_VERSION': '3', 'MANAGERPID': '1545', 'NODE_NO_WARNINGS': '1', 'DBUS_SESSION_BUS_ADDRESS': 'unix:path=/run/user/1000/bus', 'GSM_SKIP_SSH_AGENT_WORKAROUND': 'true', 'SYSTEMD_EXEC_PID': '5378', 'OPENCLAW_SERVICE_VERSION': '2026.2.9', 'ROS_DISTRO': 'kilted', 'LOGNAME': 'opencw', 'JOURNAL_STREAM': '8:34513', '_': '/usr/bin/colcon', 'MEMORY_PRESSURE_WATCH': '/sys/fs/cgroup/user.slice/user-1000.slice/user@1000.service/app.slice/openclaw-gateway.service/memory.pressure', 'ROS_VERSION': '2', 'PATH': '/opt/ros/kilted/bin:/usr/local/bin:/usr/bin:/bin:/home/opencw/.local/bin:/home/opencw/.npm-global/bin:/home/opencw/bin:/home/opencw/.nvm/current/bin:/home/opencw/.fnm/current/bin:/home/opencw/.volta/bin:/home/opencw/.asdf/shims:/home/opencw/.local/share/pnpm:/home/opencw/.bun/bin', 'INVOCATION_ID': '2de44f67250c40ef9c6691f3849566f8', 'XDG_RUNTIME_DIR': '/run/user/1000', 'LANG': 'C.UTF-8', 'OPENCLAW_GATEWAY_PORT': '18789', 'SSH_AUTH_SOCK': '/run/user/1000/gnupg/S.gpg-agent.ssh', 'AMENT_PREFIX_PATH': '/opt/ros/kilted', 'SHELL': '/usr/bin/zsh', 'QT_ACCESSIBILITY': '1', 'OPENCLAW_SERVICE_MARKER': 'openclaw', 'OPENCLAW_SERVICE_KIND': 'gateway', 'ROS_AUTOMATIC_DISCOVERY_RANGE': 'SUBNET', 'PWD': '/home/opencw/.openclaw/openclaw-ros/projects/02_turtle_talker/src/turtle_talker/build/turtle_talker', 'XDG_DATA_DIRS': '/usr/local/share/:/usr/share/:/var/lib/snapd/desktop', 'PYTHONPATH': '/home/opencw/.openclaw/openclaw-ros/projects/02_turtle_talker/src/turtle_talker/build/turtle_talker/prefix_override:/usr/lib/python3/dist-packages/colcon_core/task/python/colcon_distutils_commands:/home/opencw/.openclaw/openclaw-ros/projects/02_turtle_talker/src/turtle_talker/install/turtle_talker/lib/python3.12/site-packages:/opt/ros/kilted/lib/python3.12/site-packages', 'COLCON': '1', 'MEMORY_PRESSURE_WRITE': 'c29tZSAyMDAwMDAgMjAwMDAwMAA=', 'OPENCLAW_PATH_BOOTSTRAPPED': '1'}, 'shell': False}
[4.113195] (-) TimerEvent: {}
[4.213676] (-) TimerEvent: {}
[4.314005] (-) TimerEvent: {}
[4.414406] (-) TimerEvent: {}
[4.514715] (-) TimerEvent: {}
[4.615000] (-) TimerEvent: {}
[4.715358] (-) TimerEvent: {}
[4.815642] (-) TimerEvent: {}
[4.915918] (-) TimerEvent: {}
[5.016191] (-) TimerEvent: {}
[5.116464] (-) TimerEvent: {}
[5.216745] (-) TimerEvent: {}
[5.281539] (turtle_talker) StdoutLine: {'line': b'running develop\n'}
[5.316876] (-) TimerEvent: {}
[5.417186] (-) TimerEvent: {}
[5.517472] (-) TimerEvent: {}
[5.617764] (-) TimerEvent: {}
[5.718057] (-) TimerEvent: {}
[5.818365] (-) TimerEvent: {}
[5.918633] (-) TimerEvent: {}
[6.018897] (-) TimerEvent: {}
[6.060931] (turtle_talker) StdoutLine: {'line': b'running egg_info\n'}
[6.061716] (turtle_talker) StdoutLine: {'line': b'creating turtle_talker.egg-info\n'}
[6.119051] (-) TimerEvent: {}
[6.129428] (turtle_talker) StdoutLine: {'line': b'writing turtle_talker.egg-info/PKG-INFO\n'}
[6.130588] (turtle_talker) StdoutLine: {'line': b'writing dependency_links to turtle_talker.egg-info/dependency_links.txt\n'}
[6.131409] (turtle_talker) StdoutLine: {'line': b'writing entry points to turtle_talker.egg-info/entry_points.txt\n'}
[6.132226] (turtle_talker) StdoutLine: {'line': b'writing requirements to turtle_talker.egg-info/requires.txt\n'}
[6.132951] (turtle_talker) StdoutLine: {'line': b'writing top-level names to turtle_talker.egg-info/top_level.txt\n'}
[6.133637] (turtle_talker) StdoutLine: {'line': b"writing manifest file 'turtle_talker.egg-info/SOURCES.txt'\n"}
[6.219192] (-) TimerEvent: {}
[6.275986] (turtle_talker) StdoutLine: {'line': b"reading manifest file 'turtle_talker.egg-info/SOURCES.txt'\n"}
[6.278509] (turtle_talker) StdoutLine: {'line': b"writing manifest file 'turtle_talker.egg-info/SOURCES.txt'\n"}
[6.319322] (-) TimerEvent: {}
[6.352428] (turtle_talker) StdoutLine: {'line': b'running build_ext\n'}
[6.359553] (turtle_talker) StdoutLine: {'line': b'Creating /home/opencw/.openclaw/openclaw-ros/projects/02_turtle_talker/src/turtle_talker/install/turtle_talker/lib/python3.12/site-packages/turtle-talker.egg-link (link to .)\n'}
[6.363039] (turtle_talker) StdoutLine: {'line': b'Installing listener script to /home/opencw/.openclaw/openclaw-ros/projects/02_turtle_talker/src/turtle_talker/install/turtle_talker/lib/turtle_talker\n'}
[6.364374] (turtle_talker) StdoutLine: {'line': b'Installing talker script to /home/opencw/.openclaw/openclaw-ros/projects/02_turtle_talker/src/turtle_talker/install/turtle_talker/lib/turtle_talker\n'}
[6.365915] (turtle_talker) StdoutLine: {'line': b'\n'}
[6.366553] (turtle_talker) StdoutLine: {'line': b'Installed /home/opencw/.openclaw/openclaw-ros/projects/02_turtle_talker/src/turtle_talker/build/turtle_talker\n'}
[6.367560] (turtle_talker) StdoutLine: {'line': b'running symlink_data\n'}
[6.368186] (turtle_talker) StdoutLine: {'line': b'creating /home/opencw/.openclaw/openclaw-ros/projects/02_turtle_talker/src/turtle_talker/install/turtle_talker/share/ament_index\n'}
[6.368737] (turtle_talker) StdoutLine: {'line': b'creating /home/opencw/.openclaw/openclaw-ros/projects/02_turtle_talker/src/turtle_talker/install/turtle_talker/share/ament_index/resource_index\n'}
[6.369752] (turtle_talker) StdoutLine: {'line': b'creating /home/opencw/.openclaw/openclaw-ros/projects/02_turtle_talker/src/turtle_talker/install/turtle_talker/share/ament_index/resource_index/packages\n'}
[6.371297] (turtle_talker) StdoutLine: {'line': b'symbolically linking /home/opencw/.openclaw/openclaw-ros/projects/02_turtle_talker/src/turtle_talker/build/turtle_talker/resource/turtle_talker -> /home/opencw/.openclaw/openclaw-ros/projects/02_turtle_talker/src/turtle_talker/install/turtle_talker/share/ament_index/resource_index/packages\n'}
[6.372372] (turtle_talker) StdoutLine: {'line': b'symbolically linking /home/opencw/.openclaw/openclaw-ros/projects/02_turtle_talker/src/turtle_talker/build/turtle_talker/package.xml -> /home/opencw/.openclaw/openclaw-ros/projects/02_turtle_talker/src/turtle_talker/install/turtle_talker/share/turtle_talker\n'}
[6.419615] (-) TimerEvent: {}
[6.520060] (-) TimerEvent: {}
[6.522480] (turtle_talker) CommandEnded: {'returncode': 0}
[6.611756] (turtle_talker) JobEnded: {'identifier': 'turtle_talker', 'rc': 0}
[6.614523] (-) EventReactorShutdown: {}
