[0.748s] DEBUG:colcon:Command line arguments: ['/usr/bin/colcon', 'build', '--symlink-install', '--packages-select', 'turtle_talker']
[0.749s] DEBUG:colcon:Parsed command line arguments: Namespace(log_base=None, log_level=None, verb_name='build', build_base='build', install_base='install', merge_install=False, symlink_install=True, test_result_base=None, continue_on_error=False, executor='parallel', parallel_workers=4, event_handlers=None, ignore_user_meta=False, metas=['./colcon.meta'], base_paths=['.'], packages_ignore=None, packages_ignore_regex=None, paths=None, packages_up_to=None, packages_up_to_regex=None, packages_above=None, packages_above_and_dependencies=None, packages_above_depth=None, packages_select_by_dep=None, packages_skip_by_dep=None, packages_skip_up_to=None, packages_select_build_failed=False, packages_skip_build_finished=False, packages_select_test_failures=False, packages_skip_test_passed=False, packages_select=['turtle_talker'], packages_skip=None, packages_select_regex=None, packages_skip_regex=None, packages_start=None, packages_end=None, allow_overriding=[], cmake_args=None, cmake_target=None, cmake_target_skip_unavailable=False, cmake_clean_cache=False, cmake_clean_first=False, cmake_force_configure=False, ament_cmake_args=None, catkin_cmake_args=None, catkin_skip_building_tests=False, verb_parser=<colcon_defaults.argument_parser.defaults.DefaultArgumentsDecorator object at 0xffffb6818380>, verb_extension=<colcon_core.verb.build.BuildVerb object at 0xffffb69c08f0>, main=<bound method BuildVerb.main of <colcon_core.verb.build.BuildVerb object at 0xffffb69c08f0>>)
[1.044s] Level 1:colcon.colcon_core.package_discovery:discover_packages(colcon_meta) check parameters
[1.045s] Level 1:colcon.colcon_core.package_discovery:discover_packages(recursive) check parameters
[1.045s] Level 1:colcon.colcon_core.package_discovery:discover_packages(ignore) check parameters
[1.045s] Level 1:colcon.colcon_core.package_discovery:discover_packages(path) check parameters
[1.045s] Level 1:colcon.colcon_core.package_discovery:discover_packages(colcon_meta) discover
[1.046s] Level 1:colcon.colcon_core.package_discovery:discover_packages(recursive) discover
[1.046s] INFO:colcon.colcon_core.package_discovery:Crawling recursively for packages in '/home/opencw/.openclaw/openclaw-ros/projects/02_turtle_talker/src/turtle_talker'
[1.046s] Level 1:colcon.colcon_core.package_identification:_identify(.) by extensions ['ignore', 'ignore_ament_install']
[1.047s] Level 1:colcon.colcon_core.package_identification:_identify(.) by extension 'ignore'
[1.047s] Level 1:colcon.colcon_core.package_identification:_identify(.) by extension 'ignore_ament_install'
[1.047s] Level 1:colcon.colcon_core.package_identification:_identify(.) by extensions ['colcon_pkg']
[1.048s] Level 1:colcon.colcon_core.package_identification:_identify(.) by extension 'colcon_pkg'
[1.048s] Level 1:colcon.colcon_core.package_identification:_identify(.) by extensions ['colcon_meta']
[1.048s] Level 1:colcon.colcon_core.package_identification:_identify(.) by extension 'colcon_meta'
[1.048s] Level 1:colcon.colcon_core.package_identification:_identify(.) by extensions ['ros']
[1.048s] Level 1:colcon.colcon_core.package_identification:_identify(.) by extension 'ros'
[1.174s] DEBUG:colcon.colcon_core.package_identification:Package '.' with type 'ros.ament_python' and name 'turtle_talker'
[1.174s] Level 1:colcon.colcon_core.package_discovery:discover_packages(recursive) using defaults
[1.174s] Level 1:colcon.colcon_core.package_discovery:discover_packages(ignore) discover
[1.174s] Level 1:colcon.colcon_core.package_discovery:discover_packages(ignore) using defaults
[1.174s] Level 1:colcon.colcon_core.package_discovery:discover_packages(path) discover
[1.174s] Level 1:colcon.colcon_core.package_discovery:discover_packages(path) using defaults
[1.300s] Level 1:colcon.colcon_core.package_discovery:discover_packages(prefix_path) check parameters
[1.301s] Level 1:colcon.colcon_core.package_discovery:discover_packages(prefix_path) discover
[1.320s] DEBUG:colcon.colcon_installed_package_information.package_discovery:Found 209 installed packages in /opt/ros/kilted
[1.323s] Level 1:colcon.colcon_core.package_discovery:discover_packages(prefix_path) using defaults
[1.483s] Level 5:colcon.colcon_core.verb:set package 'turtle_talker' build argument 'cmake_args' from command line to 'None'
[1.483s] Level 5:colcon.colcon_core.verb:set package 'turtle_talker' build argument 'cmake_target' from command line to 'None'
[1.483s] Level 5:colcon.colcon_core.verb:set package 'turtle_talker' build argument 'cmake_target_skip_unavailable' from command line to 'False'
[1.483s] Level 5:colcon.colcon_core.verb:set package 'turtle_talker' build argument 'cmake_clean_cache' from command line to 'False'
[1.483s] Level 5:colcon.colcon_core.verb:set package 'turtle_talker' build argument 'cmake_clean_first' from command line to 'False'
[1.484s] Level 5:colcon.colcon_core.verb:set package 'turtle_talker' build argument 'cmake_force_configure' from command line to 'False'
[1.484s] Level 5:colcon.colcon_core.verb:set package 'turtle_talker' build argument 'ament_cmake_args' from command line to 'None'
[1.484s] Level 5:colcon.colcon_core.verb:set package 'turtle_talker' build argument 'catkin_cmake_args' from command line to 'None'
[1.484s] Level 5:colcon.colcon_core.verb:set package 'turtle_talker' build argument 'catkin_skip_building_tests' from command line to 'False'
[1.484s] DEBUG:colcon.colcon_core.verb:Building package 'turtle_talker' with the following arguments: {'ament_cmake_args': None, 'build_base': '/home/opencw/.openclaw/openclaw-ros/projects/02_turtle_talker/src/turtle_talker/build/turtle_talker', 'catkin_cmake_args': None, 'catkin_skip_building_tests': False, 'cmake_args': None, 'cmake_clean_cache': False, 'cmake_clean_first': False, 'cmake_force_configure': False, 'cmake_target': None, 'cmake_target_skip_unavailable': False, 'install_base': '/home/opencw/.openclaw/openclaw-ros/projects/02_turtle_talker/src/turtle_talker/install/turtle_talker', 'merge_install': False, 'path': '/home/opencw/.openclaw/openclaw-ros/projects/02_turtle_talker/src/turtle_talker', 'symlink_install': True, 'test_result_base': None}
[1.484s] INFO:colcon.colcon_core.executor:Executing jobs using 'parallel' executor
[1.487s] DEBUG:colcon.colcon_parallel_executor.executor.parallel:run_until_complete
[1.488s] INFO:colcon.colcon_ros.task.ament_python.build:Building ROS package in '/home/opencw/.openclaw/openclaw-ros/projects/02_turtle_talker/src/turtle_talker' with build type 'ament_python'
[1.489s] Level 1:colcon.colcon_core.shell:create_environment_hook('turtle_talker', 'ament_prefix_path')
[1.519s] INFO:colcon.colcon_core.plugin_system:Skipping extension 'colcon_core.shell.bat': Not used on non-Windows systems
[1.520s] INFO:colcon.colcon_core.shell:Creating environment hook '/home/opencw/.openclaw/openclaw-ros/projects/02_turtle_talker/src/turtle_talker/install/turtle_talker/share/turtle_talker/hook/ament_prefix_path.ps1'
[1.524s] INFO:colcon.colcon_core.shell:Creating environment descriptor '/home/opencw/.openclaw/openclaw-ros/projects/02_turtle_talker/src/turtle_talker/install/turtle_talker/share/turtle_talker/hook/ament_prefix_path.dsv'
[1.527s] INFO:colcon.colcon_core.shell:Creating environment hook '/home/opencw/.openclaw/openclaw-ros/projects/02_turtle_talker/src/turtle_talker/install/turtle_talker/share/turtle_talker/hook/ament_prefix_path.sh'
[1.530s] INFO:colcon.colcon_core.shell:Skip shell extension 'powershell' for command environment: Not usable outside of PowerShell
[1.530s] DEBUG:colcon.colcon_core.shell:Skip shell extension 'dsv' for command environment
[2.411s] INFO:colcon.colcon_core.task.python.build:Building Python package in '/home/opencw/.openclaw/openclaw-ros/projects/02_turtle_talker/src/turtle_talker'
[2.412s] INFO:colcon.colcon_core.shell:Skip shell extension 'powershell' for command environment: Not usable outside of PowerShell
[2.412s] DEBUG:colcon.colcon_core.shell:Skip shell extension 'dsv' for command environment
[5.506s] DEBUG:colcon.colcon_core.event_handler.log_command:Invoking command in '/home/opencw/.openclaw/openclaw-ros/projects/02_turtle_talker/src/turtle_talker/build/turtle_talker': PYTHONPATH=/home/opencw/.openclaw/openclaw-ros/projects/02_turtle_talker/src/turtle_talker/build/turtle_talker/prefix_override:/usr/lib/python3/dist-packages/colcon_core/task/python/colcon_distutils_commands:/home/opencw/.openclaw/openclaw-ros/projects/02_turtle_talker/src/turtle_talker/install/turtle_talker/lib/python3.12/site-packages:${PYTHONPATH} /usr/bin/python3 -W ignore:setup.py install is deprecated -W ignore:easy_install command is deprecated setup.py develop --editable --build-directory /home/opencw/.openclaw/openclaw-ros/projects/02_turtle_talker/src/turtle_talker/build/turtle_talker/build --no-deps symlink_data
[8.009s] Level 1:colcon.colcon_core.shell:create_environment_hook('turtle_talker', 'pythonpath_develop')
[8.010s] INFO:colcon.colcon_core.shell:Creating environment hook '/home/opencw/.openclaw/openclaw-ros/projects/02_turtle_talker/src/turtle_talker/build/turtle_talker/share/turtle_talker/hook/pythonpath_develop.ps1'
[8.011s] DEBUG:colcon.colcon_core.event_handler.log_command:Invoked command in '/home/opencw/.openclaw/openclaw-ros/projects/02_turtle_talker/src/turtle_talker/build/turtle_talker' returned '0': PYTHONPATH=/home/opencw/.openclaw/openclaw-ros/projects/02_turtle_talker/src/turtle_talker/build/turtle_talker/prefix_override:/usr/lib/python3/dist-packages/colcon_core/task/python/colcon_distutils_commands:/home/opencw/.openclaw/openclaw-ros/projects/02_turtle_talker/src/turtle_talker/install/turtle_talker/lib/python3.12/site-packages:${PYTHONPATH} /usr/bin/python3 -W ignore:setup.py install is deprecated -W ignore:easy_install command is deprecated setup.py develop --editable --build-directory /home/opencw/.openclaw/openclaw-ros/projects/02_turtle_talker/src/turtle_talker/build/turtle_talker/build --no-deps symlink_data
[8.013s] INFO:colcon.colcon_core.shell:Creating environment descriptor '/home/opencw/.openclaw/openclaw-ros/projects/02_turtle_talker/src/turtle_talker/build/turtle_talker/share/turtle_talker/hook/pythonpath_develop.dsv'
[8.014s] INFO:colcon.colcon_core.shell:Creating environment hook '/home/opencw/.openclaw/openclaw-ros/projects/02_turtle_talker/src/turtle_talker/build/turtle_talker/share/turtle_talker/hook/pythonpath_develop.sh'
[8.051s] Level 1:colcon.colcon_core.environment:checking '/home/opencw/.openclaw/openclaw-ros/projects/02_turtle_talker/src/turtle_talker/install/turtle_talker' for CMake module files
[8.055s] Level 1:colcon.colcon_core.environment:checking '/home/opencw/.openclaw/openclaw-ros/projects/02_turtle_talker/src/turtle_talker/install/turtle_talker' for CMake config files
[8.059s] Level 1:colcon.colcon_core.environment:checking '/home/opencw/.openclaw/openclaw-ros/projects/02_turtle_talker/src/turtle_talker/install/turtle_talker/lib'
[8.059s] Level 1:colcon.colcon_core.environment:checking '/home/opencw/.openclaw/openclaw-ros/projects/02_turtle_talker/src/turtle_talker/install/turtle_talker/bin'
[8.060s] Level 1:colcon.colcon_core.environment:checking '/home/opencw/.openclaw/openclaw-ros/projects/02_turtle_talker/src/turtle_talker/install/turtle_talker/lib/pkgconfig/turtle_talker.pc'
[8.061s] Level 1:colcon.colcon_core.environment:checking '/home/opencw/.openclaw/openclaw-ros/projects/02_turtle_talker/src/turtle_talker/install/turtle_talker/lib/python3.12/site-packages'
[8.061s] Level 1:colcon.colcon_core.shell:create_environment_hook('turtle_talker', 'pythonpath')
[8.062s] INFO:colcon.colcon_core.shell:Creating environment hook '/home/opencw/.openclaw/openclaw-ros/projects/02_turtle_talker/src/turtle_talker/install/turtle_talker/share/turtle_talker/hook/pythonpath.ps1'
[8.064s] INFO:colcon.colcon_core.shell:Creating environment descriptor '/home/opencw/.openclaw/openclaw-ros/projects/02_turtle_talker/src/turtle_talker/install/turtle_talker/share/turtle_talker/hook/pythonpath.dsv'
[8.065s] INFO:colcon.colcon_core.shell:Creating environment hook '/home/opencw/.openclaw/openclaw-ros/projects/02_turtle_talker/src/turtle_talker/install/turtle_talker/share/turtle_talker/hook/pythonpath.sh'
[8.068s] Level 1:colcon.colcon_core.environment:checking '/home/opencw/.openclaw/openclaw-ros/projects/02_turtle_talker/src/turtle_talker/install/turtle_talker/bin'
[8.069s] Level 1:colcon.colcon_core.environment:create_environment_scripts_only(turtle_talker)
[8.070s] INFO:colcon.colcon_core.shell:Creating package script '/home/opencw/.openclaw/openclaw-ros/projects/02_turtle_talker/src/turtle_talker/install/turtle_talker/share/turtle_talker/package.ps1'
[8.079s] INFO:colcon.colcon_core.shell:Creating package descriptor '/home/opencw/.openclaw/openclaw-ros/projects/02_turtle_talker/src/turtle_talker/install/turtle_talker/share/turtle_talker/package.dsv'
[8.084s] INFO:colcon.colcon_core.shell:Creating package script '/home/opencw/.openclaw/openclaw-ros/projects/02_turtle_talker/src/turtle_talker/install/turtle_talker/share/turtle_talker/package.sh'
[8.089s] INFO:colcon.colcon_core.shell:Creating package script '/home/opencw/.openclaw/openclaw-ros/projects/02_turtle_talker/src/turtle_talker/install/turtle_talker/share/turtle_talker/package.bash'
[8.094s] INFO:colcon.colcon_core.shell:Creating package script '/home/opencw/.openclaw/openclaw-ros/projects/02_turtle_talker/src/turtle_talker/install/turtle_talker/share/turtle_talker/package.zsh'
[8.097s] Level 1:colcon.colcon_core.environment:create_file_with_runtime_dependencies(/home/opencw/.openclaw/openclaw-ros/projects/02_turtle_talker/src/turtle_talker/install/turtle_talker/share/colcon-core/packages/turtle_talker)
[8.099s] DEBUG:colcon.colcon_parallel_executor.executor.parallel:closing loop
[8.100s] DEBUG:colcon.colcon_parallel_executor.executor.parallel:loop closed
[8.101s] DEBUG:colcon.colcon_parallel_executor.executor.parallel:run_until_complete finished with '0'
[8.101s] DEBUG:colcon.colcon_core.event_reactor:joining thread
[8.135s] INFO:colcon.colcon_core.plugin_system:Skipping extension 'colcon_notification.desktop_notification.terminal_notifier': Not used on non-Darwin systems
[8.135s] INFO:colcon.colcon_core.plugin_system:Skipping extension 'colcon_notification.desktop_notification.win32': Not used on non-Windows systems
[8.135s] INFO:colcon.colcon_notification.desktop_notification:Sending desktop notification using 'notify2'
[8.140s] DEBUG:colcon.colcon_notification.desktop_notification.notify2:Failed to initialize notify2: org.freedesktop.DBus.Error.ServiceUnknown: The name org.freedesktop.Notifications was not provided by any .service files
[8.141s] DEBUG:colcon.colcon_core.event_reactor:joined thread
[8.142s] INFO:colcon.colcon_core.shell:Creating prefix script '/home/opencw/.openclaw/openclaw-ros/projects/02_turtle_talker/src/turtle_talker/install/local_setup.ps1'
[8.151s] INFO:colcon.colcon_core.shell:Creating prefix util module '/home/opencw/.openclaw/openclaw-ros/projects/02_turtle_talker/src/turtle_talker/install/_local_setup_util_ps1.py'
[8.158s] INFO:colcon.colcon_core.shell:Creating prefix chain script '/home/opencw/.openclaw/openclaw-ros/projects/02_turtle_talker/src/turtle_talker/install/setup.ps1'
[8.164s] INFO:colcon.colcon_core.shell:Creating prefix script '/home/opencw/.openclaw/openclaw-ros/projects/02_turtle_talker/src/turtle_talker/install/local_setup.sh'
[8.166s] INFO:colcon.colcon_core.shell:Creating prefix util module '/home/opencw/.openclaw/openclaw-ros/projects/02_turtle_talker/src/turtle_talker/install/_local_setup_util_sh.py'
[8.169s] INFO:colcon.colcon_core.shell:Creating prefix chain script '/home/opencw/.openclaw/openclaw-ros/projects/02_turtle_talker/src/turtle_talker/install/setup.sh'
[8.173s] INFO:colcon.colcon_core.shell:Creating prefix script '/home/opencw/.openclaw/openclaw-ros/projects/02_turtle_talker/src/turtle_talker/install/local_setup.bash'
[8.175s] INFO:colcon.colcon_core.shell:Creating prefix chain script '/home/opencw/.openclaw/openclaw-ros/projects/02_turtle_talker/src/turtle_talker/install/setup.bash'
[8.179s] INFO:colcon.colcon_core.shell:Creating prefix script '/home/opencw/.openclaw/openclaw-ros/projects/02_turtle_talker/src/turtle_talker/install/local_setup.zsh'
[8.181s] INFO:colcon.colcon_core.shell:Creating prefix chain script '/home/opencw/.openclaw/openclaw-ros/projects/02_turtle_talker/src/turtle_talker/install/setup.zsh'
