[0.000000] (-) TimerEvent: {}
[0.000337] (surveillance_logic) JobQueued: {'identifier': 'surveillance_logic', 'dependencies': OrderedDict()}
[0.001731] (surveillance_logic) JobStarted: {'identifier': 'surveillance_logic'}
[0.099257] (-) TimerEvent: {}
[0.199608] (-) TimerEvent: {}
[0.300606] (-) TimerEvent: {}
[0.400925] (-) TimerEvent: {}
[0.501238] (-) TimerEvent: {}
[0.601560] (-) TimerEvent: {}
[0.701841] (-) TimerEvent: {}
[0.802120] (-) TimerEvent: {}
[0.902566] (-) TimerEvent: {}
[1.003274] (-) TimerEvent: {}
[1.104013] (-) TimerEvent: {}
[1.204345] (-) TimerEvent: {}
[1.304708] (-) TimerEvent: {}
[1.405017] (-) TimerEvent: {}
[1.505321] (-) TimerEvent: {}
[1.605617] (-) TimerEvent: {}
[1.705911] (-) TimerEvent: {}
[1.806204] (-) TimerEvent: {}
[1.906575] (-) TimerEvent: {}
[2.006950] (-) TimerEvent: {}
[2.107249] (-) TimerEvent: {}
[2.207572] (-) TimerEvent: {}
[2.307868] (-) TimerEvent: {}
[2.408183] (-) TimerEvent: {}
[2.508588] (-) TimerEvent: {}
[2.608924] (-) TimerEvent: {}
[2.709216] (-) TimerEvent: {}
[2.809585] (-) TimerEvent: {}
[2.909889] (-) TimerEvent: {}
[3.010182] (-) TimerEvent: {}
[3.110508] (-) TimerEvent: {}
[3.210795] (-) TimerEvent: {}
[3.311200] (-) TimerEvent: {}
[3.411675] (-) TimerEvent: {}
[3.467776] (surveillance_logic) Command: {'cmd': ['/usr/bin/python3', '-W', 'ignore:setup.py install is deprecated', '-W', 'ignore:easy_install command is deprecated', 'setup.py', 'egg_info', '--egg-base', 'build/surveillance_logic', 'build', '--build-base', '/home/opencw/.openclaw/openclaw-ros/projects/05_surveillance_pro/src/surveillance_logic/build/surveillance_logic/build', 'install', '--record', '/home/opencw/.openclaw/openclaw-ros/projects/05_surveillance_pro/src/surveillance_logic/build/surveillance_logic/install.log', '--single-version-externally-managed', 'install_data'], 'cwd': '/home/opencw/.openclaw/openclaw-ros/projects/05_surveillance_pro/src/surveillance_logic', 'env': {'USER': 'opencw', 'OPENCLAW_SYSTEMD_UNIT': 'openclaw-gateway.service', 'SHLVL': '1', 'LD_LIBRARY_PATH': '/opt/ros/kilted/lib/aarch64-linux-gnu:/opt/ros/kilted/lib', 'VIPSHOME': '/target', 'HOME': '/home/opencw', 'OPENCLAW_GATEWAY_TOKEN': '7ea1fb367e0e502879fcb10db1a1366b776651c7d921334b', 'OLDPWD': '/home/opencw/.openclaw/workspace', 'ROS_PYTHON_VERSION': '3', 'GTK_MODULES': 'gail:atk-bridge', 'NODE_NO_WARNINGS': '1', 'MANAGERPID': '1557', 'SYSTEMD_EXEC_PID': '4964', 'GSM_SKIP_SSH_AGENT_WORKAROUND': 'true', 'DBUS_SESSION_BUS_ADDRESS': 'unix:path=/run/user/1000/bus', 'OPENCLAW_SERVICE_VERSION': '2026.2.9', 'ROS_DISTRO': 'kilted', 'LOGNAME': 'opencw', 'JOURNAL_STREAM': '8:37648', '_': '/usr/bin/colcon', 'ROS_VERSION': '2', 'MEMORY_PRESSURE_WATCH': '/sys/fs/cgroup/user.slice/user-1000.slice/user@1000.service/app.slice/openclaw-gateway.service/memory.pressure', 'PATH': '/opt/ros/kilted/bin:/usr/local/bin:/usr/bin:/bin:/home/opencw/.local/bin:/home/opencw/.npm-global/bin:/home/opencw/bin:/home/opencw/.nvm/current/bin:/home/opencw/.fnm/current/bin:/home/opencw/.volta/bin:/home/opencw/.asdf/shims:/home/opencw/.local/share/pnpm:/home/opencw/.bun/bin', 'INVOCATION_ID': 'da7fd63d257d4c74acec77a4bfb7e78c', 'XDG_RUNTIME_DIR': '/run/user/1000', 'LANG': 'C.UTF-8', 'OPENCLAW_GATEWAY_PORT': '18789', 'SSH_AUTH_SOCK': '/run/user/1000/gnupg/S.gpg-agent.ssh', 'AMENT_PREFIX_PATH': '/opt/ros/kilted', 'SHELL': '/usr/bin/zsh', 'QT_ACCESSIBILITY': '1', 'OPENCLAW_SERVICE_KIND': 'gateway', 'OPENCLAW_SERVICE_MARKER': 'openclaw', 'ROS_AUTOMATIC_DISCOVERY_RANGE': 'SUBNET', 'PWD': '/home/opencw/.openclaw/openclaw-ros/projects/05_surveillance_pro/src/surveillance_logic/build/surveillance_logic', 'XDG_DATA_DIRS': '/usr/local/share/:/usr/share/:/var/lib/snapd/desktop', 'PYTHONPATH': '/home/opencw/.openclaw/openclaw-ros/projects/05_surveillance_pro/src/surveillance_logic/build/surveillance_logic/prefix_override:/usr/lib/python3/dist-packages/colcon_core/task/python/colcon_distutils_commands:/home/opencw/.openclaw/openclaw-ros/projects/05_surveillance_pro/src/surveillance_logic/install/surveillance_logic/lib/python3.12/site-packages:/opt/ros/kilted/lib/python3.12/site-packages', 'COLCON': '1', 'MEMORY_PRESSURE_WRITE': 'c29tZSAyMDAwMDAgMjAwMDAwMAA=', 'OPENCLAW_PATH_BOOTSTRAPPED': '1'}, 'shell': False}
[3.511837] (-) TimerEvent: {}
[3.612167] (-) TimerEvent: {}
[3.712545] (-) TimerEvent: {}
[3.812859] (-) TimerEvent: {}
[3.913205] (-) TimerEvent: {}
[4.013549] (-) TimerEvent: {}
[4.113877] (-) TimerEvent: {}
[4.214177] (-) TimerEvent: {}
[4.314513] (-) TimerEvent: {}
[4.414820] (-) TimerEvent: {}
[4.515119] (-) TimerEvent: {}
[4.581419] (surveillance_logic) StdoutLine: {'line': b'running egg_info\n'}
[4.615270] (-) TimerEvent: {}
[4.655167] (surveillance_logic) StdoutLine: {'line': b'writing build/surveillance_logic/surveillance_logic.egg-info/PKG-INFO\n'}
[4.656368] (surveillance_logic) StdoutLine: {'line': b'writing dependency_links to build/surveillance_logic/surveillance_logic.egg-info/dependency_links.txt\n'}
[4.664143] (surveillance_logic) StdoutLine: {'line': b'writing requirements to build/surveillance_logic/surveillance_logic.egg-info/requires.txt\n'}
[4.665521] (surveillance_logic) StdoutLine: {'line': b'writing top-level names to build/surveillance_logic/surveillance_logic.egg-info/top_level.txt\n'}
[4.715424] (-) TimerEvent: {}
[4.815773] (-) TimerEvent: {}
[4.826025] (surveillance_logic) StdoutLine: {'line': b"reading manifest file 'build/surveillance_logic/surveillance_logic.egg-info/SOURCES.txt'\n"}
[4.827514] (surveillance_logic) StdoutLine: {'line': b"adding license file 'LICENSE'\n"}
[4.829999] (surveillance_logic) StdoutLine: {'line': b"writing manifest file 'build/surveillance_logic/surveillance_logic.egg-info/SOURCES.txt'\n"}
[4.830851] (surveillance_logic) StdoutLine: {'line': b'running build\n'}
[4.831284] (surveillance_logic) StdoutLine: {'line': b'running build_py\n'}
[4.832699] (surveillance_logic) StdoutLine: {'line': b'running install\n'}
[4.856267] (surveillance_logic) StdoutLine: {'line': b'running install_lib\n'}
[4.915930] (-) TimerEvent: {}
[4.938190] (surveillance_logic) StdoutLine: {'line': b'running install_data\n'}
[4.939002] (surveillance_logic) StdoutLine: {'line': b'running install_egg_info\n'}
[5.016107] (-) TimerEvent: {}
[5.022824] (surveillance_logic) StdoutLine: {'line': b"removing '/home/opencw/.openclaw/openclaw-ros/projects/05_surveillance_pro/src/surveillance_logic/install/surveillance_logic/lib/python3.12/site-packages/surveillance_logic-0.0.0-py3.12.egg-info' (and everything under it)\n"}
[5.024620] (surveillance_logic) StdoutLine: {'line': b'Copying build/surveillance_logic/surveillance_logic.egg-info to /home/opencw/.openclaw/openclaw-ros/projects/05_surveillance_pro/src/surveillance_logic/install/surveillance_logic/lib/python3.12/site-packages/surveillance_logic-0.0.0-py3.12.egg-info\n'}
[5.030026] (surveillance_logic) StdoutLine: {'line': b'running install_scripts\n'}
[5.116271] (-) TimerEvent: {}
[5.216573] (-) TimerEvent: {}
[5.316877] (-) TimerEvent: {}
[5.417177] (-) TimerEvent: {}
[5.517644] (-) TimerEvent: {}
[5.611081] (surveillance_logic) StdoutLine: {'line': b"writing list of installed files to '/home/opencw/.openclaw/openclaw-ros/projects/05_surveillance_pro/src/surveillance_logic/build/surveillance_logic/install.log'\n"}
[5.617871] (-) TimerEvent: {}
[5.718317] (-) TimerEvent: {}
[5.754641] (surveillance_logic) CommandEnded: {'returncode': 0}
[5.809251] (surveillance_logic) JobEnded: {'identifier': 'surveillance_logic', 'rc': 0}
[5.811464] (-) EventReactorShutdown: {}
