running develop
running egg_info
creating yolo_detector.egg-info
writing yolo_detector.egg-info/PKG-INFO
writing dependency_links to yolo_detector.egg-info/dependency_links.txt
writing entry points to yolo_detector.egg-info/entry_points.txt
writing requirements to yolo_detector.egg-info/requires.txt
writing top-level names to yolo_detector.egg-info/top_level.txt
writing manifest file 'yolo_detector.egg-info/SOURCES.txt'
reading manifest file 'yolo_detector.egg-info/SOURCES.txt'
writing manifest file 'yolo_detector.egg-info/SOURCES.txt'
running build_ext
Creating /home/opencw/.openclaw/openclaw-ros/projects/04_yolo_detector/src/yolo_detector/install/yolo_detector/lib/python3.12/site-packages/yolo-detector.egg-link (link to .)
Installing detector script to /home/opencw/.openclaw/openclaw-ros/projects/04_yolo_detector/src/yolo_detector/install/yolo_detector/lib/yolo_detector
Installing logger script to /home/opencw/.openclaw/openclaw-ros/projects/04_yolo_detector/src/yolo_detector/install/yolo_detector/lib/yolo_detector

Installed /home/opencw/.openclaw/openclaw-ros/projects/04_yolo_detector/src/yolo_detector/build/yolo_detector
running symlink_data
creating /home/opencw/.openclaw/openclaw-ros/projects/04_yolo_detector/src/yolo_detector/install/yolo_detector/share/ament_index
creating /home/opencw/.openclaw/openclaw-ros/projects/04_yolo_detector/src/yolo_detector/install/yolo_detector/share/ament_index/resource_index
creating /home/opencw/.openclaw/openclaw-ros/projects/04_yolo_detector/src/yolo_detector/install/yolo_detector/share/ament_index/resource_index/packages
symbolically linking /home/opencw/.openclaw/openclaw-ros/projects/04_yolo_detector/src/yolo_detector/build/yolo_detector/resource/yolo_detector -> /home/opencw/.openclaw/openclaw-ros/projects/04_yolo_detector/src/yolo_detector/install/yolo_detector/share/ament_index/resource_index/packages
symbolically linking /home/opencw/.openclaw/openclaw-ros/projects/04_yolo_detector/src/yolo_detector/build/yolo_detector/package.xml -> /home/opencw/.openclaw/openclaw-ros/projects/04_yolo_detector/src/yolo_detector/install/yolo_detector/share/yolo_detector
creating /home/opencw/.openclaw/openclaw-ros/projects/04_yolo_detector/src/yolo_detector/install/yolo_detector/share/yolo_detector/launch
symbolically linking /home/opencw/.openclaw/openclaw-ros/projects/04_yolo_detector/src/yolo_detector/build/yolo_detector/launch/simulation.launch.py -> /home/opencw/.openclaw/openclaw-ros/projects/04_yolo_detector/src/yolo_detector/install/yolo_detector/share/yolo_detector/launch
