[4.017s] Invoking command in '/home/opencw/.openclaw/openclaw-ros/projects/04_yolo_detector/src/yolo_detector/build/yolo_detector': PYTHONPATH=/home/opencw/.openclaw/openclaw-ros/projects/04_yolo_detector/src/yolo_detector/build/yolo_detector/prefix_override:/usr/lib/python3/dist-packages/colcon_core/task/python/colcon_distutils_commands:/home/opencw/.openclaw/openclaw-ros/projects/04_yolo_detector/src/yolo_detector/install/yolo_detector/lib/python3.12/site-packages:${PYTHONPATH} /usr/bin/python3 -W ignore:setup.py install is deprecated -W ignore:easy_install command is deprecated setup.py develop --editable --build-directory /home/opencw/.openclaw/openclaw-ros/projects/04_yolo_detector/src/yolo_detector/build/yolo_detector/build --no-deps symlink_data
[5.279s] running develop
[6.054s] running egg_info
[6.055s] creating yolo_detector.egg-info
[6.122s] writing yolo_detector.egg-info/PKG-INFO
[6.123s] writing dependency_links to yolo_detector.egg-info/dependency_links.txt
[6.124s] writing entry points to yolo_detector.egg-info/entry_points.txt
[6.125s] writing requirements to yolo_detector.egg-info/requires.txt
[6.125s] writing top-level names to yolo_detector.egg-info/top_level.txt
[6.126s] writing manifest file 'yolo_detector.egg-info/SOURCES.txt'
[6.267s] reading manifest file 'yolo_detector.egg-info/SOURCES.txt'
[6.269s] writing manifest file 'yolo_detector.egg-info/SOURCES.txt'
[6.343s] running build_ext
[6.344s] Creating /home/opencw/.openclaw/openclaw-ros/projects/04_yolo_detector/src/yolo_detector/install/yolo_detector/lib/python3.12/site-packages/yolo-detector.egg-link (link to .)
[6.346s] Installing detector script to /home/opencw/.openclaw/openclaw-ros/projects/04_yolo_detector/src/yolo_detector/install/yolo_detector/lib/yolo_detector
[6.347s] Installing logger script to /home/opencw/.openclaw/openclaw-ros/projects/04_yolo_detector/src/yolo_detector/install/yolo_detector/lib/yolo_detector
[6.349s] 
[6.349s] Installed /home/opencw/.openclaw/openclaw-ros/projects/04_yolo_detector/src/yolo_detector/build/yolo_detector
[6.350s] running symlink_data
[6.351s] creating /home/opencw/.openclaw/openclaw-ros/projects/04_yolo_detector/src/yolo_detector/install/yolo_detector/share/ament_index
[6.351s] creating /home/opencw/.openclaw/openclaw-ros/projects/04_yolo_detector/src/yolo_detector/install/yolo_detector/share/ament_index/resource_index
[6.352s] creating /home/opencw/.openclaw/openclaw-ros/projects/04_yolo_detector/src/yolo_detector/install/yolo_detector/share/ament_index/resource_index/packages
[6.352s] symbolically linking /home/opencw/.openclaw/openclaw-ros/projects/04_yolo_detector/src/yolo_detector/build/yolo_detector/resource/yolo_detector -> /home/opencw/.openclaw/openclaw-ros/projects/04_yolo_detector/src/yolo_detector/install/yolo_detector/share/ament_index/resource_index/packages
[6.353s] symbolically linking /home/opencw/.openclaw/openclaw-ros/projects/04_yolo_detector/src/yolo_detector/build/yolo_detector/package.xml -> /home/opencw/.openclaw/openclaw-ros/projects/04_yolo_detector/src/yolo_detector/install/yolo_detector/share/yolo_detector
[6.354s] creating /home/opencw/.openclaw/openclaw-ros/projects/04_yolo_detector/src/yolo_detector/install/yolo_detector/share/yolo_detector/launch
[6.355s] symbolically linking /home/opencw/.openclaw/openclaw-ros/projects/04_yolo_detector/src/yolo_detector/build/yolo_detector/launch/simulation.launch.py -> /home/opencw/.openclaw/openclaw-ros/projects/04_yolo_detector/src/yolo_detector/install/yolo_detector/share/yolo_detector/launch
[6.507s] Invoked command in '/home/opencw/.openclaw/openclaw-ros/projects/04_yolo_detector/src/yolo_detector/build/yolo_detector' returned '0': PYTHONPATH=/home/opencw/.openclaw/openclaw-ros/projects/04_yolo_detector/src/yolo_detector/build/yolo_detector/prefix_override:/usr/lib/python3/dist-packages/colcon_core/task/python/colcon_distutils_commands:/home/opencw/.openclaw/openclaw-ros/projects/04_yolo_detector/src/yolo_detector/install/yolo_detector/lib/python3.12/site-packages:${PYTHONPATH} /usr/bin/python3 -W ignore:setup.py install is deprecated -W ignore:easy_install command is deprecated setup.py develop --editable --build-directory /home/opencw/.openclaw/openclaw-ros/projects/04_yolo_detector/src/yolo_detector/build/yolo_detector/build --no-deps symlink_data
