[0.000000] (-) TimerEvent: {}
[0.000242] (surveillance_logic) JobQueued: {'identifier': 'surveillance_logic', 'dependencies': OrderedDict()}
[0.001381] (surveillance_logic) JobStarted: {'identifier': 'surveillance_logic'}
[0.099320] (-) TimerEvent: {}
[0.199688] (-) TimerEvent: {}
[0.300021] (-) TimerEvent: {}
[0.400385] (-) TimerEvent: {}
[0.500704] (-) TimerEvent: {}
[0.601027] (-) TimerEvent: {}
[0.701375] (-) TimerEvent: {}
[0.801678] (-) TimerEvent: {}
[0.902126] (-) TimerEvent: {}
[1.002597] (-) TimerEvent: {}
[1.103143] (-) TimerEvent: {}
[1.203574] (-) TimerEvent: {}
[1.304022] (-) TimerEvent: {}
[1.404395] (-) TimerEvent: {}
[1.504730] (-) TimerEvent: {}
[1.605049] (-) TimerEvent: {}
[1.705423] (-) TimerEvent: {}
[1.805790] (-) TimerEvent: {}
[1.906172] (-) TimerEvent: {}
[2.006512] (-) TimerEvent: {}
[2.106860] (-) TimerEvent: {}
[2.207251] (-) TimerEvent: {}
[2.307625] (-) TimerEvent: {}
[2.407973] (-) TimerEvent: {}
[2.508393] (-) TimerEvent: {}
[2.608738] (-) TimerEvent: {}
[2.709157] (-) TimerEvent: {}
[2.809498] (-) TimerEvent: {}
[2.909856] (-) TimerEvent: {}
[3.010216] (-) TimerEvent: {}
[3.110639] (-) TimerEvent: {}
[3.211055] (-) TimerEvent: {}
[3.311543] (-) TimerEvent: {}
[3.411962] (-) TimerEvent: {}
[3.512410] (-) TimerEvent: {}
[3.612964] (-) TimerEvent: {}
[3.713676] (-) TimerEvent: {}
[3.772346] (surveillance_logic) Command: {'cmd': ['/usr/bin/python3', '-W', 'ignore:setup.py install is deprecated', '-W', 'ignore:easy_install command is deprecated', 'setup.py', 'develop', '--editable', '--build-directory', '/home/opencw/.openclaw/openclaw-ros/projects/05_camera_surveillance/src/surveillance_logic/build/surveillance_logic/build', '--no-deps', 'symlink_data'], 'cwd': '/home/opencw/.openclaw/openclaw-ros/projects/05_camera_surveillance/src/surveillance_logic/build/surveillance_logic', 'env': {'USER': 'opencw', 'OPENCLAW_SYSTEMD_UNIT': 'openclaw-gateway.service', 'SHLVL': '1', 'LD_LIBRARY_PATH': '/opt/ros/kilted/lib/aarch64-linux-gnu:/opt/ros/kilted/lib', 'VIPSHOME': '/target', 'HOME': '/home/opencw', 'OPENCLAW_GATEWAY_TOKEN': '7ea1fb367e0e502879fcb10db1a1366b776651c7d921334b', 'OLDPWD': '/home/opencw/.openclaw/workspace', 'ROS_PYTHON_VERSION': '3', 'GTK_MODULES': 'gail:atk-bridge', 'NODE_NO_WARNINGS': '1', 'MANAGERPID': '1557', 'SYSTEMD_EXEC_PID': '4964', 'GSM_SKIP_SSH_AGENT_WORKAROUND': 'true', 'DBUS_SESSION_BUS_ADDRESS': 'unix:path=/run/user/1000/bus', 'OPENCLAW_SERVICE_VERSION': '2026.2.9', 'ROS_DISTRO': 'kilted', 'LOGNAME': 'opencw', 'JOURNAL_STREAM': '8:37648', '_': '/usr/bin/colcon', 'ROS_VERSION': '2', 'MEMORY_PRESSURE_WATCH': '/sys/fs/cgroup/user.slice/user-1000.slice/user@1000.service/app.slice/openclaw-gateway.service/memory.pressure', 'PATH': '/opt/ros/kilted/bin:/usr/local/bin:/usr/bin:/bin:/home/opencw/.local/bin:/home/opencw/.npm-global/bin:/home/opencw/bin:/home/opencw/.nvm/current/bin:/home/opencw/.fnm/current/bin:/home/opencw/.volta/bin:/home/opencw/.asdf/shims:/home/opencw/.local/share/pnpm:/home/opencw/.bun/bin', 'INVOCATION_ID': 'da7fd63d257d4c74acec77a4bfb7e78c', 'XDG_RUNTIME_DIR': '/run/user/1000', 'LANG': 'C.UTF-8', 'OPENCLAW_GATEWAY_PORT': '18789', 'SSH_AUTH_SOCK': '/run/user/1000/gnupg/S.gpg-agent.ssh', 'AMENT_PREFIX_PATH': '/opt/ros/kilted', 'SHELL': '/usr/bin/zsh', 'QT_ACCESSIBILITY': '1', 'OPENCLAW_SERVICE_KIND': 'gateway', 'OPENCLAW_SERVICE_MARKER': 'openclaw', 'ROS_AUTOMATIC_DISCOVERY_RANGE': 'SUBNET', 'PWD': '/home/opencw/.openclaw/openclaw-ros/projects/05_camera_surveillance/src/surveillance_logic/build/surveillance_logic', 'XDG_DATA_DIRS': '/usr/local/share/:/usr/share/:/var/lib/snapd/desktop', 'PYTHONPATH': '/home/opencw/.openclaw/openclaw-ros/projects/05_camera_surveillance/src/surveillance_logic/build/surveillance_logic/prefix_override:/usr/lib/python3/dist-packages/colcon_core/task/python/colcon_distutils_commands:/home/opencw/.openclaw/openclaw-ros/projects/05_camera_surveillance/src/surveillance_logic/install/surveillance_logic/lib/python3.12/site-packages:/opt/ros/kilted/lib/python3.12/site-packages', 'COLCON': '1', 'MEMORY_PRESSURE_WRITE': 'c29tZSAyMDAwMDAgMjAwMDAwMAA=', 'OPENCLAW_PATH_BOOTSTRAPPED': '1'}, 'shell': False}
[3.813857] (-) TimerEvent: {}
[3.914333] (-) TimerEvent: {}
[4.014763] (-) TimerEvent: {}
[4.115233] (-) TimerEvent: {}
[4.215913] (-) TimerEvent: {}
[4.316271] (-) TimerEvent: {}
[4.416597] (-) TimerEvent: {}
[4.516919] (-) TimerEvent: {}
[4.617271] (-) TimerEvent: {}
[4.717580] (-) TimerEvent: {}
[4.817881] (-) TimerEvent: {}
[4.918192] (-) TimerEvent: {}
[5.018493] (-) TimerEvent: {}
[5.118791] (-) TimerEvent: {}
[5.219130] (-) TimerEvent: {}
[5.288337] (surveillance_logic) StdoutLine: {'line': b'running develop\n'}
[5.319292] (-) TimerEvent: {}
[5.419602] (-) TimerEvent: {}
[5.519912] (-) TimerEvent: {}
[5.620210] (-) TimerEvent: {}
[5.720514] (-) TimerEvent: {}
[5.820808] (-) TimerEvent: {}
[5.921147] (-) TimerEvent: {}
[6.021462] (-) TimerEvent: {}
[6.121757] (-) TimerEvent: {}
[6.222111] (-) TimerEvent: {}
[6.236639] (surveillance_logic) StdoutLine: {'line': b'running egg_info\n'}
[6.322260] (-) TimerEvent: {}
[6.322691] (surveillance_logic) StdoutLine: {'line': b'writing surveillance_logic.egg-info/PKG-INFO\n'}
[6.323675] (surveillance_logic) StdoutLine: {'line': b'writing dependency_links to surveillance_logic.egg-info/dependency_links.txt\n'}
[6.330448] (surveillance_logic) StdoutLine: {'line': b'writing requirements to surveillance_logic.egg-info/requires.txt\n'}
[6.331215] (surveillance_logic) StdoutLine: {'line': b'writing top-level names to surveillance_logic.egg-info/top_level.txt\n'}
[6.422424] (-) TimerEvent: {}
[6.511010] (surveillance_logic) StdoutLine: {'line': b"reading manifest file 'surveillance_logic.egg-info/SOURCES.txt'\n"}
[6.514685] (surveillance_logic) StdoutLine: {'line': b"writing manifest file 'surveillance_logic.egg-info/SOURCES.txt'\n"}
[6.522561] (-) TimerEvent: {}
[6.603268] (surveillance_logic) StdoutLine: {'line': b'running build_ext\n'}
[6.604241] (surveillance_logic) StdoutLine: {'line': b'Creating /home/opencw/.openclaw/openclaw-ros/projects/05_camera_surveillance/src/surveillance_logic/install/surveillance_logic/lib/python3.12/site-packages/surveillance-logic.egg-link (link to .)\n'}
[6.607060] (surveillance_logic) StdoutLine: {'line': b'\n'}
[6.607939] (surveillance_logic) StdoutLine: {'line': b'Installed /home/opencw/.openclaw/openclaw-ros/projects/05_camera_surveillance/src/surveillance_logic/build/surveillance_logic\n'}
[6.608406] (surveillance_logic) StdoutLine: {'line': b'running symlink_data\n'}
[6.622892] (-) TimerEvent: {}
[6.723504] (-) TimerEvent: {}
[6.781124] (surveillance_logic) CommandEnded: {'returncode': 0}
[6.823635] (-) TimerEvent: {}
[6.849221] (surveillance_logic) JobEnded: {'identifier': 'surveillance_logic', 'rc': 0}
[6.851443] (-) EventReactorShutdown: {}
