[0.000000] (-) TimerEvent: {}
[0.000336] (surveillance_logic) JobQueued: {'identifier': 'surveillance_logic', 'dependencies': OrderedDict()}
[0.001371] (surveillance_logic) JobStarted: {'identifier': 'surveillance_logic'}
[0.099294] (-) TimerEvent: {}
[0.199621] (-) TimerEvent: {}
[0.299981] (-) TimerEvent: {}
[0.400321] (-) TimerEvent: {}
[0.500627] (-) TimerEvent: {}
[0.600916] (-) TimerEvent: {}
[0.701210] (-) TimerEvent: {}
[0.801497] (-) TimerEvent: {}
[0.901963] (-) TimerEvent: {}
[1.002388] (-) TimerEvent: {}
[1.102735] (-) TimerEvent: {}
[1.203120] (-) TimerEvent: {}
[1.303440] (-) TimerEvent: {}
[1.403765] (-) TimerEvent: {}
[1.504133] (-) TimerEvent: {}
[1.604452] (-) TimerEvent: {}
[1.704760] (-) TimerEvent: {}
[1.805110] (-) TimerEvent: {}
[1.905418] (-) TimerEvent: {}
[2.005732] (-) TimerEvent: {}
[2.106078] (-) TimerEvent: {}
[2.206386] (-) TimerEvent: {}
[2.306687] (-) TimerEvent: {}
[2.407031] (-) TimerEvent: {}
[2.507341] (-) TimerEvent: {}
[2.607645] (-) TimerEvent: {}
[2.708000] (-) TimerEvent: {}
[2.808315] (-) TimerEvent: {}
[2.908648] (-) TimerEvent: {}
[3.009010] (-) TimerEvent: {}
[3.109324] (-) TimerEvent: {}
[3.209626] (-) TimerEvent: {}
[3.310016] (-) TimerEvent: {}
[3.410469] (-) TimerEvent: {}
[3.428207] (surveillance_logic) Command: {'cmd': ['/usr/bin/python3', '-W', 'ignore:setup.py install is deprecated', '-W', 'ignore:easy_install command is deprecated', 'setup.py', 'develop', '--editable', '--build-directory', '/home/opencw/.openclaw/openclaw-ros/projects/05_surveillance_pro/src/surveillance_logic/build/surveillance_logic/build', '--no-deps', 'symlink_data'], 'cwd': '/home/opencw/.openclaw/openclaw-ros/projects/05_surveillance_pro/src/surveillance_logic/build/surveillance_logic', 'env': {'USER': 'opencw', 'OPENCLAW_SYSTEMD_UNIT': 'openclaw-gateway.service', 'SHLVL': '1', 'LD_LIBRARY_PATH': '/opt/ros/kilted/lib/aarch64-linux-gnu:/opt/ros/kilted/lib', 'VIPSHOME': '/target', 'HOME': '/home/opencw', 'OPENCLAW_GATEWAY_TOKEN': '7ea1fb367e0e502879fcb10db1a1366b776651c7d921334b', 'OLDPWD': '/home/opencw/.openclaw/workspace', 'ROS_PYTHON_VERSION': '3', 'GTK_MODULES': 'gail:atk-bridge', 'NODE_NO_WARNINGS': '1', 'MANAGERPID': '1557', 'SYSTEMD_EXEC_PID': '4964', 'GSM_SKIP_SSH_AGENT_WORKAROUND': 'true', 'DBUS_SESSION_BUS_ADDRESS': 'unix:path=/run/user/1000/bus', 'OPENCLAW_SERVICE_VERSION': '2026.2.9', 'ROS_DISTRO': 'kilted', 'LOGNAME': 'opencw', 'JOURNAL_STREAM': '8:37648', '_': '/usr/bin/colcon', 'ROS_VERSION': '2', 'MEMORY_PRESSURE_WATCH': '/sys/fs/cgroup/user.slice/user-1000.slice/user@1000.service/app.slice/openclaw-gateway.service/memory.pressure', 'PATH': '/opt/ros/kilted/bin:/usr/local/bin:/usr/bin:/bin:/home/opencw/.local/bin:/home/opencw/.npm-global/bin:/home/opencw/bin:/home/opencw/.nvm/current/bin:/home/opencw/.fnm/current/bin:/home/opencw/.volta/bin:/home/opencw/.asdf/shims:/home/opencw/.local/share/pnpm:/home/opencw/.bun/bin', 'INVOCATION_ID': 'da7fd63d257d4c74acec77a4bfb7e78c', 'XDG_RUNTIME_DIR': '/run/user/1000', 'LANG': 'C.UTF-8', 'OPENCLAW_GATEWAY_PORT': '18789', 'SSH_AUTH_SOCK': '/run/user/1000/gnupg/S.gpg-agent.ssh', 'AMENT_PREFIX_PATH': '/opt/ros/kilted', 'SHELL': '/usr/bin/zsh', 'QT_ACCESSIBILITY': '1', 'OPENCLAW_SERVICE_KIND': 'gateway', 'OPENCLAW_SERVICE_MARKER': 'openclaw', 'ROS_AUTOMATIC_DISCOVERY_RANGE': 'SUBNET', 'PWD': '/home/opencw/.openclaw/openclaw-ros/projects/05_surveillance_pro/src/surveillance_logic/build/surveillance_logic', 'XDG_DATA_DIRS': '/usr/local/share/:/usr/share/:/var/lib/snapd/desktop', 'PYTHONPATH': '/home/opencw/.openclaw/openclaw-ros/projects/05_surveillance_pro/src/surveillance_logic/build/surveillance_logic/prefix_override:/usr/lib/python3/dist-packages/colcon_core/task/python/colcon_distutils_commands:/home/opencw/.openclaw/openclaw-ros/projects/05_surveillance_pro/src/surveillance_logic/install/surveillance_logic/lib/python3.12/site-packages:/opt/ros/kilted/lib/python3.12/site-packages', 'COLCON': '1', 'MEMORY_PRESSURE_WRITE': 'c29tZSAyMDAwMDAgMjAwMDAwMAA=', 'OPENCLAW_PATH_BOOTSTRAPPED': '1'}, 'shell': False}
[3.510621] (-) TimerEvent: {}
[3.610934] (-) TimerEvent: {}
[3.711291] (-) TimerEvent: {}
[3.811585] (-) TimerEvent: {}
[3.911893] (-) TimerEvent: {}
[4.012191] (-) TimerEvent: {}
[4.112494] (-) TimerEvent: {}
[4.212845] (-) TimerEvent: {}
[4.313154] (-) TimerEvent: {}
[4.413462] (-) TimerEvent: {}
[4.513849] (-) TimerEvent: {}
[4.614185] (-) TimerEvent: {}
[4.714516] (-) TimerEvent: {}
[4.814888] (-) TimerEvent: {}
[4.815738] (surveillance_logic) StdoutLine: {'line': b'running develop\n'}
[4.915043] (-) TimerEvent: {}
[5.015342] (-) TimerEvent: {}
[5.115645] (-) TimerEvent: {}
[5.215997] (-) TimerEvent: {}
[5.316297] (-) TimerEvent: {}
[5.416600] (-) TimerEvent: {}
[5.516922] (-) TimerEvent: {}
[5.617239] (-) TimerEvent: {}
[5.665988] (surveillance_logic) StdoutLine: {'line': b'running egg_info\n'}
[5.717402] (-) TimerEvent: {}
[5.738631] (surveillance_logic) StdoutLine: {'line': b'writing surveillance_logic.egg-info/PKG-INFO\n'}
[5.739763] (surveillance_logic) StdoutLine: {'line': b'writing dependency_links to surveillance_logic.egg-info/dependency_links.txt\n'}
[5.749135] (surveillance_logic) StdoutLine: {'line': b'writing requirements to surveillance_logic.egg-info/requires.txt\n'}
[5.750250] (surveillance_logic) StdoutLine: {'line': b'writing top-level names to surveillance_logic.egg-info/top_level.txt\n'}
[5.817579] (-) TimerEvent: {}
[5.914145] (surveillance_logic) StdoutLine: {'line': b"reading manifest file 'surveillance_logic.egg-info/SOURCES.txt'\n"}
[5.916982] (surveillance_logic) StdoutLine: {'line': b"writing manifest file 'surveillance_logic.egg-info/SOURCES.txt'\n"}
[5.917696] (-) TimerEvent: {}
[5.999346] (surveillance_logic) StdoutLine: {'line': b'running build_ext\n'}
[6.000065] (surveillance_logic) StdoutLine: {'line': b'Creating /home/opencw/.openclaw/openclaw-ros/projects/05_surveillance_pro/src/surveillance_logic/install/surveillance_logic/lib/python3.12/site-packages/surveillance-logic.egg-link (link to .)\n'}
[6.002546] (surveillance_logic) StdoutLine: {'line': b'\n'}
[6.003287] (surveillance_logic) StdoutLine: {'line': b'Installed /home/opencw/.openclaw/openclaw-ros/projects/05_surveillance_pro/src/surveillance_logic/build/surveillance_logic\n'}
[6.003641] (surveillance_logic) StdoutLine: {'line': b'running symlink_data\n'}
[6.017971] (-) TimerEvent: {}
[6.118529] (-) TimerEvent: {}
[6.158809] (surveillance_logic) CommandEnded: {'returncode': 0}
[6.218679] (-) TimerEvent: {}
[6.229281] (surveillance_logic) JobEnded: {'identifier': 'surveillance_logic', 'rc': 0}
[6.231504] (-) EventReactorShutdown: {}
