[3.229s] Invoking command in '/home/opencw/.openclaw/openclaw-ros/projects/05_camera_surveillance/src/surveillance_logic/build/surveillance_logic': PYTHONPATH=/home/opencw/.openclaw/openclaw-ros/projects/05_camera_surveillance/src/surveillance_logic/build/surveillance_logic/prefix_override:/usr/lib/python3/dist-packages/colcon_core/task/python/colcon_distutils_commands:/home/opencw/.openclaw/openclaw-ros/projects/05_camera_surveillance/src/surveillance_logic/install/surveillance_logic/lib/python3.12/site-packages:${PYTHONPATH} /usr/bin/python3 -W ignore:setup.py install is deprecated -W ignore:easy_install command is deprecated setup.py develop --editable --build-directory /home/opencw/.openclaw/openclaw-ros/projects/05_camera_surveillance/src/surveillance_logic/build/surveillance_logic/build --no-deps symlink_data
[4.512s] running develop
[5.292s] running egg_info
[5.292s] creating surveillance_logic.egg-info
[5.361s] writing surveillance_logic.egg-info/PKG-INFO
[5.362s] writing dependency_links to surveillance_logic.egg-info/dependency_links.txt
[5.362s] writing entry points to surveillance_logic.egg-info/entry_points.txt
[5.363s] writing requirements to surveillance_logic.egg-info/requires.txt
[5.364s] writing top-level names to surveillance_logic.egg-info/top_level.txt
[5.364s] writing manifest file 'surveillance_logic.egg-info/SOURCES.txt'
[5.508s] reading manifest file 'surveillance_logic.egg-info/SOURCES.txt'
[5.510s] writing manifest file 'surveillance_logic.egg-info/SOURCES.txt'
[5.586s] running build_ext
[5.586s] Creating /home/opencw/.openclaw/openclaw-ros/projects/05_camera_surveillance/src/surveillance_logic/install/surveillance_logic/lib/python3.12/site-packages/surveillance-logic.egg-link (link to .)
[5.589s] Installing email_mocker script to /home/opencw/.openclaw/openclaw-ros/projects/05_camera_surveillance/src/surveillance_logic/install/surveillance_logic/lib/surveillance_logic
[5.590s] Installing surveillant script to /home/opencw/.openclaw/openclaw-ros/projects/05_camera_surveillance/src/surveillance_logic/install/surveillance_logic/lib/surveillance_logic
[5.591s] 
[5.591s] Installed /home/opencw/.openclaw/openclaw-ros/projects/05_camera_surveillance/src/surveillance_logic/build/surveillance_logic
[5.592s] running symlink_data
[5.592s] creating /home/opencw/.openclaw/openclaw-ros/projects/05_camera_surveillance/src/surveillance_logic/install/surveillance_logic/share/ament_index
[5.593s] creating /home/opencw/.openclaw/openclaw-ros/projects/05_camera_surveillance/src/surveillance_logic/install/surveillance_logic/share/ament_index/resource_index
[5.594s] creating /home/opencw/.openclaw/openclaw-ros/projects/05_camera_surveillance/src/surveillance_logic/install/surveillance_logic/share/ament_index/resource_index/packages
[5.594s] symbolically linking /home/opencw/.openclaw/openclaw-ros/projects/05_camera_surveillance/src/surveillance_logic/build/surveillance_logic/resource/surveillance_logic -> /home/opencw/.openclaw/openclaw-ros/projects/05_camera_surveillance/src/surveillance_logic/install/surveillance_logic/share/ament_index/resource_index/packages
[5.595s] symbolically linking /home/opencw/.openclaw/openclaw-ros/projects/05_camera_surveillance/src/surveillance_logic/build/surveillance_logic/package.xml -> /home/opencw/.openclaw/openclaw-ros/projects/05_camera_surveillance/src/surveillance_logic/install/surveillance_logic/share/surveillance_logic
[5.596s] creating /home/opencw/.openclaw/openclaw-ros/projects/05_camera_surveillance/src/surveillance_logic/install/surveillance_logic/share/surveillance_logic/launch
[5.597s] symbolically linking /home/opencw/.openclaw/openclaw-ros/projects/05_camera_surveillance/src/surveillance_logic/build/surveillance_logic/launch/simulation.launch.py -> /home/opencw/.openclaw/openclaw-ros/projects/05_camera_surveillance/src/surveillance_logic/install/surveillance_logic/share/surveillance_logic/launch
[5.597s] symbolically linking /home/opencw/.openclaw/openclaw-ros/projects/05_camera_surveillance/src/surveillance_logic/build/surveillance_logic/launch/hardware.launch.py -> /home/opencw/.openclaw/openclaw-ros/projects/05_camera_surveillance/src/surveillance_logic/install/surveillance_logic/share/surveillance_logic/launch
[5.750s] Invoked command in '/home/opencw/.openclaw/openclaw-ros/projects/05_camera_surveillance/src/surveillance_logic/build/surveillance_logic' returned '0': PYTHONPATH=/home/opencw/.openclaw/openclaw-ros/projects/05_camera_surveillance/src/surveillance_logic/build/surveillance_logic/prefix_override:/usr/lib/python3/dist-packages/colcon_core/task/python/colcon_distutils_commands:/home/opencw/.openclaw/openclaw-ros/projects/05_camera_surveillance/src/surveillance_logic/install/surveillance_logic/lib/python3.12/site-packages:${PYTHONPATH} /usr/bin/python3 -W ignore:setup.py install is deprecated -W ignore:easy_install command is deprecated setup.py develop --editable --build-directory /home/opencw/.openclaw/openclaw-ros/projects/05_camera_surveillance/src/surveillance_logic/build/surveillance_logic/build --no-deps symlink_data
