[0.000000] (-) TimerEvent: {}
[0.000613] (surveillance_logic) JobQueued: {'identifier': 'surveillance_logic', 'dependencies': OrderedDict()}
[0.001353] (surveillance_logic) JobStarted: {'identifier': 'surveillance_logic'}
[0.099298] (-) TimerEvent: {}
[0.199657] (-) TimerEvent: {}
[0.300062] (-) TimerEvent: {}
[0.400384] (-) TimerEvent: {}
[0.500698] (-) TimerEvent: {}
[0.601041] (-) TimerEvent: {}
[0.701334] (-) TimerEvent: {}
[0.801627] (-) TimerEvent: {}
[0.902043] (-) TimerEvent: {}
[1.002468] (-) TimerEvent: {}
[1.102872] (-) TimerEvent: {}
[1.203215] (-) TimerEvent: {}
[1.303538] (-) TimerEvent: {}
[1.403890] (-) TimerEvent: {}
[1.504194] (-) TimerEvent: {}
[1.604489] (-) TimerEvent: {}
[1.704825] (-) TimerEvent: {}
[1.805116] (-) TimerEvent: {}
[1.905453] (-) TimerEvent: {}
[2.005978] (-) TimerEvent: {}
[2.106360] (-) TimerEvent: {}
[2.206646] (-) TimerEvent: {}
[2.307013] (-) TimerEvent: {}
[2.407349] (-) TimerEvent: {}
[2.507662] (-) TimerEvent: {}
[2.608005] (-) TimerEvent: {}
[2.708306] (-) TimerEvent: {}
[2.808600] (-) TimerEvent: {}
[2.908886] (-) TimerEvent: {}
[3.009215] (-) TimerEvent: {}
[3.109534] (-) TimerEvent: {}
[3.209992] (-) TimerEvent: {}
[3.310493] (-) TimerEvent: {}
[3.346671] (surveillance_logic) Command: {'cmd': ['/usr/bin/python3', '-W', 'ignore:setup.py install is deprecated', '-W', 'ignore:easy_install command is deprecated', 'setup.py', 'develop', '--editable', '--build-directory', '/home/opencw/.openclaw/openclaw-ros/projects/05_surveillance_pro/src/surveillance_logic/build/surveillance_logic/build', '--no-deps', 'symlink_data'], 'cwd': '/home/opencw/.openclaw/openclaw-ros/projects/05_surveillance_pro/src/surveillance_logic/build/surveillance_logic', 'env': {'USER': 'opencw', 'OPENCLAW_SYSTEMD_UNIT': 'openclaw-gateway.service', 'SHLVL': '1', 'LD_LIBRARY_PATH': '/opt/ros/kilted/lib/aarch64-linux-gnu:/opt/ros/kilted/lib', 'VIPSHOME': '/target', 'HOME': '/home/opencw', 'OPENCLAW_GATEWAY_TOKEN': '7ea1fb367e0e502879fcb10db1a1366b776651c7d921334b', 'OLDPWD': '/home/opencw/.openclaw/workspace', 'ROS_PYTHON_VERSION': '3', 'GTK_MODULES': 'gail:atk-bridge', 'NODE_NO_WARNINGS': '1', 'MANAGERPID': '1557', 'SYSTEMD_EXEC_PID': '4964', 'GSM_SKIP_SSH_AGENT_WORKAROUND': 'true', 'DBUS_SESSION_BUS_ADDRESS': 'unix:path=/run/user/1000/bus', 'OPENCLAW_SERVICE_VERSION': '2026.2.9', 'ROS_DISTRO': 'kilted', 'LOGNAME': 'opencw', 'JOURNAL_STREAM': '8:37648', '_': '/usr/bin/colcon', 'ROS_VERSION': '2', 'MEMORY_PRESSURE_WATCH': '/sys/fs/cgroup/user.slice/user-1000.slice/user@1000.service/app.slice/openclaw-gateway.service/memory.pressure', 'PATH': '/opt/ros/kilted/bin:/usr/local/bin:/usr/bin:/bin:/home/opencw/.local/bin:/home/opencw/.npm-global/bin:/home/opencw/bin:/home/opencw/.nvm/current/bin:/home/opencw/.fnm/current/bin:/home/opencw/.volta/bin:/home/opencw/.asdf/shims:/home/opencw/.local/share/pnpm:/home/opencw/.bun/bin', 'INVOCATION_ID': 'da7fd63d257d4c74acec77a4bfb7e78c', 'XDG_RUNTIME_DIR': '/run/user/1000', 'LANG': 'C.UTF-8', 'OPENCLAW_GATEWAY_PORT': '18789', 'SSH_AUTH_SOCK': '/run/user/1000/gnupg/S.gpg-agent.ssh', 'AMENT_PREFIX_PATH': '/opt/ros/kilted', 'SHELL': '/usr/bin/zsh', 'QT_ACCESSIBILITY': '1', 'OPENCLAW_SERVICE_KIND': 'gateway', 'OPENCLAW_SERVICE_MARKER': 'openclaw', 'ROS_AUTOMATIC_DISCOVERY_RANGE': 'SUBNET', 'PWD': '/home/opencw/.openclaw/openclaw-ros/projects/05_surveillance_pro/src/surveillance_logic/build/surveillance_logic', 'XDG_DATA_DIRS': '/usr/local/share/:/usr/share/:/var/lib/snapd/desktop', 'PYTHONPATH': '/home/opencw/.openclaw/openclaw-ros/projects/05_surveillance_pro/src/surveillance_logic/build/surveillance_logic/prefix_override:/usr/lib/python3/dist-packages/colcon_core/task/python/colcon_distutils_commands:/home/opencw/.openclaw/openclaw-ros/projects/05_surveillance_pro/src/surveillance_logic/install/surveillance_logic/lib/python3.12/site-packages:/opt/ros/kilted/lib/python3.12/site-packages', 'COLCON': '1', 'MEMORY_PRESSURE_WRITE': 'c29tZSAyMDAwMDAgMjAwMDAwMAA=', 'OPENCLAW_PATH_BOOTSTRAPPED': '1'}, 'shell': False}
[3.410664] (-) TimerEvent: {}
[3.511047] (-) TimerEvent: {}
[3.611395] (-) TimerEvent: {}
[3.711767] (-) TimerEvent: {}
[3.812103] (-) TimerEvent: {}
[3.912405] (-) TimerEvent: {}
[4.012702] (-) TimerEvent: {}
[4.113058] (-) TimerEvent: {}
[4.213358] (-) TimerEvent: {}
[4.313653] (-) TimerEvent: {}
[4.413979] (-) TimerEvent: {}
[4.514275] (-) TimerEvent: {}
[4.614576] (-) TimerEvent: {}
[4.676022] (surveillance_logic) StdoutLine: {'line': b'running develop\n'}
[4.714752] (-) TimerEvent: {}
[4.815078] (-) TimerEvent: {}
[4.915385] (-) TimerEvent: {}
[5.015692] (-) TimerEvent: {}
[5.116029] (-) TimerEvent: {}
[5.216335] (-) TimerEvent: {}
[5.316620] (-) TimerEvent: {}
[5.416915] (-) TimerEvent: {}
[5.491442] (surveillance_logic) StdoutLine: {'line': b'running egg_info\n'}
[5.517052] (-) TimerEvent: {}
[5.561255] (surveillance_logic) StdoutLine: {'line': b'writing surveillance_logic.egg-info/PKG-INFO\n'}
[5.562759] (surveillance_logic) StdoutLine: {'line': b'writing dependency_links to surveillance_logic.egg-info/dependency_links.txt\n'}
[5.569431] (surveillance_logic) StdoutLine: {'line': b'writing requirements to surveillance_logic.egg-info/requires.txt\n'}
[5.570278] (surveillance_logic) StdoutLine: {'line': b'writing top-level names to surveillance_logic.egg-info/top_level.txt\n'}
[5.617200] (-) TimerEvent: {}
[5.717481] (-) TimerEvent: {}
[5.719017] (surveillance_logic) StdoutLine: {'line': b"reading manifest file 'surveillance_logic.egg-info/SOURCES.txt'\n"}
[5.721894] (surveillance_logic) StdoutLine: {'line': b"writing manifest file 'surveillance_logic.egg-info/SOURCES.txt'\n"}
[5.799832] (surveillance_logic) StdoutLine: {'line': b'running build_ext\n'}
[5.800552] (surveillance_logic) StdoutLine: {'line': b'Creating /home/opencw/.openclaw/openclaw-ros/projects/05_surveillance_pro/src/surveillance_logic/install/surveillance_logic/lib/python3.12/site-packages/surveillance-logic.egg-link (link to .)\n'}
[5.803084] (surveillance_logic) StdoutLine: {'line': b'\n'}
[5.803824] (surveillance_logic) StdoutLine: {'line': b'Installed /home/opencw/.openclaw/openclaw-ros/projects/05_surveillance_pro/src/surveillance_logic/build/surveillance_logic\n'}
[5.804230] (surveillance_logic) StdoutLine: {'line': b'running symlink_data\n'}
[5.817763] (-) TimerEvent: {}
[5.918329] (-) TimerEvent: {}
[5.961169] (surveillance_logic) CommandEnded: {'returncode': 0}
[6.018513] (-) TimerEvent: {}
[6.028754] (surveillance_logic) JobEnded: {'identifier': 'surveillance_logic', 'rc': 0}
[6.030927] (-) EventReactorShutdown: {}
