[0.000000] (-) TimerEvent: {}
[0.000334] (surveillance_logic) JobQueued: {'identifier': 'surveillance_logic', 'dependencies': OrderedDict()}
[0.001786] (surveillance_logic) JobStarted: {'identifier': 'surveillance_logic'}
[0.099267] (-) TimerEvent: {}
[0.199596] (-) TimerEvent: {}
[0.299929] (-) TimerEvent: {}
[0.400240] (-) TimerEvent: {}
[0.500543] (-) TimerEvent: {}
[0.600843] (-) TimerEvent: {}
[0.701145] (-) TimerEvent: {}
[0.801497] (-) TimerEvent: {}
[0.901885] (-) TimerEvent: {}
[1.002343] (-) TimerEvent: {}
[1.102749] (-) TimerEvent: {}
[1.203060] (-) TimerEvent: {}
[1.303400] (-) TimerEvent: {}
[1.403765] (-) TimerEvent: {}
[1.504057] (-) TimerEvent: {}
[1.604343] (-) TimerEvent: {}
[1.704702] (-) TimerEvent: {}
[1.804995] (-) TimerEvent: {}
[1.905286] (-) TimerEvent: {}
[2.005649] (-) TimerEvent: {}
[2.105957] (-) TimerEvent: {}
[2.206244] (-) TimerEvent: {}
[2.306532] (-) TimerEvent: {}
[2.406857] (-) TimerEvent: {}
[2.507167] (-) TimerEvent: {}
[2.607492] (-) TimerEvent: {}
[2.707788] (-) TimerEvent: {}
[2.808078] (-) TimerEvent: {}
[2.908372] (-) TimerEvent: {}
[3.008713] (-) TimerEvent: {}
[3.109013] (-) TimerEvent: {}
[3.209315] (-) TimerEvent: {}
[3.309748] (-) TimerEvent: {}
[3.410228] (-) TimerEvent: {}
[3.471514] (surveillance_logic) Command: {'cmd': ['/usr/bin/python3', '-W', 'ignore:setup.py install is deprecated', '-W', 'ignore:easy_install command is deprecated', 'setup.py', 'egg_info', '--egg-base', 'build/surveillance_logic', 'build', '--build-base', '/home/opencw/.openclaw/openclaw-ros/projects/05_surveillance_pro/src/surveillance_logic/build/surveillance_logic/build', 'install', '--record', '/home/opencw/.openclaw/openclaw-ros/projects/05_surveillance_pro/src/surveillance_logic/build/surveillance_logic/install.log', '--single-version-externally-managed', 'install_data'], 'cwd': '/home/opencw/.openclaw/openclaw-ros/projects/05_surveillance_pro/src/surveillance_logic', 'env': {'USER': 'opencw', 'OPENCLAW_SYSTEMD_UNIT': 'openclaw-gateway.service', 'SHLVL': '1', 'LD_LIBRARY_PATH': '/opt/ros/kilted/lib/aarch64-linux-gnu:/opt/ros/kilted/lib', 'VIPSHOME': '/target', 'HOME': '/home/opencw', 'OPENCLAW_GATEWAY_TOKEN': '7ea1fb367e0e502879fcb10db1a1366b776651c7d921334b', 'OLDPWD': '/home/opencw/.openclaw/workspace', 'ROS_PYTHON_VERSION': '3', 'GTK_MODULES': 'gail:atk-bridge', 'NODE_NO_WARNINGS': '1', 'MANAGERPID': '1557', 'SYSTEMD_EXEC_PID': '4964', 'GSM_SKIP_SSH_AGENT_WORKAROUND': 'true', 'DBUS_SESSION_BUS_ADDRESS': 'unix:path=/run/user/1000/bus', 'OPENCLAW_SERVICE_VERSION': '2026.2.9', 'ROS_DISTRO': 'kilted', 'LOGNAME': 'opencw', 'JOURNAL_STREAM': '8:37648', '_': '/usr/bin/colcon', 'ROS_VERSION': '2', 'MEMORY_PRESSURE_WATCH': '/sys/fs/cgroup/user.slice/user-1000.slice/user@1000.service/app.slice/openclaw-gateway.service/memory.pressure', 'PATH': '/opt/ros/kilted/bin:/usr/local/bin:/usr/bin:/bin:/home/opencw/.local/bin:/home/opencw/.npm-global/bin:/home/opencw/bin:/home/opencw/.nvm/current/bin:/home/opencw/.fnm/current/bin:/home/opencw/.volta/bin:/home/opencw/.asdf/shims:/home/opencw/.local/share/pnpm:/home/opencw/.bun/bin', 'INVOCATION_ID': 'da7fd63d257d4c74acec77a4bfb7e78c', 'XDG_RUNTIME_DIR': '/run/user/1000', 'LANG': 'C.UTF-8', 'OPENCLAW_GATEWAY_PORT': '18789', 'SSH_AUTH_SOCK': '/run/user/1000/gnupg/S.gpg-agent.ssh', 'AMENT_PREFIX_PATH': '/opt/ros/kilted', 'SHELL': '/usr/bin/zsh', 'QT_ACCESSIBILITY': '1', 'OPENCLAW_SERVICE_KIND': 'gateway', 'OPENCLAW_SERVICE_MARKER': 'openclaw', 'ROS_AUTOMATIC_DISCOVERY_RANGE': 'SUBNET', 'PWD': '/home/opencw/.openclaw/openclaw-ros/projects/05_surveillance_pro/src/surveillance_logic/build/surveillance_logic', 'XDG_DATA_DIRS': '/usr/local/share/:/usr/share/:/var/lib/snapd/desktop', 'PYTHONPATH': '/home/opencw/.openclaw/openclaw-ros/projects/05_surveillance_pro/src/surveillance_logic/build/surveillance_logic/prefix_override:/usr/lib/python3/dist-packages/colcon_core/task/python/colcon_distutils_commands:/home/opencw/.openclaw/openclaw-ros/projects/05_surveillance_pro/src/surveillance_logic/install/surveillance_logic/lib/python3.12/site-packages:/opt/ros/kilted/lib/python3.12/site-packages', 'COLCON': '1', 'MEMORY_PRESSURE_WRITE': 'c29tZSAyMDAwMDAgMjAwMDAwMAA=', 'OPENCLAW_PATH_BOOTSTRAPPED': '1'}, 'shell': False}
[3.510373] (-) TimerEvent: {}
[3.610747] (-) TimerEvent: {}
[3.711104] (-) TimerEvent: {}
[3.811426] (-) TimerEvent: {}
[3.911794] (-) TimerEvent: {}
[4.012128] (-) TimerEvent: {}
[4.112485] (-) TimerEvent: {}
[4.212788] (-) TimerEvent: {}
[4.313078] (-) TimerEvent: {}
[4.413353] (-) TimerEvent: {}
[4.513696] (-) TimerEvent: {}
[4.591761] (surveillance_logic) StdoutLine: {'line': b'running egg_info\n'}
[4.613830] (-) TimerEvent: {}
[4.666207] (surveillance_logic) StdoutLine: {'line': b'writing build/surveillance_logic/surveillance_logic.egg-info/PKG-INFO\n'}
[4.667742] (surveillance_logic) StdoutLine: {'line': b'writing dependency_links to build/surveillance_logic/surveillance_logic.egg-info/dependency_links.txt\n'}
[4.674355] (surveillance_logic) StdoutLine: {'line': b'writing requirements to build/surveillance_logic/surveillance_logic.egg-info/requires.txt\n'}
[4.675176] (surveillance_logic) StdoutLine: {'line': b'writing top-level names to build/surveillance_logic/surveillance_logic.egg-info/top_level.txt\n'}
[4.714009] (-) TimerEvent: {}
[4.814309] (-) TimerEvent: {}
[4.865576] (surveillance_logic) StdoutLine: {'line': b"reading manifest file 'build/surveillance_logic/surveillance_logic.egg-info/SOURCES.txt'\n"}
[4.866513] (surveillance_logic) StdoutLine: {'line': b"adding license file 'LICENSE'\n"}
[4.869097] (surveillance_logic) StdoutLine: {'line': b"writing manifest file 'build/surveillance_logic/surveillance_logic.egg-info/SOURCES.txt'\n"}
[4.872824] (surveillance_logic) StdoutLine: {'line': b'running build\n'}
[4.873725] (surveillance_logic) StdoutLine: {'line': b'running build_py\n'}
[4.874179] (surveillance_logic) StdoutLine: {'line': b'running install\n'}
[4.897126] (surveillance_logic) StdoutLine: {'line': b'running install_lib\n'}
[4.914491] (-) TimerEvent: {}
[4.984366] (surveillance_logic) StdoutLine: {'line': b'running install_data\n'}
[4.985133] (surveillance_logic) StdoutLine: {'line': b'running install_egg_info\n'}
[5.014639] (-) TimerEvent: {}
[5.068225] (surveillance_logic) StdoutLine: {'line': b"removing '/home/opencw/.openclaw/openclaw-ros/projects/05_surveillance_pro/src/surveillance_logic/install/surveillance_logic/lib/python3.12/site-packages/surveillance_logic-0.0.0-py3.12.egg-info' (and everything under it)\n"}
[5.071054] (surveillance_logic) StdoutLine: {'line': b'Copying build/surveillance_logic/surveillance_logic.egg-info to /home/opencw/.openclaw/openclaw-ros/projects/05_surveillance_pro/src/surveillance_logic/install/surveillance_logic/lib/python3.12/site-packages/surveillance_logic-0.0.0-py3.12.egg-info\n'}
[5.076785] (surveillance_logic) StdoutLine: {'line': b'running install_scripts\n'}
[5.114785] (-) TimerEvent: {}
[5.215095] (-) TimerEvent: {}
[5.315388] (-) TimerEvent: {}
[5.415729] (-) TimerEvent: {}
[5.516049] (-) TimerEvent: {}
[5.616360] (-) TimerEvent: {}
[5.651463] (surveillance_logic) StdoutLine: {'line': b"writing list of installed files to '/home/opencw/.openclaw/openclaw-ros/projects/05_surveillance_pro/src/surveillance_logic/build/surveillance_logic/install.log'\n"}
[5.716638] (-) TimerEvent: {}
[5.800189] (surveillance_logic) CommandEnded: {'returncode': 0}
[5.816847] (-) TimerEvent: {}
[5.853005] (surveillance_logic) JobEnded: {'identifier': 'surveillance_logic', 'rc': 0}
[5.855576] (-) EventReactorShutdown: {}
