[0.746s] DEBUG:colcon:Command line arguments: ['/usr/bin/colcon', 'build', '--symlink-install', '--packages-select', 'surveillance_logic']
[0.747s] DEBUG:colcon:Parsed command line arguments: Namespace(log_base=None, log_level=None, verb_name='build', build_base='build', install_base='install', merge_install=False, symlink_install=True, test_result_base=None, continue_on_error=False, executor='parallel', parallel_workers=4, event_handlers=None, ignore_user_meta=False, metas=['./colcon.meta'], base_paths=['.'], packages_ignore=None, packages_ignore_regex=None, paths=None, packages_up_to=None, packages_up_to_regex=None, packages_above=None, packages_above_and_dependencies=None, packages_above_depth=None, packages_select_by_dep=None, packages_skip_by_dep=None, packages_skip_up_to=None, packages_select_build_failed=False, packages_skip_build_finished=False, packages_select_test_failures=False, packages_skip_test_passed=False, packages_select=['surveillance_logic'], packages_skip=None, packages_select_regex=None, packages_skip_regex=None, packages_start=None, packages_end=None, allow_overriding=[], cmake_args=None, cmake_target=None, cmake_target_skip_unavailable=False, cmake_clean_cache=False, cmake_clean_first=False, cmake_force_configure=False, ament_cmake_args=None, catkin_cmake_args=None, catkin_skip_building_tests=False, verb_parser=<colcon_defaults.argument_parser.defaults.DefaultArgumentsDecorator object at 0xffff87d4bef0>, verb_extension=<colcon_core.verb.build.BuildVerb object at 0xffff87f20c80>, main=<bound method BuildVerb.main of <colcon_core.verb.build.BuildVerb object at 0xffff87f20c80>>)
[1.069s] Level 1:colcon.colcon_core.package_discovery:discover_packages(colcon_meta) check parameters
[1.070s] Level 1:colcon.colcon_core.package_discovery:discover_packages(recursive) check parameters
[1.070s] Level 1:colcon.colcon_core.package_discovery:discover_packages(ignore) check parameters
[1.070s] Level 1:colcon.colcon_core.package_discovery:discover_packages(path) check parameters
[1.070s] Level 1:colcon.colcon_core.package_discovery:discover_packages(colcon_meta) discover
[1.071s] Level 1:colcon.colcon_core.package_discovery:discover_packages(recursive) discover
[1.071s] INFO:colcon.colcon_core.package_discovery:Crawling recursively for packages in '/home/opencw/.openclaw/openclaw-ros/projects/05_camera_surveillance/src/surveillance_logic'
[1.071s] Level 1:colcon.colcon_core.package_identification:_identify(.) by extensions ['ignore', 'ignore_ament_install']
[1.072s] Level 1:colcon.colcon_core.package_identification:_identify(.) by extension 'ignore'
[1.072s] Level 1:colcon.colcon_core.package_identification:_identify(.) by extension 'ignore_ament_install'
[1.072s] Level 1:colcon.colcon_core.package_identification:_identify(.) by extensions ['colcon_pkg']
[1.072s] Level 1:colcon.colcon_core.package_identification:_identify(.) by extension 'colcon_pkg'
[1.073s] Level 1:colcon.colcon_core.package_identification:_identify(.) by extensions ['colcon_meta']
[1.073s] Level 1:colcon.colcon_core.package_identification:_identify(.) by extension 'colcon_meta'
[1.073s] Level 1:colcon.colcon_core.package_identification:_identify(.) by extensions ['ros']
[1.073s] Level 1:colcon.colcon_core.package_identification:_identify(.) by extension 'ros'
[1.202s] DEBUG:colcon.colcon_core.package_identification:Package '.' with type 'ros.ament_python' and name 'surveillance_logic'
[1.203s] Level 1:colcon.colcon_core.package_discovery:discover_packages(recursive) using defaults
[1.203s] Level 1:colcon.colcon_core.package_discovery:discover_packages(ignore) discover
[1.203s] Level 1:colcon.colcon_core.package_discovery:discover_packages(ignore) using defaults
[1.203s] Level 1:colcon.colcon_core.package_discovery:discover_packages(path) discover
[1.203s] Level 1:colcon.colcon_core.package_discovery:discover_packages(path) using defaults
[1.339s] Level 1:colcon.colcon_core.package_discovery:discover_packages(prefix_path) check parameters
[1.339s] Level 1:colcon.colcon_core.package_discovery:discover_packages(prefix_path) discover
[1.360s] DEBUG:colcon.colcon_installed_package_information.package_discovery:Found 212 installed packages in /opt/ros/kilted
[1.364s] Level 1:colcon.colcon_core.package_discovery:discover_packages(prefix_path) using defaults
[1.524s] Level 5:colcon.colcon_core.verb:set package 'surveillance_logic' build argument 'cmake_args' from command line to 'None'
[1.524s] Level 5:colcon.colcon_core.verb:set package 'surveillance_logic' build argument 'cmake_target' from command line to 'None'
[1.524s] Level 5:colcon.colcon_core.verb:set package 'surveillance_logic' build argument 'cmake_target_skip_unavailable' from command line to 'False'
[1.525s] Level 5:colcon.colcon_core.verb:set package 'surveillance_logic' build argument 'cmake_clean_cache' from command line to 'False'
[1.525s] Level 5:colcon.colcon_core.verb:set package 'surveillance_logic' build argument 'cmake_clean_first' from command line to 'False'
[1.525s] Level 5:colcon.colcon_core.verb:set package 'surveillance_logic' build argument 'cmake_force_configure' from command line to 'False'
[1.525s] Level 5:colcon.colcon_core.verb:set package 'surveillance_logic' build argument 'ament_cmake_args' from command line to 'None'
[1.525s] Level 5:colcon.colcon_core.verb:set package 'surveillance_logic' build argument 'catkin_cmake_args' from command line to 'None'
[1.525s] Level 5:colcon.colcon_core.verb:set package 'surveillance_logic' build argument 'catkin_skip_building_tests' from command line to 'False'
[1.525s] DEBUG:colcon.colcon_core.verb:Building package 'surveillance_logic' with the following arguments: {'ament_cmake_args': None, 'build_base': '/home/opencw/.openclaw/openclaw-ros/projects/05_camera_surveillance/src/surveillance_logic/build/surveillance_logic', 'catkin_cmake_args': None, 'catkin_skip_building_tests': False, 'cmake_args': None, 'cmake_clean_cache': False, 'cmake_clean_first': False, 'cmake_force_configure': False, 'cmake_target': None, 'cmake_target_skip_unavailable': False, 'install_base': '/home/opencw/.openclaw/openclaw-ros/projects/05_camera_surveillance/src/surveillance_logic/install/surveillance_logic', 'merge_install': False, 'path': '/home/opencw/.openclaw/openclaw-ros/projects/05_camera_surveillance/src/surveillance_logic', 'symlink_install': True, 'test_result_base': None}
[1.526s] INFO:colcon.colcon_core.executor:Executing jobs using 'parallel' executor
[1.529s] DEBUG:colcon.colcon_parallel_executor.executor.parallel:run_until_complete
[1.529s] INFO:colcon.colcon_ros.task.ament_python.build:Building ROS package in '/home/opencw/.openclaw/openclaw-ros/projects/05_camera_surveillance/src/surveillance_logic' with build type 'ament_python'
[1.530s] Level 1:colcon.colcon_core.shell:create_environment_hook('surveillance_logic', 'ament_prefix_path')
[1.558s] INFO:colcon.colcon_core.plugin_system:Skipping extension 'colcon_core.shell.bat': Not used on non-Windows systems
[1.559s] INFO:colcon.colcon_core.shell:Creating environment hook '/home/opencw/.openclaw/openclaw-ros/projects/05_camera_surveillance/src/surveillance_logic/install/surveillance_logic/share/surveillance_logic/hook/ament_prefix_path.ps1'
[1.564s] INFO:colcon.colcon_core.shell:Creating environment descriptor '/home/opencw/.openclaw/openclaw-ros/projects/05_camera_surveillance/src/surveillance_logic/install/surveillance_logic/share/surveillance_logic/hook/ament_prefix_path.dsv'
[1.567s] INFO:colcon.colcon_core.shell:Creating environment hook '/home/opencw/.openclaw/openclaw-ros/projects/05_camera_surveillance/src/surveillance_logic/install/surveillance_logic/share/surveillance_logic/hook/ament_prefix_path.sh'
[1.570s] INFO:colcon.colcon_core.shell:Skip shell extension 'powershell' for command environment: Not usable outside of PowerShell
[1.571s] DEBUG:colcon.colcon_core.shell:Skip shell extension 'dsv' for command environment
[2.457s] INFO:colcon.colcon_core.task.python.build:Building Python package in '/home/opencw/.openclaw/openclaw-ros/projects/05_camera_surveillance/src/surveillance_logic'
[2.458s] INFO:colcon.colcon_core.shell:Skip shell extension 'powershell' for command environment: Not usable outside of PowerShell
[2.458s] DEBUG:colcon.colcon_core.shell:Skip shell extension 'dsv' for command environment
[5.596s] DEBUG:colcon.colcon_core.event_handler.log_command:Invoking command in '/home/opencw/.openclaw/openclaw-ros/projects/05_camera_surveillance/src/surveillance_logic/build/surveillance_logic': PYTHONPATH=/home/opencw/.openclaw/openclaw-ros/projects/05_camera_surveillance/src/surveillance_logic/build/surveillance_logic/prefix_override:/usr/lib/python3/dist-packages/colcon_core/task/python/colcon_distutils_commands:/home/opencw/.openclaw/openclaw-ros/projects/05_camera_surveillance/src/surveillance_logic/install/surveillance_logic/lib/python3.12/site-packages:${PYTHONPATH} /usr/bin/python3 -W ignore:setup.py install is deprecated -W ignore:easy_install command is deprecated setup.py develop --editable --build-directory /home/opencw/.openclaw/openclaw-ros/projects/05_camera_surveillance/src/surveillance_logic/build/surveillance_logic/build --no-deps symlink_data
[8.128s] Level 1:colcon.colcon_core.shell:create_environment_hook('surveillance_logic', 'pythonpath_develop')
[8.129s] INFO:colcon.colcon_core.shell:Creating environment hook '/home/opencw/.openclaw/openclaw-ros/projects/05_camera_surveillance/src/surveillance_logic/build/surveillance_logic/share/surveillance_logic/hook/pythonpath_develop.ps1'
[8.129s] DEBUG:colcon.colcon_core.event_handler.log_command:Invoked command in '/home/opencw/.openclaw/openclaw-ros/projects/05_camera_surveillance/src/surveillance_logic/build/surveillance_logic' returned '0': PYTHONPATH=/home/opencw/.openclaw/openclaw-ros/projects/05_camera_surveillance/src/surveillance_logic/build/surveillance_logic/prefix_override:/usr/lib/python3/dist-packages/colcon_core/task/python/colcon_distutils_commands:/home/opencw/.openclaw/openclaw-ros/projects/05_camera_surveillance/src/surveillance_logic/install/surveillance_logic/lib/python3.12/site-packages:${PYTHONPATH} /usr/bin/python3 -W ignore:setup.py install is deprecated -W ignore:easy_install command is deprecated setup.py develop --editable --build-directory /home/opencw/.openclaw/openclaw-ros/projects/05_camera_surveillance/src/surveillance_logic/build/surveillance_logic/build --no-deps symlink_data
[8.131s] INFO:colcon.colcon_core.shell:Creating environment descriptor '/home/opencw/.openclaw/openclaw-ros/projects/05_camera_surveillance/src/surveillance_logic/build/surveillance_logic/share/surveillance_logic/hook/pythonpath_develop.dsv'
[8.133s] INFO:colcon.colcon_core.shell:Creating environment hook '/home/opencw/.openclaw/openclaw-ros/projects/05_camera_surveillance/src/surveillance_logic/build/surveillance_logic/share/surveillance_logic/hook/pythonpath_develop.sh'
[8.165s] Level 1:colcon.colcon_core.environment:checking '/home/opencw/.openclaw/openclaw-ros/projects/05_camera_surveillance/src/surveillance_logic/install/surveillance_logic' for CMake module files
[8.168s] Level 1:colcon.colcon_core.environment:checking '/home/opencw/.openclaw/openclaw-ros/projects/05_camera_surveillance/src/surveillance_logic/install/surveillance_logic' for CMake config files
[8.172s] Level 1:colcon.colcon_core.environment:checking '/home/opencw/.openclaw/openclaw-ros/projects/05_camera_surveillance/src/surveillance_logic/install/surveillance_logic/lib'
[8.173s] Level 1:colcon.colcon_core.environment:checking '/home/opencw/.openclaw/openclaw-ros/projects/05_camera_surveillance/src/surveillance_logic/install/surveillance_logic/bin'
[8.173s] Level 1:colcon.colcon_core.environment:checking '/home/opencw/.openclaw/openclaw-ros/projects/05_camera_surveillance/src/surveillance_logic/install/surveillance_logic/lib/pkgconfig/surveillance_logic.pc'
[8.174s] Level 1:colcon.colcon_core.environment:checking '/home/opencw/.openclaw/openclaw-ros/projects/05_camera_surveillance/src/surveillance_logic/install/surveillance_logic/lib/python3.12/site-packages'
[8.174s] Level 1:colcon.colcon_core.shell:create_environment_hook('surveillance_logic', 'pythonpath')
[8.175s] INFO:colcon.colcon_core.shell:Creating environment hook '/home/opencw/.openclaw/openclaw-ros/projects/05_camera_surveillance/src/surveillance_logic/install/surveillance_logic/share/surveillance_logic/hook/pythonpath.ps1'
[8.177s] INFO:colcon.colcon_core.shell:Creating environment descriptor '/home/opencw/.openclaw/openclaw-ros/projects/05_camera_surveillance/src/surveillance_logic/install/surveillance_logic/share/surveillance_logic/hook/pythonpath.dsv'
[8.179s] INFO:colcon.colcon_core.shell:Creating environment hook '/home/opencw/.openclaw/openclaw-ros/projects/05_camera_surveillance/src/surveillance_logic/install/surveillance_logic/share/surveillance_logic/hook/pythonpath.sh'
[8.182s] Level 1:colcon.colcon_core.environment:checking '/home/opencw/.openclaw/openclaw-ros/projects/05_camera_surveillance/src/surveillance_logic/install/surveillance_logic/bin'
[8.182s] Level 1:colcon.colcon_core.environment:create_environment_scripts_only(surveillance_logic)
[8.183s] INFO:colcon.colcon_core.shell:Creating package script '/home/opencw/.openclaw/openclaw-ros/projects/05_camera_surveillance/src/surveillance_logic/install/surveillance_logic/share/surveillance_logic/package.ps1'
[8.193s] INFO:colcon.colcon_core.shell:Creating package descriptor '/home/opencw/.openclaw/openclaw-ros/projects/05_camera_surveillance/src/surveillance_logic/install/surveillance_logic/share/surveillance_logic/package.dsv'
[8.196s] INFO:colcon.colcon_core.shell:Creating package script '/home/opencw/.openclaw/openclaw-ros/projects/05_camera_surveillance/src/surveillance_logic/install/surveillance_logic/share/surveillance_logic/package.sh'
[8.201s] INFO:colcon.colcon_core.shell:Creating package script '/home/opencw/.openclaw/openclaw-ros/projects/05_camera_surveillance/src/surveillance_logic/install/surveillance_logic/share/surveillance_logic/package.bash'
[8.205s] INFO:colcon.colcon_core.shell:Creating package script '/home/opencw/.openclaw/openclaw-ros/projects/05_camera_surveillance/src/surveillance_logic/install/surveillance_logic/share/surveillance_logic/package.zsh'
[8.208s] Level 1:colcon.colcon_core.environment:create_file_with_runtime_dependencies(/home/opencw/.openclaw/openclaw-ros/projects/05_camera_surveillance/src/surveillance_logic/install/surveillance_logic/share/colcon-core/packages/surveillance_logic)
[8.210s] DEBUG:colcon.colcon_parallel_executor.executor.parallel:closing loop
[8.211s] DEBUG:colcon.colcon_parallel_executor.executor.parallel:loop closed
[8.211s] DEBUG:colcon.colcon_parallel_executor.executor.parallel:run_until_complete finished with '0'
[8.212s] DEBUG:colcon.colcon_core.event_reactor:joining thread
[8.238s] INFO:colcon.colcon_core.plugin_system:Skipping extension 'colcon_notification.desktop_notification.terminal_notifier': Not used on non-Darwin systems
[8.238s] INFO:colcon.colcon_core.plugin_system:Skipping extension 'colcon_notification.desktop_notification.win32': Not used on non-Windows systems
[8.239s] INFO:colcon.colcon_notification.desktop_notification:Sending desktop notification using 'notify2'
[8.244s] DEBUG:colcon.colcon_notification.desktop_notification.notify2:Failed to initialize notify2: org.freedesktop.DBus.Error.ServiceUnknown: The name org.freedesktop.Notifications was not provided by any .service files
[8.244s] DEBUG:colcon.colcon_core.event_reactor:joined thread
[8.245s] INFO:colcon.colcon_core.shell:Creating prefix script '/home/opencw/.openclaw/openclaw-ros/projects/05_camera_surveillance/src/surveillance_logic/install/local_setup.ps1'
[8.254s] INFO:colcon.colcon_core.shell:Creating prefix util module '/home/opencw/.openclaw/openclaw-ros/projects/05_camera_surveillance/src/surveillance_logic/install/_local_setup_util_ps1.py'
[8.262s] INFO:colcon.colcon_core.shell:Creating prefix chain script '/home/opencw/.openclaw/openclaw-ros/projects/05_camera_surveillance/src/surveillance_logic/install/setup.ps1'
[8.268s] INFO:colcon.colcon_core.shell:Creating prefix script '/home/opencw/.openclaw/openclaw-ros/projects/05_camera_surveillance/src/surveillance_logic/install/local_setup.sh'
[8.270s] INFO:colcon.colcon_core.shell:Creating prefix util module '/home/opencw/.openclaw/openclaw-ros/projects/05_camera_surveillance/src/surveillance_logic/install/_local_setup_util_sh.py'
[8.273s] INFO:colcon.colcon_core.shell:Creating prefix chain script '/home/opencw/.openclaw/openclaw-ros/projects/05_camera_surveillance/src/surveillance_logic/install/setup.sh'
[8.277s] INFO:colcon.colcon_core.shell:Creating prefix script '/home/opencw/.openclaw/openclaw-ros/projects/05_camera_surveillance/src/surveillance_logic/install/local_setup.bash'
[8.279s] INFO:colcon.colcon_core.shell:Creating prefix chain script '/home/opencw/.openclaw/openclaw-ros/projects/05_camera_surveillance/src/surveillance_logic/install/setup.bash'
[8.283s] INFO:colcon.colcon_core.shell:Creating prefix script '/home/opencw/.openclaw/openclaw-ros/projects/05_camera_surveillance/src/surveillance_logic/install/local_setup.zsh'
[8.286s] INFO:colcon.colcon_core.shell:Creating prefix chain script '/home/opencw/.openclaw/openclaw-ros/projects/05_camera_surveillance/src/surveillance_logic/install/setup.zsh'
