[0.000000] (-) TimerEvent: {}
[0.001105] (surveillance_logic) JobQueued: {'identifier': 'surveillance_logic', 'dependencies': OrderedDict()}
[0.001992] (surveillance_logic) JobStarted: {'identifier': 'surveillance_logic'}
[0.098726] (-) TimerEvent: {}
[0.199222] (-) TimerEvent: {}
[0.299904] (-) TimerEvent: {}
[0.400733] (-) TimerEvent: {}
[0.501355] (-) TimerEvent: {}
[0.601799] (-) TimerEvent: {}
[0.702108] (-) TimerEvent: {}
[0.802459] (-) TimerEvent: {}
[0.902841] (-) TimerEvent: {}
[1.003412] (-) TimerEvent: {}
[1.104602] (-) TimerEvent: {}
[1.204917] (-) TimerEvent: {}
[1.305255] (-) TimerEvent: {}
[1.405632] (-) TimerEvent: {}
[1.505950] (-) TimerEvent: {}
[1.606249] (-) TimerEvent: {}
[1.706583] (-) TimerEvent: {}
[1.806887] (-) TimerEvent: {}
[1.907222] (-) TimerEvent: {}
[2.007675] (-) TimerEvent: {}
[2.108028] (-) TimerEvent: {}
[2.208333] (-) TimerEvent: {}
[2.308721] (-) TimerEvent: {}
[2.409051] (-) TimerEvent: {}
[2.509422] (-) TimerEvent: {}
[2.609733] (-) TimerEvent: {}
[2.710031] (-) TimerEvent: {}
[2.810332] (-) TimerEvent: {}
[2.910671] (-) TimerEvent: {}
[3.010966] (-) TimerEvent: {}
[3.111265] (-) TimerEvent: {}
[3.211600] (-) TimerEvent: {}
[3.311987] (-) TimerEvent: {}
[3.412628] (-) TimerEvent: {}
[3.476840] (surveillance_logic) Command: {'cmd': ['/usr/bin/python3', '-W', 'ignore:setup.py install is deprecated', '-W', 'ignore:easy_install command is deprecated', 'setup.py', 'egg_info', '--egg-base', 'build/surveillance_logic', 'build', '--build-base', '/home/opencw/.openclaw/openclaw-ros/projects/05_surveillance_pro/src/surveillance_logic/build/surveillance_logic/build', 'install', '--record', '/home/opencw/.openclaw/openclaw-ros/projects/05_surveillance_pro/src/surveillance_logic/build/surveillance_logic/install.log', '--single-version-externally-managed', 'install_data'], 'cwd': '/home/opencw/.openclaw/openclaw-ros/projects/05_surveillance_pro/src/surveillance_logic', 'env': {'USER': 'opencw', 'OPENCLAW_SYSTEMD_UNIT': 'openclaw-gateway.service', 'SHLVL': '1', 'LD_LIBRARY_PATH': '/opt/ros/kilted/lib/aarch64-linux-gnu:/opt/ros/kilted/lib', 'VIPSHOME': '/target', 'HOME': '/home/opencw', 'OPENCLAW_GATEWAY_TOKEN': '7ea1fb367e0e502879fcb10db1a1366b776651c7d921334b', 'OLDPWD': '/home/opencw/.openclaw/workspace', 'ROS_PYTHON_VERSION': '3', 'GTK_MODULES': 'gail:atk-bridge', 'NODE_NO_WARNINGS': '1', 'MANAGERPID': '1557', 'SYSTEMD_EXEC_PID': '4964', 'GSM_SKIP_SSH_AGENT_WORKAROUND': 'true', 'DBUS_SESSION_BUS_ADDRESS': 'unix:path=/run/user/1000/bus', 'OPENCLAW_SERVICE_VERSION': '2026.2.9', 'ROS_DISTRO': 'kilted', 'LOGNAME': 'opencw', 'JOURNAL_STREAM': '8:37648', '_': '/usr/bin/colcon', 'ROS_VERSION': '2', 'MEMORY_PRESSURE_WATCH': '/sys/fs/cgroup/user.slice/user-1000.slice/user@1000.service/app.slice/openclaw-gateway.service/memory.pressure', 'PATH': '/opt/ros/kilted/bin:/usr/local/bin:/usr/bin:/bin:/home/opencw/.local/bin:/home/opencw/.npm-global/bin:/home/opencw/bin:/home/opencw/.nvm/current/bin:/home/opencw/.fnm/current/bin:/home/opencw/.volta/bin:/home/opencw/.asdf/shims:/home/opencw/.local/share/pnpm:/home/opencw/.bun/bin', 'INVOCATION_ID': 'da7fd63d257d4c74acec77a4bfb7e78c', 'XDG_RUNTIME_DIR': '/run/user/1000', 'LANG': 'C.UTF-8', 'OPENCLAW_GATEWAY_PORT': '18789', 'SSH_AUTH_SOCK': '/run/user/1000/gnupg/S.gpg-agent.ssh', 'AMENT_PREFIX_PATH': '/opt/ros/kilted', 'SHELL': '/usr/bin/zsh', 'QT_ACCESSIBILITY': '1', 'OPENCLAW_SERVICE_KIND': 'gateway', 'OPENCLAW_SERVICE_MARKER': 'openclaw', 'ROS_AUTOMATIC_DISCOVERY_RANGE': 'SUBNET', 'PWD': '/home/opencw/.openclaw/openclaw-ros/projects/05_surveillance_pro/src/surveillance_logic/build/surveillance_logic', 'XDG_DATA_DIRS': '/usr/local/share/:/usr/share/:/var/lib/snapd/desktop', 'PYTHONPATH': '/home/opencw/.openclaw/openclaw-ros/projects/05_surveillance_pro/src/surveillance_logic/build/surveillance_logic/prefix_override:/usr/lib/python3/dist-packages/colcon_core/task/python/colcon_distutils_commands:/home/opencw/.openclaw/openclaw-ros/projects/05_surveillance_pro/src/surveillance_logic/install/surveillance_logic/lib/python3.12/site-packages:/opt/ros/kilted/lib/python3.12/site-packages', 'COLCON': '1', 'MEMORY_PRESSURE_WRITE': 'c29tZSAyMDAwMDAgMjAwMDAwMAA=', 'OPENCLAW_PATH_BOOTSTRAPPED': '1'}, 'shell': False}
[3.512756] (-) TimerEvent: {}
[3.613055] (-) TimerEvent: {}
[3.713452] (-) TimerEvent: {}
[3.813755] (-) TimerEvent: {}
[3.914080] (-) TimerEvent: {}
[4.014434] (-) TimerEvent: {}
[4.114756] (-) TimerEvent: {}
[4.215071] (-) TimerEvent: {}
[4.315368] (-) TimerEvent: {}
[4.415732] (-) TimerEvent: {}
[4.516090] (-) TimerEvent: {}
[4.582795] (surveillance_logic) StdoutLine: {'line': b'running egg_info\n'}
[4.616250] (-) TimerEvent: {}
[4.660613] (surveillance_logic) StdoutLine: {'line': b'writing build/surveillance_logic/surveillance_logic.egg-info/PKG-INFO\n'}
[4.661736] (surveillance_logic) StdoutLine: {'line': b'writing dependency_links to build/surveillance_logic/surveillance_logic.egg-info/dependency_links.txt\n'}
[4.668422] (surveillance_logic) StdoutLine: {'line': b'writing requirements to build/surveillance_logic/surveillance_logic.egg-info/requires.txt\n'}
[4.669722] (surveillance_logic) StdoutLine: {'line': b'writing top-level names to build/surveillance_logic/surveillance_logic.egg-info/top_level.txt\n'}
[4.716467] (-) TimerEvent: {}
[4.816800] (-) TimerEvent: {}
[4.831327] (surveillance_logic) StdoutLine: {'line': b"reading manifest file 'build/surveillance_logic/surveillance_logic.egg-info/SOURCES.txt'\n"}
[4.832934] (surveillance_logic) StdoutLine: {'line': b"adding license file 'LICENSE'\n"}
[4.835367] (surveillance_logic) StdoutLine: {'line': b"writing manifest file 'build/surveillance_logic/surveillance_logic.egg-info/SOURCES.txt'\n"}
[4.853127] (surveillance_logic) StdoutLine: {'line': b'running build\n'}
[4.854462] (surveillance_logic) StdoutLine: {'line': b'running build_py\n'}
[4.857462] (surveillance_logic) StdoutLine: {'line': b'running install\n'}
[4.885924] (surveillance_logic) StdoutLine: {'line': b'running install_lib\n'}
[4.916990] (-) TimerEvent: {}
[4.966419] (surveillance_logic) StdoutLine: {'line': b'running install_data\n'}
[4.967137] (surveillance_logic) StdoutLine: {'line': b'running install_egg_info\n'}
[5.017177] (-) TimerEvent: {}
[5.050708] (surveillance_logic) StdoutLine: {'line': b"removing '/home/opencw/.openclaw/openclaw-ros/projects/05_surveillance_pro/src/surveillance_logic/install/surveillance_logic/lib/python3.12/site-packages/surveillance_logic-0.0.0-py3.12.egg-info' (and everything under it)\n"}
[5.052518] (surveillance_logic) StdoutLine: {'line': b'Copying build/surveillance_logic/surveillance_logic.egg-info to /home/opencw/.openclaw/openclaw-ros/projects/05_surveillance_pro/src/surveillance_logic/install/surveillance_logic/lib/python3.12/site-packages/surveillance_logic-0.0.0-py3.12.egg-info\n'}
[5.057812] (surveillance_logic) StdoutLine: {'line': b'running install_scripts\n'}
[5.117343] (-) TimerEvent: {}
[5.217739] (-) TimerEvent: {}
[5.318084] (-) TimerEvent: {}
[5.418456] (-) TimerEvent: {}
[5.518814] (-) TimerEvent: {}
[5.619178] (-) TimerEvent: {}
[5.624222] (surveillance_logic) StdoutLine: {'line': b"writing list of installed files to '/home/opencw/.openclaw/openclaw-ros/projects/05_surveillance_pro/src/surveillance_logic/build/surveillance_logic/install.log'\n"}
[5.719593] (-) TimerEvent: {}
[5.767710] (surveillance_logic) CommandEnded: {'returncode': 0}
[5.817777] (surveillance_logic) JobEnded: {'identifier': 'surveillance_logic', 'rc': 0}
[5.820681] (-) TimerEvent: {}
[5.820792] (-) EventReactorShutdown: {}
